

================================================================
== Vivado HLS Report for 'dft'
================================================================
* Date:           Fri Nov  9 19:54:57 2018

* Version:        2018.2 (Build 2258646 on Thu Jun 14 20:25:20 MDT 2018)
* Project:        hls
* Solution:       solution1
* Product family: zynq
* Target device:  xc7z020clg484-1


================================================================
== Performance Estimates
================================================================
+ Timing (ns): 
    * Summary: 
    +--------+-------+----------+------------+
    |  Clock | Target| Estimated| Uncertainty|
    +--------+-------+----------+------------+
    |ap_clk  |  10.00|     7.256|        1.25|
    +--------+-------+----------+------------+

+ Latency (clock cycles): 
    * Summary: 
    +-------+-------+-------+-------+---------+
    |    Latency    |    Interval   | Pipeline|
    |  min  |  max  |  min  |  max  |   Type  |
    +-------+-------+-------+-------+---------+
    |  66325|  66325|  66325|  66325|   none  |
    +-------+-------+-------+-------+---------+

    + Detail: 
        * Instance: 
        N/A

        * Loop: 
        +-------------------------+-------+-------+----------+-----------+-----------+-------+----------+
        |                         |    Latency    | Iteration|  Initiation Interval  |  Trip |          |
        |        Loop Name        |  min  |  max  |  Latency |  achieved |   target  | Count | Pipelined|
        +-------------------------+-------+-------+----------+-----------+-----------+-------+----------+
        |- memset_dft_real_local  |    255|    255|         1|          -|          -|    256|    no    |
        |- memset_dft_imag_local  |    255|    255|         1|          -|          -|    256|    no    |
        |- loop_out_loop_in       |  65552|  65552|        18|          1|          1|  65536|    yes   |
        |- loop_cpy_arr           |    257|    257|         3|          1|          1|    256|    yes   |
        +-------------------------+-------+-------+----------+-----------+-----------+-------+----------+



================================================================
== Utilization Estimates
================================================================
* Summary: 
+-----------------+---------+-------+--------+-------+
|       Name      | BRAM_18K| DSP48E|   FF   |  LUT  |
+-----------------+---------+-------+--------+-------+
|DSP              |        -|      -|       -|      -|
|Expression       |        -|      0|       0|    344|
|FIFO             |        -|      -|       -|      -|
|Instance         |        -|     20|    1392|   2844|
|Memory           |        6|      -|       0|      0|
|Multiplexer      |        -|      -|       -|    446|
|Register         |        0|      -|    1261|    192|
+-----------------+---------+-------+--------+-------+
|Total            |        6|     20|    2653|   3826|
+-----------------+---------+-------+--------+-------+
|Available        |      280|    220|  106400|  53200|
+-----------------+---------+-------+--------+-------+
|Utilization (%)  |        2|      9|       2|      7|
+-----------------+---------+-------+--------+-------+

+ Detail: 
    * Instance: 
    +-------------------------+----------------------+---------+-------+-----+-----+
    |         Instance        |        Module        | BRAM_18K| DSP48E|  FF | LUT |
    +-------------------------+----------------------+---------+-------+-----+-----+
    |dft_fadd_32ns_32neOg_U2  |dft_fadd_32ns_32neOg  |        0|      2|  205|  390|
    |dft_fadd_32ns_32neOg_U3  |dft_fadd_32ns_32neOg  |        0|      2|  205|  390|
    |dft_fadd_32ns_32neOg_U4  |dft_fadd_32ns_32neOg  |        0|      2|  205|  390|
    |dft_fmul_32ns_32nfYi_U5  |dft_fmul_32ns_32nfYi  |        0|      3|  143|  321|
    |dft_fmul_32ns_32nfYi_U6  |dft_fmul_32ns_32nfYi  |        0|      3|  143|  321|
    |dft_fmul_32ns_32nfYi_U7  |dft_fmul_32ns_32nfYi  |        0|      3|  143|  321|
    |dft_fmul_32ns_32nfYi_U8  |dft_fmul_32ns_32nfYi  |        0|      3|  143|  321|
    |dft_fsub_32ns_32ndEe_U1  |dft_fsub_32ns_32ndEe  |        0|      2|  205|  390|
    +-------------------------+----------------------+---------+-------+-----+-----+
    |Total                    |                      |        0|     20| 1392| 2844|
    +-------------------------+----------------------+---------+-------+-----+-----+

    * DSP48: 
    N/A

    * Memory: 
    +------------------------+----------------------+---------+---+----+------+-----+------+-------------+
    |         Memory         |        Module        | BRAM_18K| FF| LUT| Words| Bits| Banks| W*Bits*Banks|
    +------------------------+----------------------+---------+---+----+------+-----+------+-------------+
    |cos_coefficients_tab_U  |dft_cos_coefficiebkb  |        1|  0|   0|   256|   32|     1|         8192|
    |dft_real_local_U        |dft_dft_real_local    |        2|  0|   0|   256|   32|     1|         8192|
    |dft_imag_local_U        |dft_dft_real_local    |        2|  0|   0|   256|   32|     1|         8192|
    |sin_coefficients_tab_U  |dft_sin_coefficiecud  |        1|  0|   0|   256|   32|     1|         8192|
    +------------------------+----------------------+---------+---+----+------+-----+------+-------------+
    |Total                   |                      |        6|  0|   0|  1024|  128|     4|        32768|
    +------------------------+----------------------+---------+---+----+------+-----+------+-------------+

    * FIFO: 
    N/A

    * Expression: 
    +-------------------------------------+----------+-------+---+----+------------+------------+
    |            Variable Name            | Operation| DSP48E| FF| LUT| Bitwidth P0| Bitwidth P1|
    +-------------------------------------+----------+-------+---+----+------------+------------+
    |ind_fu_418_p2                        |     *    |      0|  0|  41|           8|           8|
    |indvar_flatten_next_fu_376_p2        |     +    |      0|  0|  24|          17|           1|
    |indvarinc8_fu_353_p2                 |     +    |      0|  0|  15|           8|           1|
    |indvarinc_fu_336_p2                  |     +    |      0|  0|  15|           8|           1|
    |k_1_fu_454_p2                        |     +    |      0|  0|  15|           9|           1|
    |n_s_fu_396_p2                        |     +    |      0|  0|  15|           1|           9|
    |w_1_fu_424_p2                        |     +    |      0|  0|  15|           1|           9|
    |ap_block_pp0_stage0_11001            |    and   |      0|  0|   2|           1|           1|
    |ap_block_pp1_stage0_01001            |    and   |      0|  0|   2|           1|           1|
    |dft_imag_data_1_load_A               |    and   |      0|  0|   2|           1|           1|
    |dft_imag_data_1_load_B               |    and   |      0|  0|   2|           1|           1|
    |dft_imag_last_V_1_load_A             |    and   |      0|  0|   2|           1|           1|
    |dft_imag_last_V_1_load_B             |    and   |      0|  0|   2|           1|           1|
    |dft_real_data_1_load_A               |    and   |      0|  0|   2|           1|           1|
    |dft_real_data_1_load_B               |    and   |      0|  0|   2|           1|           1|
    |dft_real_last_V_1_load_A             |    and   |      0|  0|   2|           1|           1|
    |dft_real_last_V_1_load_B             |    and   |      0|  0|   2|           1|           1|
    |imag_sample_data_0_load_A            |    and   |      0|  0|   2|           1|           1|
    |imag_sample_data_0_load_B            |    and   |      0|  0|   2|           1|           1|
    |imag_sample_last_V_0_load_A          |    and   |      0|  0|   2|           1|           1|
    |imag_sample_last_V_0_load_B          |    and   |      0|  0|   2|           1|           1|
    |real_sample_data_0_load_A            |    and   |      0|  0|   2|           1|           1|
    |real_sample_data_0_load_B            |    and   |      0|  0|   2|           1|           1|
    |real_sample_last_V_0_load_A          |    and   |      0|  0|   2|           1|           1|
    |real_sample_last_V_0_load_B          |    and   |      0|  0|   2|           1|           1|
    |dft_imag_data_1_state_cmp_full       |   icmp   |      0|  0|   8|           2|           1|
    |dft_imag_last_V_1_state_cmp_full     |   icmp   |      0|  0|   8|           2|           1|
    |dft_real_data_1_state_cmp_full       |   icmp   |      0|  0|   8|           2|           1|
    |dft_real_last_V_1_state_cmp_full     |   icmp   |      0|  0|   8|           2|           1|
    |exitcond1_fu_382_p2                  |   icmp   |      0|  0|  13|           9|          10|
    |exitcond_flatten_fu_370_p2           |   icmp   |      0|  0|  18|          17|          18|
    |exitcond_fu_448_p2                   |   icmp   |      0|  0|  13|           9|          10|
    |imag_sample_data_0_state_cmp_full    |   icmp   |      0|  0|   8|           2|           1|
    |imag_sample_last_V_0_state_cmp_full  |   icmp   |      0|  0|   8|           2|           1|
    |real_sample_data_0_state_cmp_full    |   icmp   |      0|  0|   8|           2|           1|
    |real_sample_last_V_0_state_cmp_full  |   icmp   |      0|  0|   8|           2|           1|
    |tmp_1_fu_347_p2                      |   icmp   |      0|  0|  11|           8|           2|
    |tmp_3_fu_364_p2                      |   icmp   |      0|  0|  11|           8|           2|
    |ap_block_pp1_stage0_11001            |    or    |      0|  0|   2|           1|           1|
    |ap_block_state24_io                  |    or    |      0|  0|   2|           1|           1|
    |ap_block_state24_pp1_stage0_iter1    |    or    |      0|  0|   2|           1|           1|
    |ap_block_state25_io                  |    or    |      0|  0|   2|           1|           1|
    |ap_block_state26                     |    or    |      0|  0|   2|           1|           1|
    |ap_block_state5_pp0_stage0_iter1     |    or    |      0|  0|   2|           1|           1|
    |n_cast4_mid2_v_fu_402_p3             |  select  |      0|  0|   9|           1|           9|
    |w_mid2_fu_388_p3                     |  select  |      0|  0|   9|           1|           1|
    |ap_enable_pp0                        |    xor   |      0|  0|   2|           1|           2|
    |ap_enable_pp1                        |    xor   |      0|  0|   2|           1|           2|
    |ap_enable_reg_pp0_iter1              |    xor   |      0|  0|   2|           2|           1|
    |ap_enable_reg_pp1_iter1              |    xor   |      0|  0|   2|           2|           1|
    +-------------------------------------+----------+-------+---+----+------------+------------+
    |Total                                |          |      0|  0| 344|         151|         120|
    +-------------------------------------+----------+-------+---+----+------------+------------+

    * Multiplexer: 
    +-------------------------------+----+-----------+-----+-----------+
    |              Name             | LUT| Input Size| Bits| Total Bits|
    +-------------------------------+----+-----------+-----+-----------+
    |ap_NS_fsm                      |  41|          8|    1|          8|
    |ap_enable_reg_pp0_iter1        |   9|          2|    1|          2|
    |ap_enable_reg_pp0_iter17       |   9|          2|    1|          2|
    |ap_enable_reg_pp1_iter1        |   9|          2|    1|          2|
    |ap_enable_reg_pp1_iter2        |   9|          2|    1|          2|
    |ap_phi_mux_n_phi_fu_261_p4     |   9|          2|    9|         18|
    |dft_imag_TDATA_blk_n           |   9|          2|    1|          2|
    |dft_imag_data_1_data_out       |   9|          2|   32|         64|
    |dft_imag_data_1_state          |  15|          3|    2|          6|
    |dft_imag_last_V_1_data_out     |   9|          2|    1|          2|
    |dft_imag_last_V_1_state        |  15|          3|    2|          6|
    |dft_imag_local_address0        |  15|          3|    8|         24|
    |dft_imag_local_address1        |  15|          3|    8|         24|
    |dft_real_TDATA_blk_n           |   9|          2|    1|          2|
    |dft_real_data_1_data_out       |   9|          2|   32|         64|
    |dft_real_data_1_state          |  15|          3|    2|          6|
    |dft_real_last_V_1_data_out     |   9|          2|    1|          2|
    |dft_real_last_V_1_state        |  15|          3|    2|          6|
    |dft_real_local_address0        |  15|          3|    8|         24|
    |dft_real_local_address1        |  15|          3|    8|         24|
    |imag_sample_TDATA_blk_n        |   9|          2|    1|          2|
    |imag_sample_data_0_data_out    |   9|          2|   32|         64|
    |imag_sample_data_0_state       |  15|          3|    2|          6|
    |imag_sample_last_V_0_data_out  |   9|          2|    1|          2|
    |imag_sample_last_V_0_state     |  15|          3|    2|          6|
    |indvar_flatten_reg_246         |   9|          2|   17|         34|
    |invdar7_reg_235                |   9|          2|    8|         16|
    |invdar_reg_224                 |   9|          2|    8|         16|
    |k_reg_279                      |   9|          2|    9|         18|
    |n_reg_257                      |   9|          2|    9|         18|
    |real_sample_TDATA_blk_n        |   9|          2|    1|          2|
    |real_sample_data_0_data_out    |   9|          2|   32|         64|
    |real_sample_data_0_state       |  15|          3|    2|          6|
    |real_sample_last_V_0_data_out  |   9|          2|    1|          2|
    |real_sample_last_V_0_state     |  15|          3|    2|          6|
    |reg_322                        |   9|          2|   32|         64|
    |reg_329                        |   9|          2|   32|         64|
    |w_reg_268                      |   9|          2|    9|         18|
    +-------------------------------+----+-----------+-----+-----------+
    |Total                          | 446|         94|  322|        698|
    +-------------------------------+----+-----------+-----+-----------+

    * Register: 
    +--------------------------------+----+----+-----+-----------+
    |              Name              | FF | LUT| Bits| Const Bits|
    +--------------------------------+----+----+-----+-----------+
    |ap_CS_fsm                       |   7|   0|    7|          0|
    |ap_enable_reg_pp0_iter0         |   1|   0|    1|          0|
    |ap_enable_reg_pp0_iter1         |   1|   0|    1|          0|
    |ap_enable_reg_pp0_iter10        |   1|   0|    1|          0|
    |ap_enable_reg_pp0_iter11        |   1|   0|    1|          0|
    |ap_enable_reg_pp0_iter12        |   1|   0|    1|          0|
    |ap_enable_reg_pp0_iter13        |   1|   0|    1|          0|
    |ap_enable_reg_pp0_iter14        |   1|   0|    1|          0|
    |ap_enable_reg_pp0_iter15        |   1|   0|    1|          0|
    |ap_enable_reg_pp0_iter16        |   1|   0|    1|          0|
    |ap_enable_reg_pp0_iter17        |   1|   0|    1|          0|
    |ap_enable_reg_pp0_iter2         |   1|   0|    1|          0|
    |ap_enable_reg_pp0_iter3         |   1|   0|    1|          0|
    |ap_enable_reg_pp0_iter4         |   1|   0|    1|          0|
    |ap_enable_reg_pp0_iter5         |   1|   0|    1|          0|
    |ap_enable_reg_pp0_iter6         |   1|   0|    1|          0|
    |ap_enable_reg_pp0_iter7         |   1|   0|    1|          0|
    |ap_enable_reg_pp0_iter8         |   1|   0|    1|          0|
    |ap_enable_reg_pp0_iter9         |   1|   0|    1|          0|
    |ap_enable_reg_pp1_iter0         |   1|   0|    1|          0|
    |ap_enable_reg_pp1_iter1         |   1|   0|    1|          0|
    |ap_enable_reg_pp1_iter2         |   1|   0|    1|          0|
    |cos_coefficients_tab_2_reg_544  |  32|   0|   32|          0|
    |dft_imag_data_1_payload_A       |  32|   0|   32|          0|
    |dft_imag_data_1_payload_B       |  32|   0|   32|          0|
    |dft_imag_data_1_sel_rd          |   1|   0|    1|          0|
    |dft_imag_data_1_sel_wr          |   1|   0|    1|          0|
    |dft_imag_data_1_state           |   2|   0|    2|          0|
    |dft_imag_last_V_1_payload_A     |   1|   0|    1|          0|
    |dft_imag_last_V_1_payload_B     |   1|   0|    1|          0|
    |dft_imag_last_V_1_sel_rd        |   1|   0|    1|          0|
    |dft_imag_last_V_1_sel_wr        |   1|   0|    1|          0|
    |dft_imag_last_V_1_state         |   2|   0|    2|          0|
    |dft_imag_local_addr_2_reg_582   |   8|   0|    8|          0|
    |dft_real_data_1_payload_A       |  32|   0|   32|          0|
    |dft_real_data_1_payload_B       |  32|   0|   32|          0|
    |dft_real_data_1_sel_rd          |   1|   0|    1|          0|
    |dft_real_data_1_sel_wr          |   1|   0|    1|          0|
    |dft_real_data_1_state           |   2|   0|    2|          0|
    |dft_real_last_V_1_payload_A     |   1|   0|    1|          0|
    |dft_real_last_V_1_payload_B     |   1|   0|    1|          0|
    |dft_real_last_V_1_sel_rd        |   1|   0|    1|          0|
    |dft_real_last_V_1_sel_wr        |   1|   0|    1|          0|
    |dft_real_last_V_1_state         |   2|   0|    2|          0|
    |dft_real_local_addr_2_reg_576   |   8|   0|    8|          0|
    |exitcond_flatten_reg_493        |   1|   0|    1|          0|
    |exitcond_reg_608                |   1|   0|    1|          0|
    |exitcond_reg_608_pp1_iter1_reg  |   1|   0|    1|          0|
    |imag_sample_data_0_payload_A    |  32|   0|   32|          0|
    |imag_sample_data_0_payload_B    |  32|   0|   32|          0|
    |imag_sample_data_0_sel_rd       |   1|   0|    1|          0|
    |imag_sample_data_0_sel_wr       |   1|   0|    1|          0|
    |imag_sample_data_0_state        |   2|   0|    2|          0|
    |imag_sample_data_val_reg_538    |  32|   0|   32|          0|
    |imag_sample_last_V_0_payload_A  |   1|   0|    1|          0|
    |imag_sample_last_V_0_payload_B  |   1|   0|    1|          0|
    |imag_sample_last_V_0_sel_rd     |   1|   0|    1|          0|
    |imag_sample_last_V_0_sel_wr     |   1|   0|    1|          0|
    |imag_sample_last_V_0_state      |   2|   0|    2|          0|
    |ind_reg_512                     |   8|   0|    8|          0|
    |indvar_flatten_reg_246          |  17|   0|   17|          0|
    |invdar7_reg_235                 |   8|   0|    8|          0|
    |invdar_reg_224                  |   8|   0|    8|          0|
    |k_reg_279                       |   9|   0|    9|          0|
    |n_cast4_mid2_v_reg_507          |   9|   0|    9|          0|
    |n_reg_257                       |   9|   0|    9|          0|
    |real_sample_data_0_payload_A    |  32|   0|   32|          0|
    |real_sample_data_0_payload_B    |  32|   0|   32|          0|
    |real_sample_data_0_sel_rd       |   1|   0|    1|          0|
    |real_sample_data_0_sel_wr       |   1|   0|    1|          0|
    |real_sample_data_0_state        |   2|   0|    2|          0|
    |real_sample_data_val_reg_527    |  32|   0|   32|          0|
    |real_sample_last_V_0_payload_A  |   1|   0|    1|          0|
    |real_sample_last_V_0_payload_B  |   1|   0|    1|          0|
    |real_sample_last_V_0_sel_rd     |   1|   0|    1|          0|
    |real_sample_last_V_0_sel_wr     |   1|   0|    1|          0|
    |real_sample_last_V_0_state      |   2|   0|    2|          0|
    |reg_322                         |  32|   0|   32|          0|
    |reg_329                         |  32|   0|   32|          0|
    |sin_coefficients_tab_2_reg_550  |  32|   0|   32|          0|
    |tmp_10_reg_598                  |  32|   0|   32|          0|
    |tmp_11_reg_566                  |  32|   0|   32|          0|
    |tmp_12_reg_571                  |  32|   0|   32|          0|
    |tmp_13_reg_593                  |  32|   0|   32|          0|
    |tmp_14_reg_603                  |  32|   0|   32|          0|
    |tmp_6_reg_556                   |  32|   0|   32|          0|
    |tmp_7_reg_561                   |  32|   0|   32|          0|
    |tmp_9_reg_588                   |  32|   0|   32|          0|
    |w_mid2_reg_502                  |   9|   0|    9|          0|
    |w_reg_268                       |   9|   0|    9|          0|
    |dft_imag_local_addr_2_reg_582   |  64|  32|    8|          0|
    |dft_real_local_addr_2_reg_576   |  64|  32|    8|          0|
    |exitcond_flatten_reg_493        |  64|  32|    1|          0|
    |imag_sample_data_val_reg_538    |  64|  32|   32|          0|
    |real_sample_data_val_reg_527    |  64|  32|   32|          0|
    |w_mid2_reg_502                  |  64|  32|    9|          0|
    +--------------------------------+----+----+-----+-----------+
    |Total                           |1261| 192|  967|          0|
    +--------------------------------+----+----+-----+-----------+



================================================================
== Interface
================================================================
* Summary: 
+--------------------+-----+-----+------------+--------------------+--------------+
|      RTL Ports     | Dir | Bits|  Protocol  |    Source Object   |    C Type    |
+--------------------+-----+-----+------------+--------------------+--------------+
|ap_clk              |  in |    1| ap_ctrl_hs |         dft        | return value |
|ap_rst_n            |  in |    1| ap_ctrl_hs |         dft        | return value |
|ap_start            |  in |    1| ap_ctrl_hs |         dft        | return value |
|ap_done             | out |    1| ap_ctrl_hs |         dft        | return value |
|ap_idle             | out |    1| ap_ctrl_hs |         dft        | return value |
|ap_ready            | out |    1| ap_ctrl_hs |         dft        | return value |
|real_sample_TDATA   |  in |   32|    axis    |  real_sample_data  |    pointer   |
|real_sample_TVALID  |  in |    1|    axis    | real_sample_last_V |    pointer   |
|real_sample_TREADY  | out |    1|    axis    | real_sample_last_V |    pointer   |
|real_sample_TLAST   |  in |    1|    axis    | real_sample_last_V |    pointer   |
|imag_sample_TDATA   |  in |   32|    axis    |  imag_sample_data  |    pointer   |
|imag_sample_TVALID  |  in |    1|    axis    | imag_sample_last_V |    pointer   |
|imag_sample_TREADY  | out |    1|    axis    | imag_sample_last_V |    pointer   |
|imag_sample_TLAST   |  in |    1|    axis    | imag_sample_last_V |    pointer   |
|dft_real_TDATA      | out |   32|    axis    |    dft_real_data   |    pointer   |
|dft_real_TVALID     | out |    1|    axis    |   dft_real_last_V  |    pointer   |
|dft_real_TREADY     |  in |    1|    axis    |   dft_real_last_V  |    pointer   |
|dft_real_TLAST      | out |    1|    axis    |   dft_real_last_V  |    pointer   |
|dft_imag_TDATA      | out |   32|    axis    |    dft_imag_data   |    pointer   |
|dft_imag_TVALID     | out |    1|    axis    |   dft_imag_last_V  |    pointer   |
|dft_imag_TREADY     |  in |    1|    axis    |   dft_imag_last_V  |    pointer   |
|dft_imag_TLAST      | out |    1|    axis    |   dft_imag_last_V  |    pointer   |
+--------------------+-----+-----+------------+--------------------+--------------+

