

================================================================
== Vivado HLS Report for 'dft'
================================================================
* Date:           Fri Nov  9 00:42:05 2018

* Version:        2018.2 (Build 2258646 on Thu Jun 14 20:25:20 MDT 2018)
* Project:        hls
* Solution:       solution1
* Product family: zynq
* Target device:  xc7z020clg484-1


================================================================
== Performance Estimates
================================================================
+ Timing (ns): 
    * Summary: 
    +--------+-------+----------+------------+
    |  Clock | Target| Estimated| Uncertainty|
    +--------+-------+----------+------------+
    |ap_clk  |  10.00|     8.111|        1.25|
    +--------+-------+----------+------------+

+ Latency (clock cycles): 
    * Summary: 
    +---------+---------+---------+---------+---------+
    |      Latency      |      Interval     | Pipeline|
    |   min   |   max   |   min   |   max   |   Type  |
    +---------+---------+---------+---------+---------+
    |  1084428|  1084428|  1084428|  1084428|   none  |
    +---------+---------+---------+---------+---------+

    + Detail: 
        * Instance: 
        N/A

        * Loop: 
        +-------------------------+---------+---------+----------+-----------+-----------+------+----------+
        |                         |      Latency      | Iteration|  Initiation Interval  | Trip |          |
        |        Loop Name        |   min   |   max   |  Latency |  achieved |   target  | Count| Pipelined|
        +-------------------------+---------+---------+----------+-----------+-----------+------+----------+
        |- memset_dft_real_local  |     1023|     1023|         1|          -|          -|  1024|    no    |
        |- memset_dft_imag_local  |     1023|     1023|         1|          -|          -|  1024|    no    |
        |- memset_temp_real       |        3|        3|         1|          -|          -|     4|    no    |
        |- memset_temp_imag       |        3|        3|         1|          -|          -|     4|    no    |
        |- loop_out               |  1081344|  1081344|      1056|          -|          -|  1024|    no    |
        | + loop_cpy_temp         |       12|       12|         3|          -|          -|     4|    no    |
        | + loop_in               |     1040|     1040|        21|          3|          1|   341|    yes   |
        |- loop_cpy_arr           |     1025|     1025|         3|          1|          1|  1024|    yes   |
        +-------------------------+---------+---------+----------+-----------+-----------+------+----------+



================================================================
== Utilization Estimates
================================================================
* Summary: 
+-----------------+---------+-------+--------+-------+
|       Name      | BRAM_18K| DSP48E|   FF   |  LUT  |
+-----------------+---------+-------+--------+-------+
|DSP              |        -|      3|       -|      -|
|Expression       |        -|      -|       0|    779|
|FIFO             |        -|      -|       -|      -|
|Instance         |        -|     20|    1392|   2844|
|Memory           |        8|      -|       0|      0|
|Multiplexer      |        -|      -|       -|   1016|
|Register         |        0|      -|    2674|    288|
+-----------------+---------+-------+--------+-------+
|Total            |        8|     23|    4066|   4927|
+-----------------+---------+-------+--------+-------+
|Available        |      280|    220|  106400|  53200|
+-----------------+---------+-------+--------+-------+
|Utilization (%)  |        2|     10|       3|      9|
+-----------------+---------+-------+--------+-------+

+ Detail: 
    * Instance: 
    +-------------------------+----------------------+---------+-------+-----+-----+
    |         Instance        |        Module        | BRAM_18K| DSP48E|  FF | LUT |
    +-------------------------+----------------------+---------+-------+-----+-----+
    |dft_fadd_32ns_32neOg_U2  |dft_fadd_32ns_32neOg  |        0|      2|  205|  390|
    |dft_fadd_32ns_32neOg_U3  |dft_fadd_32ns_32neOg  |        0|      2|  205|  390|
    |dft_fadd_32ns_32neOg_U4  |dft_fadd_32ns_32neOg  |        0|      2|  205|  390|
    |dft_fmul_32ns_32nfYi_U5  |dft_fmul_32ns_32nfYi  |        0|      3|  143|  321|
    |dft_fmul_32ns_32nfYi_U6  |dft_fmul_32ns_32nfYi  |        0|      3|  143|  321|
    |dft_fmul_32ns_32nfYi_U7  |dft_fmul_32ns_32nfYi  |        0|      3|  143|  321|
    |dft_fmul_32ns_32nfYi_U8  |dft_fmul_32ns_32nfYi  |        0|      3|  143|  321|
    |dft_fsub_32ns_32ndEe_U1  |dft_fsub_32ns_32ndEe  |        0|      2|  205|  390|
    +-------------------------+----------------------+---------+-------+-----+-----+
    |Total                    |                      |        0|     20| 1392| 2844|
    +-------------------------+----------------------+---------+-------+-----+-----+

    * DSP48: 
    +--------------------------+----------------------+-----------+
    |         Instance         |        Module        | Expression|
    +--------------------------+----------------------+-----------+
    |dft_mul_mul_10s_1g8j_U9   |dft_mul_mul_10s_1g8j  |  i0 * i1  |
    |dft_mul_mul_10s_1g8j_U10  |dft_mul_mul_10s_1g8j  |  i0 * i1  |
    |dft_mul_mul_10s_1g8j_U11  |dft_mul_mul_10s_1g8j  |  i0 * i1  |
    +--------------------------+----------------------+-----------+

    * Memory: 
    +------------------------+----------------------+---------+---+----+------+-----+------+-------------+
    |         Memory         |        Module        | BRAM_18K| FF| LUT| Words| Bits| Banks| W*Bits*Banks|
    +------------------------+----------------------+---------+---+----+------+-----+------+-------------+
    |cos_coefficients_tab_U  |dft_cos_coefficiebkb  |        2|  0|   0|  1024|   32|     1|        32768|
    |dft_real_local_U        |dft_dft_real_local    |        2|  0|   0|  1024|   32|     1|        32768|
    |dft_imag_local_U        |dft_dft_real_local    |        2|  0|   0|  1024|   32|     1|        32768|
    |sin_coefficients_tab_U  |dft_sin_coefficiecud  |        2|  0|   0|  1024|   32|     1|        32768|
    +------------------------+----------------------+---------+---+----+------+-----+------+-------------+
    |Total                   |                      |        8|  0|   0|  4096|  128|     4|       131072|
    +------------------------+----------------------+---------+---+----+------+-----+------+-------------+

    * FIFO: 
    N/A

    * Expression: 
    +-------------------------------------+----------+-------+---+----+------------+------------+
    |            Variable Name            | Operation| DSP48E| FF| LUT| Bitwidth P0| Bitwidth P1|
    +-------------------------------------+----------+-------+---+----+------------+------------+
    |a_1_fu_786_p2                        |     +    |      0|  0|  12|           3|           1|
    |indvarinc1_fu_516_p2                 |     +    |      0|  0|  14|          10|           1|
    |indvarinc2_fu_542_p2                 |     +    |      0|  0|  10|           2|           1|
    |indvarinc3_fu_644_p2                 |     +    |      0|  0|  10|           2|           1|
    |indvarinc_fu_499_p2                  |     +    |      0|  0|  14|          10|           1|
    |k_1_fu_935_p2                        |     +    |      0|  0|  13|          11|           1|
    |n_1_fu_770_p2                        |     +    |      0|  0|  13|          11|           1|
    |tmp_10_1_fu_962_p0                   |     +    |      0|  0|  14|          10|           1|
    |tmp_10_2_cast_fu_967_p0              |     +    |      0|  0|  14|          10|           2|
    |w_1_2_fu_878_p2                      |     +    |      0|  0|  14|          10|           2|
    |w_1_fu_843_p2                        |     +    |      0|  0|  13|          11|           1|
    |ap_block_pp1_stage0_01001            |    and   |      0|  0|   2|           1|           1|
    |dft_imag_data_1_load_A               |    and   |      0|  0|   2|           1|           1|
    |dft_imag_data_1_load_B               |    and   |      0|  0|   2|           1|           1|
    |dft_imag_last_V_1_load_A             |    and   |      0|  0|   2|           1|           1|
    |dft_imag_last_V_1_load_B             |    and   |      0|  0|   2|           1|           1|
    |dft_real_data_1_load_A               |    and   |      0|  0|   2|           1|           1|
    |dft_real_data_1_load_B               |    and   |      0|  0|   2|           1|           1|
    |dft_real_last_V_1_load_A             |    and   |      0|  0|   2|           1|           1|
    |dft_real_last_V_1_load_B             |    and   |      0|  0|   2|           1|           1|
    |imag_sample_data_0_load_A            |    and   |      0|  0|   2|           1|           1|
    |imag_sample_data_0_load_B            |    and   |      0|  0|   2|           1|           1|
    |imag_sample_last_V_0_load_A          |    and   |      0|  0|   2|           1|           1|
    |imag_sample_last_V_0_load_B          |    and   |      0|  0|   2|           1|           1|
    |real_sample_data_0_load_A            |    and   |      0|  0|   2|           1|           1|
    |real_sample_data_0_load_B            |    and   |      0|  0|   2|           1|           1|
    |real_sample_last_V_0_load_A          |    and   |      0|  0|   2|           1|           1|
    |real_sample_last_V_0_load_B          |    and   |      0|  0|   2|           1|           1|
    |dft_imag_data_1_state_cmp_full       |   icmp   |      0|  0|   8|           2|           1|
    |dft_imag_last_V_1_state_cmp_full     |   icmp   |      0|  0|   8|           2|           1|
    |dft_real_data_1_state_cmp_full       |   icmp   |      0|  0|   8|           2|           1|
    |dft_real_last_V_1_state_cmp_full     |   icmp   |      0|  0|   8|           2|           1|
    |exitcond4_1_fu_849_p2                |   icmp   |      0|  0|  13|          11|          12|
    |exitcond5_fu_780_p2                  |   icmp   |      0|  0|   9|           3|           4|
    |exitcond6_fu_764_p2                  |   icmp   |      0|  0|  13|          11|          12|
    |exitcond_fu_929_p2                   |   icmp   |      0|  0|  13|          11|          12|
    |imag_sample_data_0_state_cmp_full    |   icmp   |      0|  0|   8|           2|           1|
    |imag_sample_last_V_0_state_cmp_full  |   icmp   |      0|  0|   8|           2|           1|
    |real_sample_data_0_state_cmp_full    |   icmp   |      0|  0|   8|           2|           1|
    |real_sample_last_V_0_state_cmp_full  |   icmp   |      0|  0|   8|           2|           1|
    |tmp_10_fu_576_p2                     |   icmp   |      0|  0|   9|           2|           3|
    |tmp_12_fu_650_p2                     |   icmp   |      0|  0|   8|           2|           1|
    |tmp_14_fu_664_p2                     |   icmp   |      0|  0|   8|           2|           1|
    |tmp_16_fu_678_p2                     |   icmp   |      0|  0|   9|           2|           3|
    |tmp_1_fu_510_p2                      |   icmp   |      0|  0|  13|          10|           2|
    |tmp_3_fu_527_p2                      |   icmp   |      0|  0|  13|          10|           2|
    |tmp_4_fu_548_p2                      |   icmp   |      0|  0|   8|           2|           1|
    |tmp_5_fu_614_p2                      |   icmp   |      0|  0|   8|           2|           2|
    |tmp_7_fu_716_p2                      |   icmp   |      0|  0|   8|           2|           2|
    |tmp_s_fu_562_p2                      |   icmp   |      0|  0|   8|           2|           1|
    |ap_block_pp1_stage0_11001            |    or    |      0|  0|   2|           1|           1|
    |ap_block_state33_io                  |    or    |      0|  0|   2|           1|           1|
    |ap_block_state33_pp1_stage0_iter1    |    or    |      0|  0|   2|           1|           1|
    |ap_block_state34_io                  |    or    |      0|  0|   2|           1|           1|
    |ap_block_state35                     |    or    |      0|  0|   2|           1|           1|
    |temp_imag_0_1_fu_684_p3              |  select  |      0|  0|  32|           1|          32|
    |temp_imag_1_1_fu_700_p3              |  select  |      0|  0|  32|           1|          32|
    |temp_imag_2_1_fu_708_p3              |  select  |      0|  0|  32|           1|           1|
    |temp_real_0_1_fu_582_p3              |  select  |      0|  0|  32|           1|          32|
    |temp_real_1_1_fu_598_p3              |  select  |      0|  0|  32|           1|          32|
    |temp_real_2_1_fu_606_p3              |  select  |      0|  0|  32|           1|           1|
    |tmp_11_fu_590_p3                     |  select  |      0|  0|  32|           1|           1|
    |tmp_13_fu_656_p3                     |  select  |      0|  0|  32|           1|           1|
    |tmp_15_fu_670_p3                     |  select  |      0|  0|  32|           1|          32|
    |tmp_17_fu_692_p3                     |  select  |      0|  0|  32|           1|           1|
    |tmp_6_fu_554_p3                      |  select  |      0|  0|  32|           1|           1|
    |tmp_8_fu_568_p3                      |  select  |      0|  0|  32|           1|          32|
    |ap_enable_pp0                        |    xor   |      0|  0|   2|           1|           2|
    |ap_enable_pp1                        |    xor   |      0|  0|   2|           1|           2|
    |ap_enable_reg_pp1_iter1              |    xor   |      0|  0|   2|           2|           1|
    +-------------------------------------+----------+-------+---+----+------------+------------+
    |Total                                |          |      0|  0| 779|         216|         304|
    +-------------------------------------+----------+-------+---+----+------------+------------+

    * Multiplexer: 
    +-------------------------------+----+-----------+-----+-----------+
    |              Name             | LUT| Input Size| Bits| Total Bits|
    +-------------------------------+----+-----------+-----+-----------+
    |a_reg_407                      |   9|          2|    3|          6|
    |ap_NS_fsm                      |  65|         16|    1|         16|
    |ap_enable_reg_pp0_iter5        |   9|          2|    1|          2|
    |ap_enable_reg_pp0_iter6        |  15|          3|    1|          3|
    |ap_enable_reg_pp1_iter1        |   9|          2|    1|          2|
    |ap_enable_reg_pp1_iter2        |   9|          2|    1|          2|
    |ap_phi_mux_w_phi_fu_422_p4     |   9|          2|   10|         20|
    |cos_coefficients_tab_address0  |  21|          4|   10|         40|
    |dft_imag_TDATA_blk_n           |   9|          2|    1|          2|
    |dft_imag_data_1_data_out       |   9|          2|   32|         64|
    |dft_imag_data_1_state          |  15|          3|    2|          6|
    |dft_imag_last_V_1_data_out     |   9|          2|    1|          2|
    |dft_imag_last_V_1_state        |  15|          3|    2|          6|
    |dft_imag_local_address0        |  27|          5|   10|         50|
    |dft_imag_local_address1        |  27|          5|   10|         50|
    |dft_imag_local_d0              |  21|          4|   32|        128|
    |dft_real_TDATA_blk_n           |   9|          2|    1|          2|
    |dft_real_data_1_data_out       |   9|          2|   32|         64|
    |dft_real_data_1_state          |  15|          3|    2|          6|
    |dft_real_last_V_1_data_out     |   9|          2|    1|          2|
    |dft_real_last_V_1_state        |  15|          3|    2|          6|
    |dft_real_local_address0        |  27|          5|   10|         50|
    |dft_real_local_address1        |  27|          5|   10|         50|
    |dft_real_local_d0              |  21|          4|   32|        128|
    |grp_fu_441_p0                  |  21|          4|   32|        128|
    |grp_fu_441_p1                  |  21|          4|   32|        128|
    |grp_fu_445_p0                  |  21|          4|   32|        128|
    |grp_fu_445_p1                  |  21|          4|   32|        128|
    |grp_fu_449_p0                  |  21|          4|   32|        128|
    |grp_fu_449_p1                  |  21|          4|   32|        128|
    |grp_fu_453_p0                  |  21|          4|   32|        128|
    |grp_fu_453_p1                  |  21|          4|   32|        128|
    |grp_fu_457_p0                  |  21|          4|   32|        128|
    |grp_fu_457_p1                  |  21|          4|   32|        128|
    |grp_fu_461_p0                  |  21|          4|   32|        128|
    |grp_fu_461_p1                  |  21|          4|   32|        128|
    |grp_fu_465_p0                  |  21|          4|   32|        128|
    |grp_fu_465_p1                  |  21|          4|   32|        128|
    |grp_fu_469_p0                  |  21|          4|   32|        128|
    |grp_fu_469_p1                  |  21|          4|   32|        128|
    |imag_sample_TDATA_blk_n        |   9|          2|    1|          2|
    |imag_sample_data_0_data_out    |   9|          2|   32|         64|
    |imag_sample_data_0_state       |  15|          3|    2|          6|
    |imag_sample_last_V_0_data_out  |   9|          2|    1|          2|
    |imag_sample_last_V_0_state     |  15|          3|    2|          6|
    |invdar1_reg_374                |   9|          2|    2|          4|
    |invdar2_reg_385                |   9|          2|    2|          4|
    |invdar9_reg_363                |   9|          2|   10|         20|
    |invdar_reg_352                 |   9|          2|   10|         20|
    |k_reg_430                      |   9|          2|   11|         22|
    |n_reg_396                      |   9|          2|   11|         22|
    |real_sample_TDATA_blk_n        |   9|          2|    1|          2|
    |real_sample_data_0_data_out    |   9|          2|   32|         64|
    |real_sample_data_0_state       |  15|          3|    2|          6|
    |real_sample_last_V_0_data_out  |   9|          2|    1|          2|
    |real_sample_last_V_0_state     |  15|          3|    2|          6|
    |reg_473                        |   9|          2|   32|         64|
    |reg_480                        |   9|          2|   32|         64|
    |sin_coefficients_tab_address0  |  21|          4|   10|         40|
    |temp_imag_2_1_9_fu_160         |   9|          2|   32|         64|
    |temp_imag_2_2_fu_164           |   9|          2|   32|         64|
    |temp_imag_2_8_fu_156           |   9|          2|   32|         64|
    |temp_real_2_1_7_fu_148         |   9|          2|   32|         64|
    |temp_real_2_2_fu_152           |   9|          2|   32|         64|
    |temp_real_2_6_fu_144           |   9|          2|   32|         64|
    |w_reg_418                      |   9|          2|   10|         20|
    +-------------------------------+----+-----------+-----+-----------+
    |Total                          |1016|        207| 1118|       3579|
    +-------------------------------+----+-----------+-----+-----------+

    * Register: 
    +---------------------------------+----+----+-----+-----------+
    |               Name              | FF | LUT| Bits| Const Bits|
    +---------------------------------+----+----+-----+-----------+
    |a_1_reg_1117                     |   3|   0|    3|          0|
    |a_reg_407                        |   3|   0|    3|          0|
    |ap_CS_fsm                        |  15|   0|   15|          0|
    |ap_enable_reg_pp0_iter0          |   1|   0|    1|          0|
    |ap_enable_reg_pp0_iter1          |   1|   0|    1|          0|
    |ap_enable_reg_pp0_iter2          |   1|   0|    1|          0|
    |ap_enable_reg_pp0_iter3          |   1|   0|    1|          0|
    |ap_enable_reg_pp0_iter4          |   1|   0|    1|          0|
    |ap_enable_reg_pp0_iter5          |   1|   0|    1|          0|
    |ap_enable_reg_pp0_iter6          |   1|   0|    1|          0|
    |ap_enable_reg_pp1_iter0          |   1|   0|    1|          0|
    |ap_enable_reg_pp1_iter1          |   1|   0|    1|          0|
    |ap_enable_reg_pp1_iter2          |   1|   0|    1|          0|
    |cos_coefficients_tab_2_reg_1155  |  32|   0|   32|          0|
    |cos_coefficients_tab_4_reg_1216  |  32|   0|   32|          0|
    |cos_coefficients_tab_6_reg_1250  |  32|   0|   32|          0|
    |dft_imag_data_1_payload_A        |  32|   0|   32|          0|
    |dft_imag_data_1_payload_B        |  32|   0|   32|          0|
    |dft_imag_data_1_sel_rd           |   1|   0|    1|          0|
    |dft_imag_data_1_sel_wr           |   1|   0|    1|          0|
    |dft_imag_data_1_state            |   2|   0|    2|          0|
    |dft_imag_last_V_1_payload_A      |   1|   0|    1|          0|
    |dft_imag_last_V_1_payload_B      |   1|   0|    1|          0|
    |dft_imag_last_V_1_sel_rd         |   1|   0|    1|          0|
    |dft_imag_last_V_1_sel_wr         |   1|   0|    1|          0|
    |dft_imag_last_V_1_state          |   2|   0|    2|          0|
    |dft_imag_local_addr_2_reg_1173   |  10|   0|   10|          0|
    |dft_imag_local_addr_3_reg_1340   |  10|   0|   10|          0|
    |dft_imag_local_addr_4_reg_1362   |  10|   0|   10|          0|
    |dft_imag_local_load_2_reg_1351   |  32|   0|   32|          0|
    |dft_imag_local_load_3_reg_1383   |  32|   0|   32|          0|
    |dft_real_data_1_payload_A        |  32|   0|   32|          0|
    |dft_real_data_1_payload_B        |  32|   0|   32|          0|
    |dft_real_data_1_sel_rd           |   1|   0|    1|          0|
    |dft_real_data_1_sel_wr           |   1|   0|    1|          0|
    |dft_real_data_1_state            |   2|   0|    2|          0|
    |dft_real_last_V_1_payload_A      |   1|   0|    1|          0|
    |dft_real_last_V_1_payload_B      |   1|   0|    1|          0|
    |dft_real_last_V_1_sel_rd         |   1|   0|    1|          0|
    |dft_real_last_V_1_sel_wr         |   1|   0|    1|          0|
    |dft_real_last_V_1_state          |   2|   0|    2|          0|
    |dft_real_local_addr_2_reg_1167   |  10|   0|   10|          0|
    |dft_real_local_addr_3_reg_1334   |  10|   0|   10|          0|
    |dft_real_local_addr_4_reg_1356   |  10|   0|   10|          0|
    |dft_real_local_load_2_reg_1346   |  32|   0|   32|          0|
    |dft_real_local_load_3_reg_1378   |  32|   0|   32|          0|
    |exitcond4_1_reg_1146             |   1|   0|    1|          0|
    |exitcond_reg_1418                |   1|   0|    1|          0|
    |exitcond_reg_1418_pp1_iter1_reg  |   1|   0|    1|          0|
    |imag_sample_data_0_payload_A     |  32|   0|   32|          0|
    |imag_sample_data_0_payload_B     |  32|   0|   32|          0|
    |imag_sample_data_0_sel_rd        |   1|   0|    1|          0|
    |imag_sample_data_0_sel_wr        |   1|   0|    1|          0|
    |imag_sample_data_0_state         |   2|   0|    2|          0|
    |imag_sample_last_V_0_payload_A   |   1|   0|    1|          0|
    |imag_sample_last_V_0_payload_B   |   1|   0|    1|          0|
    |imag_sample_last_V_0_sel_rd      |   1|   0|    1|          0|
    |imag_sample_last_V_0_sel_wr      |   1|   0|    1|          0|
    |imag_sample_last_V_0_state       |   2|   0|    2|          0|
    |invdar1_reg_374                  |   2|   0|    2|          0|
    |invdar2_reg_385                  |   2|   0|    2|          0|
    |invdar9_reg_363                  |  10|   0|   10|          0|
    |invdar_reg_352                   |  10|   0|   10|          0|
    |k_reg_430                        |  11|   0|   11|          0|
    |n_1_reg_1101                     |  11|   0|   11|          0|
    |n_reg_396                        |  11|   0|   11|          0|
    |real_sample_data_0_payload_A     |  32|   0|   32|          0|
    |real_sample_data_0_payload_B     |  32|   0|   32|          0|
    |real_sample_data_0_sel_rd        |   1|   0|    1|          0|
    |real_sample_data_0_sel_wr        |   1|   0|    1|          0|
    |real_sample_data_0_state         |   2|   0|    2|          0|
    |real_sample_last_V_0_payload_A   |   1|   0|    1|          0|
    |real_sample_last_V_0_payload_B   |   1|   0|    1|          0|
    |real_sample_last_V_0_sel_rd      |   1|   0|    1|          0|
    |real_sample_last_V_0_sel_wr      |   1|   0|    1|          0|
    |real_sample_last_V_0_state       |   2|   0|    2|          0|
    |reg_473                          |  32|   0|   32|          0|
    |reg_480                          |  32|   0|   32|          0|
    |reg_487                          |  32|   0|   32|          0|
    |reg_493                          |  32|   0|   32|          0|
    |sin_coefficients_tab_2_reg_1161  |  32|   0|   32|          0|
    |sin_coefficients_tab_4_reg_1222  |  32|   0|   32|          0|
    |sin_coefficients_tab_6_reg_1256  |  32|   0|   32|          0|
    |temp_imag_1_fu_136               |  32|   0|   32|          0|
    |temp_imag_2_1_9_fu_160           |  32|   0|   32|          0|
    |temp_imag_2_2_fu_164             |  32|   0|   32|          0|
    |temp_imag_2_8_fu_156             |  32|   0|   32|          0|
    |temp_imag_2_fu_140               |  32|   0|   32|          0|
    |temp_imag_fu_132                 |  32|   0|   32|          0|
    |temp_real_0_1_reg_1011           |  32|   0|   32|          0|
    |temp_real_1_1_reg_1016           |  32|   0|   32|          0|
    |temp_real_1_fu_124               |  32|   0|   32|          0|
    |temp_real_2_1_7_fu_148           |  32|   0|   32|          0|
    |temp_real_2_1_reg_1021           |  32|   0|   32|          0|
    |temp_real_2_2_fu_152             |  32|   0|   32|          0|
    |temp_real_2_6_fu_144             |  32|   0|   32|          0|
    |temp_real_2_fu_128               |  32|   0|   32|          0|
    |temp_real_fu_120                 |  32|   0|   32|          0|
    |tmp_10_1_reg_1150                |  10|   0|   10|          0|
    |tmp_10_2_cast_reg_1194           |  10|   0|   10|          0|
    |tmp_14_1_reg_1294                |  32|   0|   32|          0|
    |tmp_14_2_reg_1314                |  32|   0|   32|          0|
    |tmp_15_1_reg_1299                |  32|   0|   32|          0|
    |tmp_15_2_reg_1319                |  32|   0|   32|          0|
    |tmp_16_1_reg_1388                |  32|   0|   32|          0|
    |tmp_16_2_reg_1398                |  32|   0|   32|          0|
    |tmp_18_2_reg_1408                |  32|   0|   32|          0|
    |tmp_19_1_reg_1304                |  32|   0|   32|          0|
    |tmp_19_2_reg_1324                |  32|   0|   32|          0|
    |tmp_20_1_reg_1309                |  32|   0|   32|          0|
    |tmp_20_2_reg_1329                |  32|   0|   32|          0|
    |tmp_21_1_reg_1393                |  32|   0|   32|          0|
    |tmp_21_2_reg_1403                |  32|   0|   32|          0|
    |tmp_21_cast_reg_1126             |  10|   0|   10|          0|
    |tmp_22_2_reg_1413                |  32|   0|   32|          0|
    |tmp_22_reg_1274                  |  32|   0|   32|          0|
    |tmp_23_reg_1279                  |  32|   0|   32|          0|
    |tmp_24_reg_1368                  |  32|   0|   32|          0|
    |tmp_27_reg_1284                  |  32|   0|   32|          0|
    |tmp_28_reg_1289                  |  32|   0|   32|          0|
    |tmp_29_reg_1373                  |  32|   0|   32|          0|
    |tmp_31_reg_1106                  |  10|   0|   10|          0|
    |tmp_32_reg_1122                  |   2|   0|    2|          0|
    |w_1_1_reg_1189                   |  10|   0|   10|          0|
    |w_1_2_reg_1199                   |  10|   0|   10|          0|
    |w_1_reg_1141                     |  11|   0|   11|          0|
    |w_reg_418                        |  10|   0|   10|          0|
    |dft_imag_local_addr_2_reg_1173   |  64|  32|   10|          0|
    |dft_imag_local_addr_3_reg_1340   |  64|  32|   10|          0|
    |dft_imag_local_addr_4_reg_1362   |  64|  32|   10|          0|
    |dft_real_local_addr_2_reg_1167   |  64|  32|   10|          0|
    |dft_real_local_addr_3_reg_1334   |  64|  32|   10|          0|
    |dft_real_local_addr_4_reg_1356   |  64|  32|   10|          0|
    |exitcond4_1_reg_1146             |  64|  32|    1|          0|
    |w_1_1_reg_1189                   |  64|  32|   10|          0|
    |w_1_reg_1141                     |  64|  32|   11|          0|
    +---------------------------------+----+----+-----+-----------+
    |Total                            |2674| 288| 2180|          0|
    +---------------------------------+----+----+-----+-----------+



================================================================
== Interface
================================================================
* Summary: 
+--------------------+-----+-----+------------+--------------------+--------------+
|      RTL Ports     | Dir | Bits|  Protocol  |    Source Object   |    C Type    |
+--------------------+-----+-----+------------+--------------------+--------------+
|ap_clk              |  in |    1| ap_ctrl_hs |         dft        | return value |
|ap_rst_n            |  in |    1| ap_ctrl_hs |         dft        | return value |
|ap_start            |  in |    1| ap_ctrl_hs |         dft        | return value |
|ap_done             | out |    1| ap_ctrl_hs |         dft        | return value |
|ap_idle             | out |    1| ap_ctrl_hs |         dft        | return value |
|ap_ready            | out |    1| ap_ctrl_hs |         dft        | return value |
|real_sample_TDATA   |  in |   32|    axis    |  real_sample_data  |    pointer   |
|real_sample_TVALID  |  in |    1|    axis    | real_sample_last_V |    pointer   |
|real_sample_TREADY  | out |    1|    axis    | real_sample_last_V |    pointer   |
|real_sample_TLAST   |  in |    1|    axis    | real_sample_last_V |    pointer   |
|imag_sample_TDATA   |  in |   32|    axis    |  imag_sample_data  |    pointer   |
|imag_sample_TVALID  |  in |    1|    axis    | imag_sample_last_V |    pointer   |
|imag_sample_TREADY  | out |    1|    axis    | imag_sample_last_V |    pointer   |
|imag_sample_TLAST   |  in |    1|    axis    | imag_sample_last_V |    pointer   |
|dft_real_TDATA      | out |   32|    axis    |    dft_real_data   |    pointer   |
|dft_real_TVALID     | out |    1|    axis    |   dft_real_last_V  |    pointer   |
|dft_real_TREADY     |  in |    1|    axis    |   dft_real_last_V  |    pointer   |
|dft_real_TLAST      | out |    1|    axis    |   dft_real_last_V  |    pointer   |
|dft_imag_TDATA      | out |   32|    axis    |    dft_imag_data   |    pointer   |
|dft_imag_TVALID     | out |    1|    axis    |   dft_imag_last_V  |    pointer   |
|dft_imag_TREADY     |  in |    1|    axis    |   dft_imag_last_V  |    pointer   |
|dft_imag_TLAST      | out |    1|    axis    |   dft_imag_last_V  |    pointer   |
+--------------------+-----+-----+------------+--------------------+--------------+

