

================================================================
== Vivado HLS Report for 'fir'
================================================================
* Date:           Fri Oct 12 16:11:44 2018

* Version:        2018.2 (Build 2258646 on Thu Jun 14 20:25:20 MDT 2018)
* Project:        fir_prj
* Solution:       solution1
* Product family: zynq
* Target device:  xc7z020clg400-1


================================================================
== Performance Estimates
================================================================
+ Timing (ns): 
    * Summary: 
    +--------+-------+----------+------------+
    |  Clock | Target| Estimated| Uncertainty|
    +--------+-------+----------+------------+
    |ap_clk  |  10.00|     8.510|        1.25|
    +--------+-------+----------+------------+

+ Latency (clock cycles): 
    * Summary: 
    +-----+-----+-----+-----+---------+
    |  Latency  |  Interval | Pipeline|
    | min | max | min | max |   Type  |
    +-----+-----+-----+-----+---------+
    |   42|   42|   42|   42|   none  |
    +-----+-----+-----+-----+---------+

    + Detail: 
        * Instance: 
        N/A

        * Loop: 
        +----------+-----+-----+----------+-----------+-----------+------+----------+
        |          |  Latency  | Iteration|  Initiation Interval  | Trip |          |
        | Loop Name| min | max |  Latency |  achieved |   target  | Count| Pipelined|
        +----------+-----+-----+----------+-----------+-----------+------+----------+
        |- Loop 1  |   40|   40|         4|          -|          -|    10|    no    |
        +----------+-----+-----+----------+-----------+-----------+------+----------+



================================================================
== Utilization Estimates
================================================================
* Summary: 
+-----------------+---------+-------+--------+-------+
|       Name      | BRAM_18K| DSP48E|   FF   |  LUT  |
+-----------------+---------+-------+--------+-------+
|DSP              |        -|      -|       -|      -|
|Expression       |        -|      6|       0|    140|
|FIFO             |        -|      -|       -|      -|
|Instance         |        0|      -|     112|    168|
|Memory           |        0|      -|      74|      8|
|Multiplexer      |        -|      -|       -|     92|
|Register         |        -|      -|     188|      -|
+-----------------+---------+-------+--------+-------+
|Total            |        0|      6|     374|    408|
+-----------------+---------+-------+--------+-------+
|Available        |      280|    220|  106400|  53200|
+-----------------+---------+-------+--------+-------+
|Utilization (%)  |        0|      2|   ~0   |   ~0  |
+-----------------+---------+-------+--------+-------+

+ Detail: 
    * Instance: 
    +--------------------+------------------+---------+-------+-----+-----+
    |      Instance      |      Module      | BRAM_18K| DSP48E|  FF | LUT |
    +--------------------+------------------+---------+-------+-----+-----+
    |fir_mul_io_s_axi_U  |fir_mul_io_s_axi  |        0|      0|  112|  168|
    +--------------------+------------------+---------+-------+-----+-----+
    |Total               |                  |        0|      0|  112|  168|
    +--------------------+------------------+---------+-------+-----+-----+

    * DSP48: 
    N/A

    * Memory: 
    +--------+----------+---------+----+----+------+-----+------+-------------+
    | Memory |  Module  | BRAM_18K| FF | LUT| Words| Bits| Banks| W*Bits*Banks|
    +--------+----------+---------+----+----+------+-----+------+-------------+
    |buff_U  |fir_buff  |        0|  64|   6|    11|   32|     1|          352|
    |c1_U    |fir_c1    |        0|  10|   2|    11|   10|     1|          110|
    +--------+----------+---------+----+----+------+-----+------+-------------+
    |Total   |          |        0|  74|   8|    22|   42|     2|          462|
    +--------+----------+---------+----+----+------+-----+------+-------------+

    * FIFO: 
    N/A

    * Expression: 
    +-----------------+----------+-------+---+----+------------+------------+
    |  Variable Name  | Operation| DSP48E| FF| LUT| Bitwidth P0| Bitwidth P1|
    +-----------------+----------+-------+---+----+------------+------------+
    |tmp_4_fu_146_p2  |     *    |      3|  0|  20|          32|          10|
    |tmp_6_fu_138_p2  |     *    |      3|  0|  20|          32|           6|
    |k_1_fu_122_p2    |     +    |      0|  0|  13|           4|           2|
    |tmp_5_fu_151_p2  |     +    |      0|  0|  39|          32|          32|
    |y                |     +    |      0|  0|  39|          32|          32|
    |tmp_fu_116_p2    |   icmp   |      0|  0|   9|           4|           1|
    +-----------------+----------+-------+---+----+------------+------------+
    |Total            |          |      6|  0| 140|         136|          83|
    +-----------------+----------+-------+---+----+------------+------------+

    * Multiplexer: 
    +-----------------+----+-----------+-----+-----------+
    |       Name      | LUT| Input Size| Bits| Total Bits|
    +-----------------+----+-----------+-----+-----------+
    |ap_NS_fsm        |  38|          7|    1|          7|
    |buff_address0    |  21|          4|    4|         16|
    |buff_d0          |  15|          3|   32|         96|
    |k_reg_105        |   9|          2|    4|          8|
    |y_load_1_reg_93  |   9|          2|   32|         64|
    +-----------------+----+-----------+-----+-----------+
    |Total            |  92|         18|   73|        191|
    +-----------------+----+-----------+-----+-----------+

    * Register: 
    +-------------------+----+----+-----+-----------+
    |        Name       | FF | LUT| Bits| Const Bits|
    +-------------------+----+----+-----+-----------+
    |ap_CS_fsm          |   6|   0|    6|          0|
    |buff_load_reg_196  |  32|   0|   32|          0|
    |c1_load_reg_201    |  10|   0|   10|          0|
    |k_1_reg_171        |   4|   0|    4|          0|
    |k_reg_105          |   4|   0|    4|          0|
    |tmp_3_reg_181      |   4|   0|   64|         60|
    |tmp_4_reg_206      |  32|   0|   32|          0|
    |tmp_6_reg_191      |  32|   0|   32|          0|
    |x_read_reg_162     |  32|   0|   32|          0|
    |y_load_1_reg_93    |  32|   0|   32|          0|
    +-------------------+----+----+-----+-----------+
    |Total              | 188|   0|  248|         60|
    +-------------------+----+----+-----+-----------+



================================================================
== Interface
================================================================
* Summary: 
+----------------------+-----+-----+------------+--------------+--------------+
|       RTL Ports      | Dir | Bits|  Protocol  | Source Object|    C Type    |
+----------------------+-----+-----+------------+--------------+--------------+
|s_axi_mul_io_AWVALID  |  in |    1|    s_axi   |    mul_io    |    scalar    |
|s_axi_mul_io_AWREADY  | out |    1|    s_axi   |    mul_io    |    scalar    |
|s_axi_mul_io_AWADDR   |  in |    5|    s_axi   |    mul_io    |    scalar    |
|s_axi_mul_io_WVALID   |  in |    1|    s_axi   |    mul_io    |    scalar    |
|s_axi_mul_io_WREADY   | out |    1|    s_axi   |    mul_io    |    scalar    |
|s_axi_mul_io_WDATA    |  in |   32|    s_axi   |    mul_io    |    scalar    |
|s_axi_mul_io_WSTRB    |  in |    4|    s_axi   |    mul_io    |    scalar    |
|s_axi_mul_io_ARVALID  |  in |    1|    s_axi   |    mul_io    |    scalar    |
|s_axi_mul_io_ARREADY  | out |    1|    s_axi   |    mul_io    |    scalar    |
|s_axi_mul_io_ARADDR   |  in |    5|    s_axi   |    mul_io    |    scalar    |
|s_axi_mul_io_RVALID   | out |    1|    s_axi   |    mul_io    |    scalar    |
|s_axi_mul_io_RREADY   |  in |    1|    s_axi   |    mul_io    |    scalar    |
|s_axi_mul_io_RDATA    | out |   32|    s_axi   |    mul_io    |    scalar    |
|s_axi_mul_io_RRESP    | out |    2|    s_axi   |    mul_io    |    scalar    |
|s_axi_mul_io_BVALID   | out |    1|    s_axi   |    mul_io    |    scalar    |
|s_axi_mul_io_BREADY   |  in |    1|    s_axi   |    mul_io    |    scalar    |
|s_axi_mul_io_BRESP    | out |    2|    s_axi   |    mul_io    |    scalar    |
|ap_clk                |  in |    1| ap_ctrl_hs |      fir     | return value |
|ap_rst_n              |  in |    1| ap_ctrl_hs |      fir     | return value |
|interrupt             | out |    1| ap_ctrl_hs |      fir     | return value |
+----------------------+-----+-----+------------+--------------+--------------+

