

================================================================
== Vivado HLS Report for 'dft1'
================================================================
* Date:           Fri Nov  9 20:05:34 2018

* Version:        2017.1 (Build 1846317 on Thu Jun 22 18:17:09 MDT 2017)
* Project:        hls
* Solution:       solution1
* Product family: zynq
* Target device:  xc7z020clg484-1


================================================================
== Performance Estimates
================================================================
+ Timing (ns): 
    * Summary: 
    +--------+-------+----------+------------+
    |  Clock | Target| Estimated| Uncertainty|
    +--------+-------+----------+------------+
    |ap_clk  |  10.00|      7.42|        1.25|
    +--------+-------+----------+------------+

+ Latency (clock cycles): 
    * Summary: 
    +--------+--------+--------+--------+---------+
    |     Latency     |     Interval    | Pipeline|
    |   min  |   max  |   min  |   max  |   Type  |
    +--------+--------+--------+--------+---------+
    |  557313|  557313|  557313|  557313|   none  |
    +--------+--------+--------+--------+---------+

    + Detail: 
        * Instance: 
        N/A

        * Loop: 
        +-------------+--------+--------+----------+-----------+-----------+------+----------+
        |             |     Latency     | Iteration|  Initiation Interval  | Trip |          |
        |  Loop Name  |   min  |   max  |  Latency |  achieved |   target  | Count| Pipelined|
        +-------------+--------+--------+----------+-----------+-----------+------+----------+
        |- loop_out1  |  557312|  557312|      4354|          -|          -|   128|    no    |
        | + loop_in1  |    4352|    4352|        17|          -|          -|   256|    no    |
        +-------------+--------+--------+----------+-----------+-----------+------+----------+



================================================================
== Utilization Estimates
================================================================
* Summary: 
+-----------------+---------+-------+--------+-------+
|       Name      | BRAM_18K| DSP48E|   FF   |  LUT  |
+-----------------+---------+-------+--------+-------+
|DSP              |        -|      -|       -|      -|
|Expression       |        -|      0|       0|    106|
|FIFO             |        -|      -|       -|      -|
|Instance         |        -|     16|     982|   2064|
|Memory           |        2|      -|       0|      0|
|Multiplexer      |        -|      -|       -|    199|
|Register         |        -|      -|     470|      -|
+-----------------+---------+-------+--------+-------+
|Total            |        2|     16|    1452|   2369|
+-----------------+---------+-------+--------+-------+
|Available        |      280|    220|  106400|  53200|
+-----------------+---------+-------+--------+-------+
|Utilization (%)  |    ~0   |      7|       1|      4|
+-----------------+---------+-------+--------+-------+

+ Detail: 
    * Instance: 
    +-------------------------+----------------------+---------+-------+-----+-----+
    |         Instance        |        Module        | BRAM_18K| DSP48E|  FF | LUT |
    +-------------------------+----------------------+---------+-------+-----+-----+
    |top_fadd_32ns_32neOg_U1  |top_fadd_32ns_32neOg  |        0|      2|  205|  390|
    |top_faddfsub_32nsdEe_U0  |top_faddfsub_32nsdEe  |        0|      2|  205|  390|
    |top_fmul_32ns_32nfYi_U2  |top_fmul_32ns_32nfYi  |        0|      3|  143|  321|
    |top_fmul_32ns_32nfYi_U3  |top_fmul_32ns_32nfYi  |        0|      3|  143|  321|
    |top_fmul_32ns_32nfYi_U4  |top_fmul_32ns_32nfYi  |        0|      3|  143|  321|
    |top_fmul_32ns_32nfYi_U5  |top_fmul_32ns_32nfYi  |        0|      3|  143|  321|
    +-------------------------+----------------------+---------+-------+-----+-----+
    |Total                    |                      |        0|     16|  982| 2064|
    +-------------------------+----------------------+---------+-------+-----+-----+

    * DSP48: 
    N/A

    * Memory: 
    +--------------------------+----------------------+---------+---+----+------+-----+------+-------------+
    |          Memory          |        Module        | BRAM_18K| FF| LUT| Words| Bits| Banks| W*Bits*Banks|
    +--------------------------+----------------------+---------+---+----+------+-----+------+-------------+
    |cos_coefficients_tab_1_U  |dft1_cos_coefficibkb  |        1|  0|   0|   256|   32|     1|         8192|
    |sin_coefficients_tab_1_U  |dft1_sin_coefficicud  |        1|  0|   0|   256|   32|     1|         8192|
    +--------------------------+----------------------+---------+---+----+------+-----+------+-------------+
    |Total                     |                      |        2|  0|   0|   512|   64|     2|        16384|
    +--------------------------+----------------------+---------+---+----+------+-----+------+-------------+

    * FIFO: 
    N/A

    * Expression: 
    +---------------------+----------+-------+---+----+------------+------------+
    |    Variable Name    | Operation| DSP48E| FF| LUT| Bitwidth P0| Bitwidth P1|
    +---------------------+----------+-------+---+----+------------+------------+
    |ind_fu_209_p2        |     *    |      0|  0|  41|           8|           8|
    |n_2_fu_181_p2        |     +    |      0|  0|  15|           8|           1|
    |w_3_fu_203_p2        |     +    |      0|  0|  16|           1|           9|
    |exitcond1_fu_175_p2  |   icmp   |      0|  0|  13|           8|           9|
    |exitcond_fu_197_p2   |   icmp   |      0|  0|  13|           9|          10|
    |ap_block_state1      |    or    |      0|  0|   8|           1|           1|
    +---------------------+----------+-------+---+----+------------+------------+
    |Total                |          |      0|  0| 106|          35|          38|
    +---------------------+----------+-------+---+----+------------+------------+

    * Multiplexer: 
    +-------------------+----+-----------+-----+-----------+
    |        Name       | LUT| Input Size| Bits| Total Bits|
    +-------------------+----+-----------+-----+-----------+
    |ap_NS_fsm          |  97|         20|    1|         20|
    |ap_done            |   9|          2|    1|          2|
    |grp_fu_133_opcode  |  15|          3|    2|          6|
    |grp_fu_133_p0      |  15|          3|   32|         96|
    |grp_fu_133_p1      |  15|          3|   32|         96|
    |grp_fu_137_p0      |  15|          3|   32|         96|
    |grp_fu_137_p1      |  15|          3|   32|         96|
    |n_reg_110          |   9|          2|    8|         16|
    |w_reg_122          |   9|          2|    9|         18|
    +-------------------+----+-----------+-----+-----------+
    |Total              | 199|         41|  149|        446|
    +-------------------+----+-----------+-----+-----------+

    * Register: 
    +--------------------------------+----+----+-----+-----------+
    |              Name              | FF | LUT| Bits| Const Bits|
    +--------------------------------+----+----+-----+-----------+
    |ap_CS_fsm                       |  19|   0|   19|          0|
    |ap_done_reg                     |   1|   0|    1|          0|
    |cos_coefficients_tab_3_reg_267  |  32|   0|   32|          0|
    |dft_imag_addr_reg_262           |   8|   0|    8|          0|
    |dft_imag_load_reg_316           |  32|   0|   32|          0|
    |dft_real_addr_reg_257           |   8|   0|    8|          0|
    |dft_real_load_reg_311           |  32|   0|   32|          0|
    |imag_sample_addr_reg_234        |   8|   0|    8|          0|
    |imag_sample_load_reg_285        |  32|   0|   32|          0|
    |n_2_reg_224                     |   8|   0|    8|          0|
    |n_reg_110                       |   8|   0|    8|          0|
    |real_sample_addr_reg_229        |   8|   0|    8|          0|
    |real_sample_load_reg_273        |  32|   0|   32|          0|
    |reg_157                         |  32|   0|   32|          0|
    |reg_163                         |  32|   0|   32|          0|
    |sin_coefficients_tab_3_reg_279  |  32|   0|   32|          0|
    |tmp_1_reg_296                   |  32|   0|   32|          0|
    |tmp_4_reg_301                   |  32|   0|   32|          0|
    |tmp_5_reg_306                   |  32|   0|   32|          0|
    |tmp_s_reg_291                   |  32|   0|   32|          0|
    |w_3_reg_242                     |   9|   0|    9|          0|
    |w_reg_122                       |   9|   0|    9|          0|
    +--------------------------------+----+----+-----+-----------+
    |Total                           | 470|   0|  470|          0|
    +--------------------------------+----+----+-----+-----------+



================================================================
== Interface
================================================================
* Summary: 
+----------------------+-----+-----+------------+--------------+--------------+
|       RTL Ports      | Dir | Bits|  Protocol  | Source Object|    C Type    |
+----------------------+-----+-----+------------+--------------+--------------+
|ap_clk                |  in |    1| ap_ctrl_hs |     dft1     | return value |
|ap_rst                |  in |    1| ap_ctrl_hs |     dft1     | return value |
|ap_start              |  in |    1| ap_ctrl_hs |     dft1     | return value |
|ap_done               | out |    1| ap_ctrl_hs |     dft1     | return value |
|ap_continue           |  in |    1| ap_ctrl_hs |     dft1     | return value |
|ap_idle               | out |    1| ap_ctrl_hs |     dft1     | return value |
|ap_ready              | out |    1| ap_ctrl_hs |     dft1     | return value |
|real_sample_address0  | out |    8|  ap_memory |  real_sample |     array    |
|real_sample_ce0       | out |    1|  ap_memory |  real_sample |     array    |
|real_sample_q0        |  in |   32|  ap_memory |  real_sample |     array    |
|imag_sample_address0  | out |    8|  ap_memory |  imag_sample |     array    |
|imag_sample_ce0       | out |    1|  ap_memory |  imag_sample |     array    |
|imag_sample_q0        |  in |   32|  ap_memory |  imag_sample |     array    |
|dft_real_address0     | out |    8|  ap_memory |   dft_real   |     array    |
|dft_real_ce0          | out |    1|  ap_memory |   dft_real   |     array    |
|dft_real_we0          | out |    1|  ap_memory |   dft_real   |     array    |
|dft_real_d0           | out |   32|  ap_memory |   dft_real   |     array    |
|dft_real_q0           |  in |   32|  ap_memory |   dft_real   |     array    |
|dft_imag_address0     | out |    8|  ap_memory |   dft_imag   |     array    |
|dft_imag_ce0          | out |    1|  ap_memory |   dft_imag   |     array    |
|dft_imag_we0          | out |    1|  ap_memory |   dft_imag   |     array    |
|dft_imag_d0           | out |   32|  ap_memory |   dft_imag   |     array    |
|dft_imag_q0           |  in |   32|  ap_memory |   dft_imag   |     array    |
+----------------------+-----+-----+------------+--------------+--------------+

