

================================================================
== Vivado HLS Report for 'cordiccart2pol'
================================================================
* Date:           Thu Oct 25 20:52:37 2018

* Version:        2018.2 (Build 2258646 on Thu Jun 14 20:25:20 MDT 2018)
* Project:        cordiccart2pol
* Solution:       solution1
* Product family: zynq
* Target device:  xc7z020clg400-1


================================================================
== Performance Estimates
================================================================
+ Timing (ns): 
    * Summary: 
    +--------+-------+----------+------------+
    |  Clock | Target| Estimated| Uncertainty|
    +--------+-------+----------+------------+
    |ap_clk  |  10.00|     8.745|        1.25|
    +--------+-------+----------+------------+

+ Latency (clock cycles): 
    * Summary: 
    +-----+-----+-----+-----+---------+
    |  Latency  |  Interval | Pipeline|
    | min | max | min | max |   Type  |
    +-----+-----+-----+-----+---------+
    |   22|   25|   22|   25|   none  |
    +-----+-----+-----+-----+---------+

    + Detail: 
        * Instance: 
        N/A

        * Loop: 
        N/A



================================================================
== Utilization Estimates
================================================================
* Summary: 
+-----------------+---------+-------+--------+-------+
|       Name      | BRAM_18K| DSP48E|   FF   |  LUT  |
+-----------------+---------+-------+--------+-------+
|DSP              |        -|      -|       -|      -|
|Expression       |        -|      3|      80|   6677|
|FIFO             |        -|      -|       -|      -|
|Instance         |        -|      0|     804|   1786|
|Memory           |        -|      -|       -|      -|
|Multiplexer      |        -|      -|       -|    630|
|Register         |        -|      -|    2466|      -|
+-----------------+---------+-------+--------+-------+
|Total            |        0|      3|    3350|   9093|
+-----------------+---------+-------+--------+-------+
|Available        |      280|    220|  106400|  53200|
+-----------------+---------+-------+--------+-------+
|Utilization (%)  |        0|      1|       3|     17|
+-----------------+---------+-------+--------+-------+

+ Detail: 
    * Instance: 
    +-------------------------+----------------------+---------+-------+-----+-----+
    |         Instance        |        Module        | BRAM_18K| DSP48E|  FF | LUT |
    +-------------------------+----------------------+---------+-------+-----+-----+
    |cordiccart2pol_fcdEe_U4  |cordiccart2pol_fcdEe  |        0|      0|   66|  239|
    |cordiccart2pol_fcdEe_U5  |cordiccart2pol_fcdEe  |        0|      0|   66|  239|
    |cordiccart2pol_fcdEe_U6  |cordiccart2pol_fcdEe  |        0|      0|   66|  239|
    |cordiccart2pol_fcdEe_U7  |cordiccart2pol_fcdEe  |        0|      0|   66|  239|
    |cordiccart2pol_fpcud_U2  |cordiccart2pol_fpcud  |        0|      0|  100|  138|
    |cordiccart2pol_fpcud_U3  |cordiccart2pol_fpcud  |        0|      0|  100|  138|
    |cordiccart2pol_uibkb_U1  |cordiccart2pol_uibkb  |        0|      0|  340|  554|
    +-------------------------+----------------------+---------+-------+-----+-----+
    |Total                    |                      |        0|      0|  804| 1786|
    +-------------------------+----------------------+---------+-------+-----+-----+

    * DSP48: 
    N/A

    * Memory: 
    N/A

    * FIFO: 
    N/A

    * Expression: 
    +---------------------------------+----------+-------+----+-----+------------+------------+
    |          Variable Name          | Operation| DSP48E| FF | LUT | Bitwidth P0| Bitwidth P1|
    +---------------------------------+----------+-------+----+-----+------------+------------+
    |mul_fu_3336_p2                   |     *    |      3|   0|   36|          28|          27|
    |angle_1_s_fu_2788_p2             |     +    |      0|   0|   14|          14|          14|
    |angle_V_1_fu_3131_p2             |     +    |      0|   0|   21|          15|          15|
    |angle_V_fu_3110_p2               |     +    |      0|   0|   21|          14|          15|
    |grp_fu_599_p2                    |     +    |      0|   0|   12|          12|           5|
    |grp_fu_655_p2                    |     +    |      0|   0|   12|          12|           5|
    |p_Repl2_1_trunc_fu_3567_p2       |     +    |      0|   0|   15|           8|           8|
    |p_Repl2_4_trunc_fu_3633_p2       |     +    |      0|   0|   15|           8|           8|
    |p_Val2_24_10_fu_2709_p2          |     +    |      0|   0|   21|          15|          15|
    |p_Val2_24_11_fu_2835_p2          |     +    |      0|   0|   21|          15|          15|
    |p_Val2_24_12_fu_2939_p2          |     +    |      0|   0|   21|          15|          15|
    |p_Val2_24_13_fu_2991_p2          |     +    |      0|   0|   21|          15|          15|
    |p_Val2_24_1_fu_1809_p2           |     +    |      0|   0|   21|          15|          15|
    |p_Val2_24_2_fu_1904_p2           |     +    |      0|   0|   21|          15|          15|
    |p_Val2_24_3_fu_1992_p2           |     +    |      0|   0|   21|          15|          15|
    |p_Val2_24_4_fu_2046_p2           |     +    |      0|   0|   21|          15|          15|
    |p_Val2_24_5_fu_2128_p2           |     +    |      0|   0|   21|          15|          15|
    |p_Val2_24_6_fu_2203_p2           |     +    |      0|   0|   21|          15|          15|
    |p_Val2_24_7_fu_2285_p2           |     +    |      0|   0|   21|          15|          15|
    |p_Val2_24_8_fu_2360_p2           |     +    |      0|   0|   21|          15|          15|
    |p_Val2_24_9_fu_2489_p2           |     +    |      0|   0|   21|          15|          15|
    |p_Val2_24_s_fu_2550_p2           |     +    |      0|   0|   21|          15|          15|
    |p_Val2_s_fu_1769_p2              |     +    |      0|   0|   21|          15|          15|
    |tmp17_fu_2740_p2                 |     +    |      0|   0|   14|           9|           9|
    |tmp18_fu_2662_p2                 |     +    |      0|   0|   14|           6|           6|
    |tmp19_fu_2656_p2                 |     +    |      0|   0|   14|           6|           6|
    |tmp20_fu_2735_p2                 |     +    |      0|   0|   14|           9|           9|
    |tmp21_fu_2668_p2                 |     +    |      0|   0|   15|           8|           8|
    |tmp22_fu_2782_p2                 |     +    |      0|   0|   14|          14|          14|
    |tmp23_fu_2756_p2                 |     +    |      0|   0|   14|          14|          14|
    |tmp24_fu_2750_p2                 |     +    |      0|   0|   14|          14|          14|
    |tmp25_fu_2772_p2                 |     +    |      0|   0|   13|          11|          11|
    |tmp26_fu_2762_p2                 |     +    |      0|   0|   14|          10|          10|
    |tmp_216_fu_3306_p2               |     +    |      0|   0|   13|           1|           4|
    |tmp_229_fu_3510_p2               |     +    |      0|   0|   15|           1|           5|
    |tmp_262_tr_off_fu_3249_p2        |     +    |      0|   0|   35|          13|          28|
    |tmp_28_fu_1134_p2                |     +    |      0|   0|   12|          12|           5|
    |tmp_41_fu_1423_p2                |     +    |      0|   0|   12|          12|           5|
    |tmp_62_fu_1677_p2                |     +    |      0|   0|   12|          12|           5|
    |tmp_93_fu_1300_p2                |     +    |      0|   0|   12|          12|           5|
    |y1_V_1_10_fu_2810_p2             |     +    |      0|   0|   21|          15|          15|
    |y1_V_1_11_fu_2891_p2             |     +    |      0|   0|   21|          15|          15|
    |y1_V_1_12_fu_2968_p2             |     +    |      0|   0|   21|          15|          15|
    |y1_V_1_13_fu_3051_p2             |     +    |      0|   0|   21|          15|          15|
    |y1_V_1_1_fu_1879_p2              |     +    |      0|   0|   21|          15|          15|
    |y1_V_1_2_fu_1947_p2              |     +    |      0|   0|   21|          15|          15|
    |y1_V_1_3_fu_2021_p2              |     +    |      0|   0|   21|          15|          15|
    |y1_V_1_4_fu_2102_p2              |     +    |      0|   0|   21|          15|          15|
    |y1_V_1_5_fu_2178_p2              |     +    |      0|   0|   21|          15|          15|
    |y1_V_1_6_fu_2259_p2              |     +    |      0|   0|   21|          15|          15|
    |y1_V_1_7_fu_2335_p2              |     +    |      0|   0|   21|          15|          15|
    |y1_V_1_8_fu_2416_p2              |     +    |      0|   0|   21|          15|          15|
    |y1_V_1_9_fu_2525_p2              |     +    |      0|   0|   21|          15|          15|
    |y1_V_1_fu_1783_p2                |     +    |      0|   0|   21|          15|          15|
    |y1_V_1_s_fu_2614_p2              |     +    |      0|   0|   21|          15|          15|
    |F2_1_fu_1122_p2                  |     -    |      0|   0|   12|          11|          12|
    |F2_3_fu_1411_p2                  |     -    |      0|   0|   12|          11|          12|
    |F2_4_fu_1665_p2                  |     -    |      0|   0|   12|          11|          12|
    |F2_5_fu_1288_p2                  |     -    |      0|   0|   12|          11|          12|
    |grp_fu_588_p2                    |     -    |      0|   0|   12|          11|          12|
    |grp_fu_605_p2                    |     -    |      0|   0|   12|           4|          12|
    |grp_fu_644_p2                    |     -    |      0|   0|   12|          11|          12|
    |grp_fu_661_p2                    |     -    |      0|   0|   12|           4|          12|
    |man_V_11_fu_1393_p2              |     -    |      0|   0|   61|           1|          54|
    |man_V_14_fu_1647_p2              |     -    |      0|   0|   61|           1|          54|
    |man_V_17_fu_1270_p2              |     -    |      0|   0|   61|           1|          54|
    |man_V_1_fu_787_p2                |     -    |      0|   0|   61|           1|          54|
    |man_V_4_fu_815_p2                |     -    |      0|   0|   61|           1|          54|
    |man_V_8_fu_1104_p2               |     -    |      0|   0|   61|           1|          54|
    |msb_idx_2_fu_3447_p2             |     -    |      0|   0|   39|           5|          32|
    |msb_idx_fu_3206_p2               |     -    |      0|   0|   39|           4|          32|
    |neg_mul_fu_3352_p2               |     -    |      0|   0|   62|           1|          55|
    |neg_ti_fu_3381_p2                |     -    |      0|   0|   34|           1|          27|
    |p_Val2_1_fu_1776_p2              |     -    |      0|   0|   21|           1|          15|
    |p_Val2_26_10_fu_2717_p2          |     -    |      0|   0|   21|          15|          15|
    |p_Val2_26_11_fu_2865_p2          |     -    |      0|   0|   21|          15|          15|
    |p_Val2_26_12_fu_2947_p2          |     -    |      0|   0|   21|          15|          15|
    |p_Val2_26_13_fu_3017_p2          |     -    |      0|   0|   21|          15|          15|
    |p_Val2_26_14_fu_3079_p2          |     -    |      0|   0|   21|          15|          15|
    |p_Val2_26_1_fu_1839_p2           |     -    |      0|   0|   21|          15|          15|
    |p_Val2_26_2_fu_1922_p2           |     -    |      0|   0|   21|          15|          15|
    |p_Val2_26_3_fu_2000_p2           |     -    |      0|   0|   21|          15|          15|
    |p_Val2_26_4_fu_2076_p2           |     -    |      0|   0|   21|          15|          15|
    |p_Val2_26_5_fu_2158_p2           |     -    |      0|   0|   21|          15|          15|
    |p_Val2_26_6_fu_2233_p2           |     -    |      0|   0|   21|          15|          15|
    |p_Val2_26_7_fu_2315_p2           |     -    |      0|   0|   21|          15|          15|
    |p_Val2_26_8_fu_2390_p2           |     -    |      0|   0|   21|          15|          15|
    |p_Val2_26_9_fu_2497_p2           |     -    |      0|   0|   21|          15|          15|
    |p_Val2_26_s_fu_2580_p2           |     -    |      0|   0|   21|          15|          15|
    |p_Val2_28_10_fu_2650_p2          |     -    |      0|   0|   15|           1|           5|
    |p_Val2_28_11_fu_2855_p2          |     -    |      0|   0|   13|           1|           4|
    |p_Val2_28_12_fu_2927_p2          |     -    |      0|   0|   12|           1|           3|
    |p_Val2_28_1_fu_1829_p2           |     -    |      0|   0|   21|           1|          15|
    |p_Val2_28_2_fu_1912_p2           |     -    |      0|   0|   19|           1|          14|
    |p_Val2_28_3_fu_1983_p2           |     -    |      0|   0|   17|           1|          13|
    |p_Val2_28_4_fu_2066_p2           |     -    |      0|   0|   12|           1|          12|
    |p_Val2_28_5_fu_2148_p2           |     -    |      0|   0|   13|           1|          11|
    |p_Val2_28_6_fu_2223_p2           |     -    |      0|   0|   14|           1|          10|
    |p_Val2_28_7_fu_2305_p2           |     -    |      0|   0|   15|           1|           9|
    |p_Val2_28_8_fu_2380_p2           |     -    |      0|   0|   15|           1|           8|
    |p_Val2_28_9_fu_2452_p2           |     -    |      0|   0|   15|           1|           7|
    |p_Val2_28_s_fu_2570_p2           |     -    |      0|   0|   15|           1|           6|
    |p_Val2_2_fu_1762_p2              |     -    |      0|   0|   21|          15|          15|
    |tmp_190_fu_3169_p2               |     -    |      0|   0|   21|           1|          15|
    |tmp_191_fu_3290_p2               |     -    |      0|   0|   39|           5|          32|
    |tmp_203_fu_3406_p2               |     -    |      0|   0|   21|           1|          15|
    |tmp_204_fu_3494_p2               |     -    |      0|   0|   39|           5|          32|
    |tmp_29_fu_1140_p2                |     -    |      0|   0|   12|           4|          12|
    |tmp_42_fu_1429_p2                |     -    |      0|   0|   12|           4|          12|
    |tmp_63_fu_1683_p2                |     -    |      0|   0|   12|           4|          12|
    |tmp_94_fu_1306_p2                |     -    |      0|   0|   12|           4|          12|
    |or_cond_fu_912_p2                |    and   |      0|   0|    2|           1|           1|
    |sel_tmp2_fu_3142_p2              |    and   |      0|   0|    2|           1|           1|
    |tmp_180_fu_1863_p2               |    and   |      0|   0|    2|           1|           1|
    |tmp_187_fu_3095_p2               |    and   |      0|   0|    2|           1|           1|
    |tmp_19_fu_906_p2                 |    and   |      0|   0|    2|           1|           1|
    |tmp_34_fu_924_p2                 |    and   |      0|   0|    2|           1|           1|
    |tmp_49_fu_977_p2                 |    and   |      0|   0|    2|           1|           1|
    |tmp_9_fu_864_p2                  |    and   |      0|   0|    2|           1|           1|
    |tmp_108_fu_1747_p2               |   ashr   |      0|   0|  162|          54|          54|
    |tmp_124_fu_1370_p2               |   ashr   |      0|   0|  162|          54|          54|
    |tmp_130_fu_1577_p2               |   ashr   |      0|   0|  162|          54|          54|
    |tmp_134_fu_1533_p2               |   ashr   |      0|   0|  162|          54|          54|
    |tmp_46_fu_1589_p2                |   ashr   |      0|   0|  162|          54|          54|
    |tmp_72_fu_1212_p2                |   ashr   |      0|   0|  162|          54|          54|
    |tmp_81_fu_1545_p2                |   ashr   |      0|   0|  162|          54|          54|
    |tmp_87_fu_1501_p2                |   ashr   |      0|   0|  162|          54|          54|
    |num_zeros_1_fu_3439_p3           |   cttz   |      0|  40|   36|          32|           0|
    |num_zeros_fu_3198_p3             |   cttz   |      0|  40|   36|          32|           0|
    |grp_fu_593_p2                    |   icmp   |      0|   0|   13|          12|           4|
    |grp_fu_619_p2                    |   icmp   |      0|   0|   13|          12|           4|
    |grp_fu_625_p2                    |   icmp   |      0|   0|   13|          12|           4|
    |grp_fu_631_p2                    |   icmp   |      0|   0|   13|          12|           6|
    |grp_fu_649_p2                    |   icmp   |      0|   0|   13|          12|           4|
    |grp_fu_675_p2                    |   icmp   |      0|   0|   13|          12|           4|
    |grp_fu_681_p2                    |   icmp   |      0|   0|   13|          12|           4|
    |grp_fu_687_p2                    |   icmp   |      0|   0|   13|          12|           6|
    |icmp1_fu_3485_p2                 |   icmp   |      0|   0|   18|          26|           1|
    |icmp_fu_3281_p2                  |   icmp   |      0|   0|   18|          26|           1|
    |notlhs1_fu_888_p2                |   icmp   |      0|   0|   11|           8|           2|
    |notlhs_fu_846_p2                 |   icmp   |      0|   0|   11|           8|           2|
    |notrhs1_fu_894_p2                |   icmp   |      0|   0|   18|          23|           1|
    |notrhs_fu_852_p2                 |   icmp   |      0|   0|   18|          23|           1|
    |tmp_112_fu_1350_p2               |   icmp   |      0|   0|   13|          12|           6|
    |tmp_114_fu_1338_p2               |   icmp   |      0|   0|   13|          12|           4|
    |tmp_137_fu_1756_p2               |   icmp   |      0|   0|   13|          15|           1|
    |tmp_189_fu_3164_p2               |   icmp   |      0|   0|   13|          15|           1|
    |tmp_192_fu_3551_p2               |   icmp   |      0|   0|   11|           8|           8|
    |tmp_198_10_fu_2620_p2            |   icmp   |      0|   0|   13|          15|           1|
    |tmp_198_11_fu_2815_p2            |   icmp   |      0|   0|   13|          15|           1|
    |tmp_198_12_fu_2897_p2            |   icmp   |      0|   0|   13|          15|           1|
    |tmp_198_13_fu_2973_p2            |   icmp   |      0|   0|   13|          15|           1|
    |tmp_198_14_fu_3057_p2            |   icmp   |      0|   0|   13|          15|           1|
    |tmp_198_1_fu_1789_p2             |   icmp   |      0|   0|   13|          15|           1|
    |tmp_198_2_fu_1884_p2             |   icmp   |      0|   0|   13|          15|           1|
    |tmp_198_3_fu_1953_p2             |   icmp   |      0|   0|   13|          15|           1|
    |tmp_198_4_fu_2026_p2             |   icmp   |      0|   0|   13|          15|           1|
    |tmp_198_5_fu_2108_p2             |   icmp   |      0|   0|   13|          15|           1|
    |tmp_198_6_fu_2183_p2             |   icmp   |      0|   0|   13|          15|           1|
    |tmp_198_7_fu_2265_p2             |   icmp   |      0|   0|   13|          15|           1|
    |tmp_198_8_fu_2340_p2             |   icmp   |      0|   0|   13|          15|           1|
    |tmp_198_9_fu_2422_p2             |   icmp   |      0|   0|   13|          15|           1|
    |tmp_198_s_fu_2530_p2             |   icmp   |      0|   0|   13|          15|           1|
    |tmp_202_fu_3255_p2               |   icmp   |      0|   0|   18|          28|          14|
    |tmp_205_fu_3617_p2               |   icmp   |      0|   0|   11|           8|           8|
    |tmp_20_fu_1117_p2                |   icmp   |      0|   0|   29|          63|           1|
    |tmp_25_fu_1406_p2                |   icmp   |      0|   0|   29|          63|           1|
    |tmp_27_fu_1128_p2                |   icmp   |      0|   0|   13|          12|           4|
    |tmp_30_fu_1162_p2                |   icmp   |      0|   0|   13|          12|           4|
    |tmp_40_fu_1417_p2                |   icmp   |      0|   0|   13|          12|           4|
    |tmp_43_fu_1451_p2                |   icmp   |      0|   0|   13|          12|           4|
    |tmp_4_fu_766_p2                  |   icmp   |      0|   0|   29|          63|           1|
    |tmp_55_fu_1660_p2                |   icmp   |      0|   0|   29|          63|           1|
    |tmp_58_fu_1192_p2                |   icmp   |      0|   0|   13|          12|           6|
    |tmp_59_fu_1172_p2                |   icmp   |      0|   0|   13|          12|           4|
    |tmp_60_fu_1671_p2                |   icmp   |      0|   0|   13|          12|           4|
    |tmp_64_fu_1705_p2                |   icmp   |      0|   0|   13|          12|           4|
    |tmp_68_fu_1481_p2                |   icmp   |      0|   0|   13|          12|           6|
    |tmp_69_fu_1461_p2                |   icmp   |      0|   0|   13|          12|           4|
    |tmp_79_fu_1283_p2                |   icmp   |      0|   0|   29|          63|           1|
    |tmp_7_fu_730_p2                  |   icmp   |      0|   0|   29|          63|           1|
    |tmp_92_fu_1294_p2                |   icmp   |      0|   0|   13|          12|           4|
    |tmp_95_fu_1328_p2                |   icmp   |      0|   0|   13|          12|           4|
    |tmp_96_fu_1727_p2                |   icmp   |      0|   0|   13|          12|           6|
    |tmp_97_fu_1715_p2                |   icmp   |      0|   0|   13|          12|           4|
    |p_Result_4_fu_3520_p2            |   lshr   |      0|   0|   85|          28|          28|
    |p_Result_s_fu_3316_p2            |   lshr   |      0|   0|   33|          15|          15|
    |or_cond1_fu_936_p2               |    or    |      0|   0|    2|           1|           1|
    |or_cond2_fu_989_p2               |    or    |      0|   0|    2|           1|           1|
    |or_cond3_fu_3090_p2              |    or    |      0|   0|    2|           1|           1|
    |or_cond4_fu_3105_p2              |    or    |      0|   0|    2|           1|           1|
    |tmp_11_fu_900_p2                 |    or    |      0|   0|    2|           1|           1|
    |tmp_6_fu_858_p2                  |    or    |      0|   0|    2|           1|           1|
    |angle_1_10_v_cast_ca_fu_2722_p3  |  select  |      0|   0|    2|           1|           1|
    |angle_1_11_Val2_8_fu_3116_p3     |  select  |      0|   0|   15|           1|          15|
    |angle_1_1_v_cast_cas_fu_2678_p3  |  select  |      0|   0|   12|           1|          11|
    |angle_1_2_v_cast_cas_fu_2685_p3  |  select  |      0|   0|   11|           1|          10|
    |angle_1_3_v_fu_2692_p3           |  select  |      0|   0|   10|           1|           9|
    |angle_1_4_v_cast_cas_fu_2699_p3  |  select  |      0|   0|    9|           1|           8|
    |angle_1_5_v_cast_cas_fu_2458_p3  |  select  |      0|   0|    8|           1|           7|
    |angle_1_6_v_cast_cas_fu_2465_p3  |  select  |      0|   0|    7|           1|           6|
    |angle_1_7_v_cast_cas_fu_2472_p3  |  select  |      0|   0|    6|           1|           5|
    |angle_1_8_v_cast_cas_fu_2479_p3  |  select  |      0|   0|    5|           1|           4|
    |angle_1_9_v_cast_cas_fu_2502_p3  |  select  |      0|   0|    4|           1|           3|
    |angle_1_v_cast_cast_fu_2586_p3   |  select  |      0|   0|    3|           1|           2|
    |angle_V_3_fu_3148_p3             |  select  |      0|   0|   15|           1|          15|
    |grp_fu_611_p3                    |  select  |      0|   0|   12|           1|          12|
    |grp_fu_637_p3                    |  select  |      0|   0|    2|           1|           2|
    |grp_fu_667_p3                    |  select  |      0|   0|   12|           1|          12|
    |grp_fu_693_p3                    |  select  |      0|   0|    2|           1|           2|
    |man_V_12_fu_1399_p3              |  select  |      0|   0|   54|           1|          54|
    |man_V_15_fu_1653_p3              |  select  |      0|   0|   54|           1|          54|
    |man_V_18_fu_1276_p3              |  select  |      0|   0|   54|           1|          54|
    |man_V_2_fu_793_p3                |  select  |      0|   0|   54|           1|          54|
    |man_V_5_fu_821_p3                |  select  |      0|   0|   54|           1|          54|
    |man_V_9_fu_1110_p3               |  select  |      0|   0|   54|           1|          54|
    |msb_idx_1_fu_3261_p3             |  select  |      0|   0|   31|           1|           1|
    |msb_idx_3_fu_3465_p3             |  select  |      0|   0|   31|           1|           1|
    |p_Val2_12_fu_3174_p3             |  select  |      0|   0|   15|           1|          15|
    |p_Val2_14_fu_3411_p3             |  select  |      0|   0|   15|           1|          15|
    |p_Val2_4_fu_3387_p3              |  select  |      0|   0|   27|           1|          27|
    |phitmp34_13_cast_fu_3023_p3      |  select  |      0|   0|    2|           1|           2|
    |phitmp_13_fu_3009_p3             |  select  |      0|   0|    2|           1|           2|
    |phitmp_14_fu_3071_p3             |  select  |      0|   0|    2|           1|           2|
    |r                                |  select  |      0|   0|   32|           1|           1|
    |sel_tmp_v_fu_3124_p3             |  select  |      0|   0|   15|           1|          13|
    |sh_amt_1_fu_1146_p3              |  select  |      0|   0|   12|           1|          12|
    |sh_amt_3_fu_1435_p3              |  select  |      0|   0|   12|           1|          12|
    |sh_amt_4_fu_1689_p3              |  select  |      0|   0|   12|           1|          12|
    |sh_amt_5_fu_1312_p3              |  select  |      0|   0|   12|           1|          12|
    |theta                            |  select  |      0|   0|   32|           1|           1|
    |tmp27_cast_cast_fu_3560_p3       |  select  |      0|   0|    7|           1|           7|
    |tmp28_cast_cast_fu_3626_p3       |  select  |      0|   0|    7|           1|           7|
    |tmp32_V_3_fu_3325_p3             |  select  |      0|   0|   32|           1|          32|
    |tmp32_V_9_fu_3529_p3             |  select  |      0|   0|   32|           1|          32|
    |tmp_109_fu_1733_p3               |  select  |      0|   0|    2|           1|           2|
    |tmp_126_fu_1356_p3               |  select  |      0|   0|    2|           1|           2|
    |tmp_194_fu_3224_p3               |  select  |      0|   0|   15|           1|          15|
    |tmp_201_fu_3374_p3               |  select  |      0|   0|   27|           1|          27|
    |tmp_25029_pn_10_fu_2801_p3       |  select  |      0|   0|    5|           1|           5|
    |tmp_25029_pn_11_fu_2879_p3       |  select  |      0|   0|    4|           1|           4|
    |tmp_25029_pn_12_fu_2959_p3       |  select  |      0|   0|    3|           1|           3|
    |tmp_25029_pn_13_fu_3039_p3       |  select  |      0|   0|    2|           1|           2|
    |tmp_25029_pn_1_fu_1874_p3        |  select  |      0|   0|   15|           1|          15|
    |tmp_25029_pn_2_fu_1935_p3        |  select  |      0|   0|   14|           1|          14|
    |tmp_25029_pn_3_fu_2012_p3        |  select  |      0|   0|   13|           1|          13|
    |tmp_25029_pn_4_fu_2090_p3        |  select  |      0|   0|   12|           1|          12|
    |tmp_25029_pn_5_fu_2169_p3        |  select  |      0|   0|   11|           1|          11|
    |tmp_25029_pn_6_fu_2247_p3        |  select  |      0|   0|   10|           1|          10|
    |tmp_25029_pn_7_fu_2326_p3        |  select  |      0|   0|    9|           1|           9|
    |tmp_25029_pn_8_fu_2404_p3        |  select  |      0|   0|    8|           1|           8|
    |tmp_25029_pn_9_fu_2516_p3        |  select  |      0|   0|    7|           1|           7|
    |tmp_25029_pn_s_fu_2602_p3        |  select  |      0|   0|    6|           1|           6|
    |tmp_73_fu_1198_p3                |  select  |      0|   0|    2|           1|           2|
    |tmp_89_fu_1487_p3                |  select  |      0|   0|    2|           1|           2|
    |x1_V_4_10_fu_2794_p3             |  select  |      0|   0|   15|           1|          15|
    |x1_V_4_11_fu_2871_p3             |  select  |      0|   0|   15|           1|          15|
    |x1_V_4_12_fu_2952_p3             |  select  |      0|   0|   15|           1|          15|
    |x1_V_4_13_fu_3031_p3             |  select  |      0|   0|   15|           1|          15|
    |x1_V_4_1_fu_1845_p3              |  select  |      0|   0|   15|           1|          15|
    |x1_V_4_2_fu_1927_p3              |  select  |      0|   0|   15|           1|          15|
    |x1_V_4_3_fu_2005_p3              |  select  |      0|   0|   15|           1|          15|
    |x1_V_4_4_fu_2082_p3              |  select  |      0|   0|   15|           1|          15|
    |x1_V_4_5_fu_2164_p3              |  select  |      0|   0|   15|           1|          15|
    |x1_V_4_6_fu_2239_p3              |  select  |      0|   0|   15|           1|          15|
    |x1_V_4_7_fu_2321_p3              |  select  |      0|   0|   15|           1|          15|
    |x1_V_4_8_fu_2396_p3              |  select  |      0|   0|   15|           1|          15|
    |x1_V_4_9_fu_2509_p3              |  select  |      0|   0|   15|           1|          15|
    |x1_V_4_s_fu_2594_p3              |  select  |      0|   0|   15|           1|          15|
    |tmp32_V_1_fu_3296_p2             |    shl   |      0|   0|  101|          32|          32|
    |tmp32_V_6_fu_3500_p2             |    shl   |      0|   0|  101|          32|          32|
    |tmp_111_fu_1721_p2               |    shl   |      0|   0|   33|          15|          15|
    |tmp_127_fu_1344_p2               |    shl   |      0|   0|   33|          15|          15|
    |tmp_132_fu_1565_p2               |    shl   |      0|   0|   33|          15|          15|
    |tmp_136_fu_1521_p2               |    shl   |      0|   0|   33|          15|          15|
    |tmp_50_fu_1076_p2                |    shl   |      0|   0|   89|          29|          29|
    |tmp_74_fu_1182_p2                |    shl   |      0|   0|   89|          29|          29|
    |tmp_84_fu_1046_p2                |    shl   |      0|   0|   89|          29|          29|
    |tmp_90_fu_1471_p2                |    shl   |      0|   0|   89|          29|          29|
    |grp_fu_578_p2                    |    xor   |      0|   0|   33|          32|          33|
    |grp_fu_583_p2                    |    xor   |      0|   0|   33|          32|          33|
    |sel_tmp1_fu_3137_p2              |    xor   |      0|   0|    2|           1|           2|
    |tmp_177_fu_3085_p2               |    xor   |      0|   0|    2|           1|           2|
    |tmp_182_fu_1868_p2               |    xor   |      0|   0|    2|           1|           2|
    |tmp_188_fu_3099_p2               |    xor   |      0|   0|    2|           1|           2|
    |tmp_24_fu_918_p2                 |    xor   |      0|   0|    2|           1|           2|
    |tmp_39_fu_930_p2                 |    xor   |      0|   0|    2|           1|           2|
    |tmp_54_fu_983_p2                 |    xor   |      0|   0|    2|           1|           2|
    +---------------------------------+----------+-------+----+-----+------------+------------+
    |Total                            |          |      3|  80| 6677|        3117|        3796|
    +---------------------------------+----------+-------+----+-----+------------+------------+

    * Multiplexer: 
    +---------------------------------------+-----+-----------+-----+-----------+
    |                  Name                 | LUT | Input Size| Bits| Total Bits|
    +---------------------------------------+-----+-----------+-----+-----------+
    |angle_1_reg_534                        |    9|          2|    8|         16|
    |ap_NS_fsm                              |  189|         43|    1|         43|
    |ap_phi_mux_tmp_25029_pn_phi_fu_527_p4  |   15|          3|   15|         45|
    |ap_phi_mux_x1_V_4_phi_fu_518_p4        |   15|          3|   15|         45|
    |grp_fu_547_p0                          |   15|          3|   32|         96|
    |grp_fu_550_p0                          |   33|          6|   32|        192|
    |grp_fu_558_opcode                      |   15|          3|    5|         15|
    |grp_fu_558_p0                          |   15|          3|   32|         96|
    |grp_fu_563_opcode                      |   15|          3|    5|         15|
    |grp_fu_563_p0                          |   15|          3|   32|         96|
    |grp_fu_578_p0                          |   15|          3|   32|         96|
    |grp_fu_583_p0                          |   15|          3|   32|         96|
    |grp_fu_588_p1                          |   15|          3|   12|         36|
    |grp_fu_644_p1                          |   15|          3|   12|         36|
    |p_Val2_22_ph_reg_438                   |   41|          8|   15|        120|
    |p_Val2_29_ph_reg_376                   |   85|         17|   15|        255|
    |x1_V_1_reg_292                         |   27|          5|   15|         75|
    |x1_V_2_reg_334                         |   27|          5|   15|         75|
    |x1_V_3_reg_313                         |   27|          5|   15|         75|
    |x1_V_reg_355                           |   27|          5|   15|         75|
    +---------------------------------------+-----+-----------+-----+-----------+
    |Total                                  |  630|        129|  355|       1598|
    +---------------------------------------+-----+-----------+-----+-----------+

    * Register: 
    +-------------------------------+----+----+-----+-----------+
    |              Name             | FF | LUT| Bits| Const Bits|
    +-------------------------------+----+----+-----+-----------+
    |angle_1_5_v_cast_cas_reg_4407  |   8|   0|    9|          1|
    |angle_1_reg_534                |   8|   0|   13|          5|
    |angle_1_s_reg_4456             |  13|   0|   14|          1|
    |angle_V_3_reg_4509             |  15|   0|   15|          0|
    |ap_CS_fsm                      |  42|   0|   42|          0|
    |exp_tmp_V_1_reg_3711           |  11|   0|   11|          0|
    |exp_tmp_V_2_reg_3796           |  11|   0|   11|          0|
    |exp_tmp_V_3_reg_3820           |  11|   0|   11|          0|
    |exp_tmp_V_4_reg_4154           |  11|   0|   11|          0|
    |exp_tmp_V_5_reg_3959           |  11|   0|   11|          0|
    |exp_tmp_V_reg_3691             |  11|   0|   11|          0|
    |is_neg_1_reg_4585              |   1|   0|    1|          0|
    |is_neg_reg_4516                |   1|   0|    1|          0|
    |isneg_1_reg_3705               |   1|   0|    1|          0|
    |isneg_2_reg_3790               |   1|   0|    1|          0|
    |isneg_3_reg_3814               |   1|   0|    1|          0|
    |isneg_4_reg_4148               |   1|   0|    1|          0|
    |isneg_5_reg_3953               |   1|   0|    1|          0|
    |isneg_reg_3685                 |   1|   0|    1|          0|
    |man_V_12_reg_4014              |  54|   0|   54|          0|
    |man_V_15_reg_4164              |  54|   0|   54|          0|
    |man_V_18_reg_3969              |  54|   0|   54|          0|
    |man_V_2_reg_3730               |  54|   0|   54|          0|
    |man_V_5_reg_3743               |  54|   0|   54|          0|
    |man_V_9_reg_3898               |  54|   0|   54|          0|
    |msb_idx_2_reg_4597             |  32|   0|   32|          0|
    |msb_idx_reg_4533               |  32|   0|   32|          0|
    |mul_reg_4569                   |  43|   0|   55|         12|
    |or_cond_reg_3776               |   1|   0|    1|          0|
    |p_Val2_12_reg_4527             |  15|   0|   15|          0|
    |p_Val2_14_cast_reg_4591        |  28|   0|   28|          0|
    |p_Val2_22_ph_reg_438           |  15|   0|   15|          0|
    |p_Val2_24_5_reg_4311           |  15|   0|   15|          0|
    |p_Val2_24_7_reg_4348           |  15|   0|   15|          0|
    |p_Val2_26_14_reg_4504          |  15|   0|   15|          0|
    |p_Val2_26_5_reg_4326           |  15|   0|   15|          0|
    |p_Val2_26_7_reg_4363           |  15|   0|   15|          0|
    |p_Val2_28_10_reg_4441          |   5|   0|    5|          0|
    |p_Val2_28_12_reg_4489          |   3|   0|    3|          0|
    |p_Val2_28_1_reg_4228           |  15|   0|   15|          0|
    |p_Val2_28_3_reg_4289           |  13|   0|   13|          0|
    |p_Val2_28_5_reg_4321           |  11|   0|   11|          0|
    |p_Val2_28_7_reg_4358           |   9|   0|    9|          0|
    |p_Val2_28_9_reg_4402           |   7|   0|    7|          0|
    |p_Val2_29_ph_reg_376           |  15|   0|   15|          0|
    |phitmp36_10_cast_reg_4436      |   5|   0|    5|          0|
    |phitmp36_12_cast_reg_4484      |   3|   0|    3|          0|
    |phitmp36_1_reg_4223            |  15|   0|   15|          0|
    |phitmp36_3_cast_reg_4284       |  13|   0|   13|          0|
    |phitmp36_5_cast_reg_4316       |  11|   0|   11|          0|
    |phitmp36_7_cast_reg_4353       |   9|   0|    9|          0|
    |phitmp36_9_cast_reg_4397       |   7|   0|    7|          0|
    |sh_amt_1_cast_reg_3911         |  32|   0|   32|          0|
    |sh_amt_2_cast_reg_3833         |  32|   0|   32|          0|
    |sh_amt_3_cast_reg_4025         |  32|   0|   32|          0|
    |sh_amt_4_cast_reg_4175         |  32|   0|   32|          0|
    |sh_amt_5_cast_reg_3980         |  32|   0|   32|          0|
    |sh_amt_6_cast_reg_4104         |  32|   0|   32|          0|
    |sh_amt_7_cast_reg_4062         |  32|   0|   32|          0|
    |sh_amt_cast_reg_3866           |  32|   0|   32|          0|
    |tmp18_reg_4446                 |   5|   0|    6|          1|
    |tmp21_reg_4451                 |   7|   0|    8|          1|
    |tmp32_V_12_reg_4617            |  32|   0|   32|          0|
    |tmp32_V_13_reg_4627            |  32|   0|   32|          0|
    |tmp32_V_3_reg_4564             |  32|   0|   32|          0|
    |tmp32_V_9_reg_4612             |  32|   0|   32|          0|
    |tmp_100_reg_4159               |  52|   0|   52|          0|
    |tmp_111_reg_4186               |  15|   0|   15|          0|
    |tmp_11_reg_3771                |   1|   0|    1|          0|
    |tmp_125_reg_3924               |  15|   0|   15|          0|
    |tmp_127_reg_3991               |  15|   0|   15|          0|
    |tmp_129_reg_3948               |  63|   0|   63|          0|
    |tmp_12_reg_3862                |   1|   0|    1|          0|
    |tmp_132_reg_4115               |  15|   0|   15|          0|
    |tmp_136_reg_4073               |  15|   0|   15|          0|
    |tmp_139_reg_3964               |  52|   0|   52|          0|
    |tmp_142_reg_4239               |  13|   0|   13|          0|
    |tmp_151_reg_3844               |  15|   0|   15|          0|
    |tmp_157_reg_4036               |  15|   0|   15|          0|
    |tmp_15_reg_3871                |   1|   0|    1|          0|
    |tmp_182_reg_4244               |   1|   0|    1|          0|
    |tmp_186_reg_4250               |   1|   0|    1|          0|
    |tmp_189_reg_4522               |   1|   0|    1|          0|
    |tmp_192_reg_4622               |   1|   0|    1|          0|
    |tmp_197_reg_4548               |  15|   0|   27|         12|
    |tmp_198_10_reg_4423            |   1|   0|    1|          0|
    |tmp_198_12_reg_4472            |   1|   0|    1|          0|
    |tmp_198_14_reg_4499            |   1|   0|    1|          0|
    |tmp_198_1_reg_4217             |   1|   0|    1|          0|
    |tmp_198_2_reg_4255             |   1|   0|    1|          0|
    |tmp_198_3_reg_4271             |   1|   0|    1|          0|
    |tmp_198_4_reg_4294             |   1|   0|    1|          0|
    |tmp_198_5_reg_4304             |   1|   0|    1|          0|
    |tmp_198_6_reg_4331             |   1|   0|    1|          0|
    |tmp_198_7_reg_4341             |   1|   0|    1|          0|
    |tmp_198_8_reg_4368             |   1|   0|    1|          0|
    |tmp_198_9_reg_4384             |   1|   0|    1|          0|
    |tmp_202_reg_4559               |   1|   0|    1|          0|
    |tmp_205_reg_4632               |   1|   0|    1|          0|
    |tmp_209_reg_4538               |  31|   0|   31|          0|
    |tmp_20_reg_3903                |   1|   0|    1|          0|
    |tmp_210_reg_4543               |   1|   0|    1|          0|
    |tmp_21_reg_3696                |  52|   0|   52|          0|
    |tmp_220_10_reg_4430            |   4|   0|    4|          0|
    |tmp_220_12_reg_4478            |   2|   0|    2|          0|
    |tmp_220_3_reg_4278             |  12|   0|   12|          0|
    |tmp_220_9_reg_4391             |   6|   0|    6|          0|
    |tmp_220_reg_4553               |   1|   0|    1|          0|
    |tmp_222_reg_4574               |  15|   0|   15|          0|
    |tmp_223_reg_4579               |  15|   0|   15|          0|
    |tmp_225_reg_4602               |  31|   0|   31|          0|
    |tmp_226_reg_4607               |   1|   0|    1|          0|
    |tmp_27_reg_3907                |   1|   0|    1|          0|
    |tmp_2_reg_3725                 |  11|   0|   12|          1|
    |tmp_30_reg_3916                |   1|   0|    1|          0|
    |tmp_31_reg_3884                |   1|   0|    1|          0|
    |tmp_33_reg_3875                |   1|   0|    1|          0|
    |tmp_47_reg_3716                |  52|   0|   52|          0|
    |tmp_4_reg_3721                 |   1|   0|    1|          0|
    |tmp_57_reg_3785                |  63|   0|   63|          0|
    |tmp_58_reg_3929                |   1|   0|    1|          0|
    |tmp_59_reg_3920                |   1|   0|    1|          0|
    |tmp_61_reg_3801                |  52|   0|   52|          0|
    |tmp_6_reg_3756                 |   1|   0|    1|          0|
    |tmp_70_reg_3809                |  63|   0|   63|          0|
    |tmp_76_reg_3825                |  52|   0|   52|          0|
    |tmp_7_reg_3701                 |   1|   0|    1|          0|
    |tmp_88_reg_3879                |  15|   0|   15|          0|
    |tmp_91_reg_4143                |  63|   0|   63|          0|
    |tmp_9_reg_3761                 |   1|   0|    1|          0|
    |tmp_s_reg_3738                 |  11|   0|   12|          1|
    |x1_V_1_reg_292                 |  15|   0|   15|          0|
    |x1_V_2_reg_334                 |  15|   0|   15|          0|
    |x1_V_3_reg_313                 |  15|   0|   15|          0|
    |x1_V_4_11_reg_4461             |  15|   0|   15|          0|
    |x1_V_4_13_reg_4494             |  15|   0|   15|          0|
    |x1_V_4_1_reg_4233              |  15|   0|   15|          0|
    |x1_V_4_2_reg_4260              |  15|   0|   15|          0|
    |x1_V_4_8_reg_4373              |  15|   0|   15|          0|
    |x1_V_4_s_reg_4412              |  15|   0|   15|          0|
    |x1_V_reg_355                   |  15|   0|   15|          0|
    |x_to_int_reg_3751              |  32|   0|   32|          0|
    |y1_V_1_11_reg_4467             |  15|   0|   15|          0|
    |y1_V_1_2_reg_4266              |  15|   0|   15|          0|
    |y1_V_1_4_reg_4299              |  15|   0|   15|          0|
    |y1_V_1_6_reg_4336              |  15|   0|   15|          0|
    |y1_V_1_8_reg_4379              |  15|   0|   15|          0|
    |y1_V_1_reg_4212                |  15|   0|   15|          0|
    |y1_V_1_s_reg_4418              |  15|   0|   15|          0|
    |y_to_int_reg_3766              |  32|   0|   32|          0|
    +-------------------------------+----+----+-----+-----------+
    |Total                          |2466|   0| 2501|         35|
    +-------------------------------+----+----+-----+-----------+



================================================================
== Interface
================================================================
* Summary: 
+--------------+-----+-----+------------+----------------+--------------+
|   RTL Ports  | Dir | Bits|  Protocol  |  Source Object |    C Type    |
+--------------+-----+-----+------------+----------------+--------------+
|ap_clk        |  in |    1| ap_ctrl_hs | cordiccart2pol | return value |
|ap_rst        |  in |    1| ap_ctrl_hs | cordiccart2pol | return value |
|ap_start      |  in |    1| ap_ctrl_hs | cordiccart2pol | return value |
|ap_done       | out |    1| ap_ctrl_hs | cordiccart2pol | return value |
|ap_idle       | out |    1| ap_ctrl_hs | cordiccart2pol | return value |
|ap_ready      | out |    1| ap_ctrl_hs | cordiccart2pol | return value |
|x             |  in |   32|   ap_none  |        x       |    scalar    |
|y             |  in |   32|   ap_none  |        y       |    scalar    |
|r             | out |   32|   ap_vld   |        r       |    pointer   |
|r_ap_vld      | out |    1|   ap_vld   |        r       |    pointer   |
|theta         | out |   32|   ap_vld   |      theta     |    pointer   |
|theta_ap_vld  | out |    1|   ap_vld   |      theta     |    pointer   |
+--------------+-----+-----+------------+----------------+--------------+

