

================================================================
== Vivado HLS Report for 'fir'
================================================================
* Date:           Thu Oct 11 22:16:12 2018

* Version:        2018.2 (Build 2258646 on Thu Jun 14 20:25:20 MDT 2018)
* Project:        fir_prj
* Solution:       solution1
* Product family: zynq
* Target device:  xc7z020clg400-1


================================================================
== Performance Estimates
================================================================
+ Timing (ns): 
    * Summary: 
    +--------+-------+----------+------------+
    |  Clock | Target| Estimated| Uncertainty|
    +--------+-------+----------+------------+
    |ap_clk  |  10.00|     8.742|        1.25|
    +--------+-------+----------+------------+

+ Latency (clock cycles): 
    * Summary: 
    +-----+-----+-----+-----+---------+
    |  Latency  |  Interval | Pipeline|
    | min | max | min | max |   Type  |
    +-----+-----+-----+-----+---------+
    |   13|   13|   13|   13|   none  |
    +-----+-----+-----+-----+---------+

    + Detail: 
        * Instance: 
        N/A

        * Loop: 
        N/A



================================================================
== Utilization Estimates
================================================================
* Summary: 
+-----------------+---------+-------+--------+-------+
|       Name      | BRAM_18K| DSP48E|   FF   |  LUT  |
+-----------------+---------+-------+--------+-------+
|DSP              |        -|      -|       -|      -|
|Expression       |        -|     60|       0|   8407|
|FIFO             |        -|      -|       -|      -|
|Instance         |        0|      -|     112|    168|
|Memory           |        -|      -|       -|      -|
|Multiplexer      |        -|      -|       -|     62|
|Register         |        -|      -|    6838|      -|
+-----------------+---------+-------+--------+-------+
|Total            |        0|     60|    6950|   8637|
+-----------------+---------+-------+--------+-------+
|Available        |      280|    220|  106400|  53200|
+-----------------+---------+-------+--------+-------+
|Utilization (%)  |        0|     27|       6|     16|
+-----------------+---------+-------+--------+-------+

+ Detail: 
    * Instance: 
    +--------------------+------------------+---------+-------+-----+-----+
    |      Instance      |      Module      | BRAM_18K| DSP48E|  FF | LUT |
    +--------------------+------------------+---------+-------+-----+-----+
    |fir_mul_io_s_axi_U  |fir_mul_io_s_axi  |        0|      0|  112|  168|
    +--------------------+------------------+---------+-------+-----+-----+
    |Total               |                  |        0|      0|  112|  168|
    +--------------------+------------------+---------+-------+-----+-----+

    * DSP48: 
    N/A

    * Memory: 
    N/A

    * FIFO: 
    N/A

    * Expression: 
    +---------------------+----------+-------+---+----+------------+------------+
    |    Variable Name    | Operation| DSP48E| FF| LUT| Bitwidth P0| Bitwidth P1|
    +---------------------+----------+-------+---+----+------------+------------+
    |tmp121_fu_3309_p2    |     *    |      3|  0|  20|          32|           5|
    |tmp128_fu_3866_p2    |     *    |      3|  0|  20|          32|           4|
    |tmp34_fu_1127_p2     |     *    |      3|  0|  20|          32|           5|
    |tmp70_fu_2123_p2     |     *    |      3|  0|  20|          32|           5|
    |tmp_6_18_fu_1431_p2  |     *    |      3|  0|  20|          32|           4|
    |tmp_6_19_fu_1437_p2  |     *    |      3|  0|  20|          32|           4|
    |tmp_6_1_fu_721_p2    |     *    |      3|  0|  20|          32|           4|
    |tmp_6_20_fu_1521_p2  |     *    |      3|  0|  20|          32|           4|
    |tmp_6_21_fu_1204_p2  |     *    |      3|  0|  20|          32|           4|
    |tmp_6_24_fu_1763_p2  |     *    |      3|  0|  20|          32|           5|
    |tmp_6_25_fu_1769_p2  |     *    |      3|  0|  20|          32|           5|
    |tmp_6_2_fu_637_p2    |     *    |      3|  0|  20|          32|           4|
    |tmp_6_37_fu_2202_p2  |     *    |      3|  0|  20|          32|           4|
    |tmp_6_38_fu_2208_p2  |     *    |      3|  0|  20|          32|           4|
    |tmp_6_39_fu_2214_p2  |     *    |      3|  0|  20|          32|           4|
    |tmp_6_40_fu_2220_p2  |     *    |      3|  0|  20|          32|           4|
    |tmp_6_43_fu_2889_p2  |     *    |      3|  0|  20|          32|           5|
    |tmp_6_44_fu_2895_p2  |     *    |      3|  0|  20|          32|           5|
    |tmp_6_6_fu_923_p2    |     *    |      3|  0|  20|          32|           5|
    |tmp_6_7_fu_929_p2    |     *    |      3|  0|  20|          32|           5|
    |tmp100_fu_3261_p2    |     +    |      0|  0|  32|          32|          32|
    |tmp101_fu_3267_p2    |     +    |      0|  0|  32|          32|          32|
    |tmp102_fu_3644_p2    |     +    |      0|  0|  32|          32|          32|
    |tmp103_fu_3648_p2    |     +    |      0|  0|  32|          32|          32|
    |tmp104_fu_3654_p2    |     +    |      0|  0|  32|          32|          32|
    |tmp105_fu_3660_p2    |     +    |      0|  0|  32|          32|          32|
    |tmp106_fu_3273_p2    |     +    |      0|  0|  32|          32|          32|
    |tmp107_fu_3666_p2    |     +    |      0|  0|  32|          32|          32|
    |tmp108_fu_3672_p2    |     +    |      0|  0|  32|          32|          32|
    |tmp109_fu_3742_p2    |     +    |      0|  0|  32|          32|          32|
    |tmp10_fu_577_p2      |     +    |      0|  0|  32|          32|          32|
    |tmp110_fu_3746_p2    |     +    |      0|  0|  32|          32|          32|
    |tmp111_fu_3279_p2    |     +    |      0|  0|  32|          32|          32|
    |tmp112_fu_3285_p2    |     +    |      0|  0|  32|          32|          32|
    |tmp113_fu_3291_p2    |     +    |      0|  0|  32|          32|          32|
    |tmp114_fu_3297_p2    |     +    |      0|  0|  32|          32|          32|
    |tmp115_fu_3677_p2    |     +    |      0|  0|  32|          32|          32|
    |tmp116_fu_3681_p2    |     +    |      0|  0|  32|          32|          32|
    |tmp117_fu_3303_p2    |     +    |      0|  0|  32|          32|          32|
    |tmp118_fu_3686_p2    |     +    |      0|  0|  32|          32|          32|
    |tmp119_fu_3692_p2    |     +    |      0|  0|  32|          32|          32|
    |tmp11_fu_583_p2      |     +    |      0|  0|  32|          32|          32|
    |tmp120_fu_3697_p2    |     +    |      0|  0|  32|          32|          32|
    |tmp122_fu_3703_p2    |     +    |      0|  0|  32|          32|          32|
    |tmp123_fu_3751_p2    |     +    |      0|  0|  32|          32|          32|
    |tmp124_fu_3755_p2    |     +    |      0|  0|  32|          32|          32|
    |tmp125_fu_3849_p2    |     +    |      0|  0|  32|          32|          32|
    |tmp126_fu_3854_p2    |     +    |      0|  0|  32|          32|          32|
    |tmp127_fu_3860_p2    |     +    |      0|  0|  32|          32|          32|
    |tmp129_fu_3881_p2    |     +    |      0|  0|  39|          32|          32|
    |tmp12_fu_589_p2      |     +    |      0|  0|  39|          32|          32|
    |tmp130_fu_3887_p2    |     +    |      0|  0|  32|          32|          32|
    |tmp13_fu_595_p2      |     +    |      0|  0|  32|          32|          32|
    |tmp14_fu_601_p2      |     +    |      0|  0|  32|          32|          32|
    |tmp15_fu_607_p2      |     +    |      0|  0|  32|          32|          32|
    |tmp16_fu_613_p2      |     +    |      0|  0|  32|          32|          32|
    |tmp17_fu_619_p2      |     +    |      0|  0|  39|          32|          32|
    |tmp18_fu_625_p2      |     +    |      0|  0|  32|          32|          32|
    |tmp19_fu_631_p2      |     +    |      0|  0|  32|          32|          32|
    |tmp1_fu_535_p2       |     +    |      0|  0|  39|          32|          32|
    |tmp20_fu_711_p2      |     +    |      0|  0|  32|          32|          32|
    |tmp21_fu_895_p2      |     +    |      0|  0|  32|          32|          32|
    |tmp22_fu_900_p2      |     +    |      0|  0|  32|          32|          32|
    |tmp23_fu_763_p2      |     +    |      0|  0|  39|          32|          32|
    |tmp24_fu_768_p2      |     +    |      0|  0|  32|          32|          32|
    |tmp25_fu_774_p2      |     +    |      0|  0|  32|          32|          32|
    |tmp26_fu_1175_p2     |     +    |      0|  0|  32|          32|          32|
    |tmp27_fu_1179_p2     |     +    |      0|  0|  32|          32|          32|
    |tmp28_fu_1103_p2     |     +    |      0|  0|  32|          32|          32|
    |tmp29_fu_1184_p2     |     +    |      0|  0|  32|          32|          32|
    |tmp2_fu_541_p2       |     +    |      0|  0|  32|          32|          32|
    |tmp30_fu_1189_p2     |     +    |      0|  0|  32|          32|          32|
    |tmp31_fu_1109_p2     |     +    |      0|  0|  32|          32|          32|
    |tmp32_fu_1115_p2     |     +    |      0|  0|  32|          32|          32|
    |tmp33_fu_1121_p2     |     +    |      0|  0|  32|          32|          32|
    |tmp35_fu_1195_p2     |     +    |      0|  0|  32|          32|          32|
    |tmp36_fu_1199_p2     |     +    |      0|  0|  32|          32|          32|
    |tmp37_fu_1563_p2     |     +    |      0|  0|  32|          32|          32|
    |tmp38_fu_1569_p2     |     +    |      0|  0|  32|          32|          32|
    |tmp39_fu_1575_p2     |     +    |      0|  0|  32|          32|          32|
    |tmp3_fu_547_p2       |     +    |      0|  0|  32|          32|          32|
    |tmp40_fu_1712_p2     |     +    |      0|  0|  32|          32|          32|
    |tmp41_fu_1716_p2     |     +    |      0|  0|  32|          32|          32|
    |tmp42_fu_1721_p2     |     +    |      0|  0|  32|          32|          32|
    |tmp43_fu_1726_p2     |     +    |      0|  0|  32|          32|          32|
    |tmp44_fu_1581_p2     |     +    |      0|  0|  39|          32|          32|
    |tmp45_fu_1587_p2     |     +    |      0|  0|  32|          32|          32|
    |tmp46_fu_1593_p2     |     +    |      0|  0|  32|          32|          32|
    |tmp47_fu_1731_p2     |     +    |      0|  0|  32|          32|          32|
    |tmp48_fu_1736_p2     |     +    |      0|  0|  32|          32|          32|
    |tmp49_fu_1599_p2     |     +    |      0|  0|  32|          32|          32|
    |tmp4_fu_553_p2       |     +    |      0|  0|  32|          32|          32|
    |tmp50_fu_1605_p2     |     +    |      0|  0|  32|          32|          32|
    |tmp51_fu_1611_p2     |     +    |      0|  0|  39|          32|          32|
    |tmp52_fu_1617_p2     |     +    |      0|  0|  39|          32|          32|
    |tmp53_fu_1623_p2     |     +    |      0|  0|  32|          32|          32|
    |tmp54_fu_1629_p2     |     +    |      0|  0|  32|          32|          32|
    |tmp55_fu_1742_p2     |     +    |      0|  0|  32|          32|          32|
    |tmp56_fu_1747_p2     |     +    |      0|  0|  32|          32|          32|
    |tmp57_fu_1635_p2     |     +    |      0|  0|  39|          32|          32|
    |tmp58_fu_1640_p2     |     +    |      0|  0|  32|          32|          32|
    |tmp59_fu_1646_p2     |     +    |      0|  0|  32|          32|          32|
    |tmp5_fu_559_p2       |     +    |      0|  0|  32|          32|          32|
    |tmp60_fu_1753_p2     |     +    |      0|  0|  32|          32|          32|
    |tmp61_fu_1758_p2     |     +    |      0|  0|  32|          32|          32|
    |tmp62_fu_2089_p2     |     +    |      0|  0|  32|          32|          32|
    |tmp63_fu_2094_p2     |     +    |      0|  0|  32|          32|          32|
    |tmp64_fu_2099_p2     |     +    |      0|  0|  32|          32|          32|
    |tmp65_fu_2166_p2     |     +    |      0|  0|  32|          32|          32|
    |tmp66_fu_2170_p2     |     +    |      0|  0|  32|          32|          32|
    |tmp67_fu_2105_p2     |     +    |      0|  0|  32|          32|          32|
    |tmp68_fu_2111_p2     |     +    |      0|  0|  32|          32|          32|
    |tmp69_fu_2117_p2     |     +    |      0|  0|  32|          32|          32|
    |tmp6_fu_565_p2       |     +    |      0|  0|  32|          32|          32|
    |tmp71_fu_2175_p2     |     +    |      0|  0|  32|          32|          32|
    |tmp72_fu_2179_p2     |     +    |      0|  0|  32|          32|          32|
    |tmp73_fu_2558_p2     |     +    |      0|  0|  32|          32|          32|
    |tmp74_fu_2563_p2     |     +    |      0|  0|  32|          32|          32|
    |tmp75_fu_2569_p2     |     +    |      0|  0|  32|          32|          32|
    |tmp76_fu_2575_p2     |     +    |      0|  0|  32|          32|          32|
    |tmp77_fu_2581_p2     |     +    |      0|  0|  32|          32|          32|
    |tmp78_fu_2587_p2     |     +    |      0|  0|  32|          32|          32|
    |tmp79_fu_2592_p2     |     +    |      0|  0|  32|          32|          32|
    |tmp7_fu_571_p2       |     +    |      0|  0|  32|          32|          32|
    |tmp80_fu_2597_p2     |     +    |      0|  0|  39|          32|          32|
    |tmp81_fu_2603_p2     |     +    |      0|  0|  32|          32|          32|
    |tmp82_fu_2609_p2     |     +    |      0|  0|  32|          32|          32|
    |tmp83_fu_2853_p2     |     +    |      0|  0|  32|          32|          32|
    |tmp84_fu_2857_p2     |     +    |      0|  0|  32|          32|          32|
    |tmp85_fu_2615_p2     |     +    |      0|  0|  32|          32|          32|
    |tmp86_fu_2621_p2     |     +    |      0|  0|  32|          32|          32|
    |tmp87_fu_2627_p2     |     +    |      0|  0|  39|          32|          32|
    |tmp88_fu_2633_p2     |     +    |      0|  0|  39|          32|          32|
    |tmp89_fu_2639_p2     |     +    |      0|  0|  32|          32|          32|
    |tmp8_fu_702_p2       |     +    |      0|  0|  32|          32|          32|
    |tmp90_fu_2645_p2     |     +    |      0|  0|  32|          32|          32|
    |tmp91_fu_2651_p2     |     +    |      0|  0|  32|          32|          32|
    |tmp92_fu_2656_p2     |     +    |      0|  0|  32|          32|          32|
    |tmp93_fu_2662_p2     |     +    |      0|  0|  39|          32|          32|
    |tmp94_fu_2667_p2     |     +    |      0|  0|  32|          32|          32|
    |tmp95_fu_2673_p2     |     +    |      0|  0|  32|          32|          32|
    |tmp96_fu_2862_p2     |     +    |      0|  0|  32|          32|          32|
    |tmp97_fu_2866_p2     |     +    |      0|  0|  32|          32|          32|
    |tmp98_fu_3635_p2     |     +    |      0|  0|  32|          32|          32|
    |tmp99_fu_3639_p2     |     +    |      0|  0|  32|          32|          32|
    |tmp9_fu_706_p2       |     +    |      0|  0|  32|          32|          32|
    |tmp_6_15_fu_780_p2   |     +    |      0|  0|  39|          32|          32|
    |tmp_6_16_fu_1407_p2  |     +    |      0|  0|  32|          32|          32|
    |tmp_6_23_fu_1557_p2  |     +    |      0|  0|  32|          32|          32|
    |tmp_6_34_fu_1775_p2  |     +    |      0|  0|  39|          32|          32|
    |tmp_6_35_fu_2402_p2  |     +    |      0|  0|  32|          32|          32|
    |tmp_6_42_fu_2552_p2  |     +    |      0|  0|  32|          32|          32|
    |tmp_6_5_fu_757_p2    |     +    |      0|  0|  32|          32|          32|
    |tmp_6_69_fu_2679_p2  |     +    |      0|  0|  39|          32|          32|
    |tmp_6_70_fu_3827_p2  |     +    |      0|  0|  32|          32|          32|
    |tmp_6_72_fu_3790_p2  |     +    |      0|  0|  39|          32|          32|
    |tmp_6_s_fu_715_p2    |     +    |      0|  0|  32|          32|          32|
    |tmp_7_10_fu_3760_p2  |     +    |      0|  0|  32|          32|          32|
    |tmp_7_2_fu_1881_p2   |     +    |      0|  0|  32|          32|          32|
    |tmp_7_4_fu_2184_p2   |     +    |      0|  0|  32|          32|          32|
    |tmp_7_5_fu_906_p2    |     +    |      0|  0|  32|          32|          32|
    |tmp_7_8_fu_2871_p2   |     +    |      0|  0|  32|          32|          32|
    |tmp_7_s_fu_1379_p2   |     +    |      0|  0|  32|          32|          32|
    |tmp_fu_529_p2        |     +    |      0|  0|  39|          32|          32|
    |y                    |     +    |      0|  0|  32|          32|          32|
    |p_neg10_fu_1951_p2   |     -    |      0|  0|  32|           1|          32|
    |p_neg11_fu_1975_p2   |     -    |      0|  0|  32|           1|          32|
    |p_neg12_fu_1999_p2   |     -    |      0|  0|  32|           1|          32|
    |p_neg13_fu_2023_p2   |     -    |      0|  0|  32|           1|          32|
    |p_neg14_fu_2047_p2   |     -    |      0|  0|  39|           1|          32|
    |p_neg15_fu_2071_p2   |     -    |      0|  0|  32|           1|          32|
    |p_neg16_fu_2907_p2   |     -    |      0|  0|  39|           1|          32|
    |p_neg17_fu_2931_p2   |     -    |      0|  0|  32|           1|          32|
    |p_neg18_fu_2955_p2   |     -    |      0|  0|  39|           1|          32|
    |p_neg19_fu_2979_p2   |     -    |      0|  0|  32|           1|          32|
    |p_neg1_fu_1927_p2    |     -    |      0|  0|  39|           1|          32|
    |p_neg20_fu_3425_p2   |     -    |      0|  0|  32|           1|          32|
    |p_neg21_fu_3449_p2   |     -    |      0|  0|  32|           1|          32|
    |p_neg22_fu_3473_p2   |     -    |      0|  0|  32|           1|          32|
    |p_neg23_fu_3003_p2   |     -    |      0|  0|  39|           1|          32|
    |p_neg24_fu_3027_p2   |     -    |      0|  0|  32|           1|          32|
    |p_neg25_fu_3497_p2   |     -    |      0|  0|  32|           1|          32|
    |p_neg26_fu_3521_p2   |     -    |      0|  0|  32|           1|          32|
    |p_neg27_fu_3051_p2   |     -    |      0|  0|  32|           1|          32|
    |p_neg28_fu_3075_p2   |     -    |      0|  0|  32|           1|          32|
    |p_neg29_fu_3099_p2   |     -    |      0|  0|  32|           1|          32|
    |p_neg2_fu_1157_p2    |     -    |      0|  0|  32|           1|          32|
    |p_neg30_fu_3123_p2   |     -    |      0|  0|  39|           1|          32|
    |p_neg31_fu_3147_p2   |     -    |      0|  0|  32|           1|          32|
    |p_neg32_fu_3171_p2   |     -    |      0|  0|  39|           1|          32|
    |p_neg33_fu_3195_p2   |     -    |      0|  0|  32|           1|          32|
    |p_neg34_fu_3219_p2   |     -    |      0|  0|  39|           1|          32|
    |p_neg35_fu_3243_p2   |     -    |      0|  0|  32|           1|          32|
    |p_neg36_fu_3545_p2   |     -    |      0|  0|  32|           1|          32|
    |p_neg37_fu_3569_p2   |     -    |      0|  0|  32|           1|          32|
    |p_neg38_fu_3593_p2   |     -    |      0|  0|  32|           1|          32|
    |p_neg39_fu_3617_p2   |     -    |      0|  0|  32|           1|          32|
    |p_neg3_fu_941_p2     |     -    |      0|  0|  39|           1|          32|
    |p_neg40_fu_751_p2    |     -    |      0|  0|  32|           1|          32|
    |p_neg41_fu_1401_p2   |     -    |      0|  0|  32|           1|          32|
    |p_neg42_fu_1551_p2   |     -    |      0|  0|  32|           1|          32|
    |p_neg43_fu_2396_p2   |     -    |      0|  0|  32|           1|          32|
    |p_neg44_fu_2546_p2   |     -    |      0|  0|  32|           1|          32|
    |p_neg45_fu_3784_p2   |     -    |      0|  0|  39|           1|          32|
    |p_neg4_fu_965_p2     |     -    |      0|  0|  32|           1|          32|
    |p_neg5_fu_989_p2     |     -    |      0|  0|  32|           1|          32|
    |p_neg6_fu_1013_p2    |     -    |      0|  0|  32|           1|          32|
    |p_neg7_fu_1037_p2    |     -    |      0|  0|  32|           1|          32|
    |p_neg8_fu_1061_p2    |     -    |      0|  0|  39|           1|          32|
    |p_neg9_fu_1085_p2    |     -    |      0|  0|  32|           1|          32|
    |p_neg_fu_1903_p2     |     -    |      0|  0|  32|           1|          32|
    |tmp_6_10_fu_1001_p2  |     -    |      0|  0|  32|          32|          32|
    |tmp_6_11_fu_1025_p2  |     -    |      0|  0|  32|          32|          32|
    |tmp_6_12_fu_1049_p2  |     -    |      0|  0|  32|          32|          32|
    |tmp_6_13_fu_1073_p2  |     -    |      0|  0|  32|          32|          32|
    |tmp_6_14_fu_1097_p2  |     -    |      0|  0|  32|          32|          32|
    |tmp_6_17_fu_1419_p2  |     -    |      0|  0|  32|          32|          32|
    |tmp_6_22_fu_1539_p2  |     -    |      0|  0|  39|          32|          32|
    |tmp_6_26_fu_1915_p2  |     -    |      0|  0|  32|          32|          32|
    |tmp_6_27_fu_1939_p2  |     -    |      0|  0|  32|          32|          32|
    |tmp_6_28_fu_1963_p2  |     -    |      0|  0|  32|          32|          32|
    |tmp_6_29_fu_1987_p2  |     -    |      0|  0|  32|          32|          32|
    |tmp_6_30_fu_2011_p2  |     -    |      0|  0|  32|          32|          32|
    |tmp_6_31_fu_2035_p2  |     -    |      0|  0|  32|          32|          32|
    |tmp_6_32_fu_2059_p2  |     -    |      0|  0|  32|          32|          32|
    |tmp_6_33_fu_2083_p2  |     -    |      0|  0|  32|          32|          32|
    |tmp_6_36_fu_2414_p2  |     -    |      0|  0|  32|          32|          32|
    |tmp_6_3_fu_977_p2    |     -    |      0|  0|  32|          32|          32|
    |tmp_6_41_fu_2534_p2  |     -    |      0|  0|  39|          32|          32|
    |tmp_6_45_fu_2919_p2  |     -    |      0|  0|  32|          32|          32|
    |tmp_6_46_fu_2943_p2  |     -    |      0|  0|  32|          32|          32|
    |tmp_6_47_fu_2967_p2  |     -    |      0|  0|  32|          32|          32|
    |tmp_6_48_fu_2991_p2  |     -    |      0|  0|  32|          32|          32|
    |tmp_6_49_fu_3437_p2  |     -    |      0|  0|  32|          32|          32|
    |tmp_6_4_fu_739_p2    |     -    |      0|  0|  39|          32|          32|
    |tmp_6_50_fu_3461_p2  |     -    |      0|  0|  32|          32|          32|
    |tmp_6_51_fu_3485_p2  |     -    |      0|  0|  32|          32|          32|
    |tmp_6_52_fu_3015_p2  |     -    |      0|  0|  32|          32|          32|
    |tmp_6_53_fu_3039_p2  |     -    |      0|  0|  32|          32|          32|
    |tmp_6_54_fu_3509_p2  |     -    |      0|  0|  32|          32|          32|
    |tmp_6_55_fu_3533_p2  |     -    |      0|  0|  32|          32|          32|
    |tmp_6_56_fu_3063_p2  |     -    |      0|  0|  32|          32|          32|
    |tmp_6_57_fu_3087_p2  |     -    |      0|  0|  32|          32|          32|
    |tmp_6_58_fu_3111_p2  |     -    |      0|  0|  32|          32|          32|
    |tmp_6_59_fu_3135_p2  |     -    |      0|  0|  32|          32|          32|
    |tmp_6_60_fu_3159_p2  |     -    |      0|  0|  32|          32|          32|
    |tmp_6_61_fu_3183_p2  |     -    |      0|  0|  32|          32|          32|
    |tmp_6_62_fu_3207_p2  |     -    |      0|  0|  32|          32|          32|
    |tmp_6_63_fu_3231_p2  |     -    |      0|  0|  32|          32|          32|
    |tmp_6_64_fu_3255_p2  |     -    |      0|  0|  32|          32|          32|
    |tmp_6_65_fu_3557_p2  |     -    |      0|  0|  32|          32|          32|
    |tmp_6_66_fu_3581_p2  |     -    |      0|  0|  32|          32|          32|
    |tmp_6_67_fu_3605_p2  |     -    |      0|  0|  32|          32|          32|
    |tmp_6_68_fu_3629_p2  |     -    |      0|  0|  32|          32|          32|
    |tmp_6_71_fu_3837_p2  |     -    |      0|  0|  39|          32|          32|
    |tmp_6_8_fu_1169_p2   |     -    |      0|  0|  32|          32|          32|
    |tmp_6_9_fu_953_p2    |     -    |      0|  0|  32|          32|          32|
    |tmp_7_11_fu_3772_p2  |     -    |      0|  0|  32|          32|          32|
    |tmp_7_1_fu_1389_p2   |     -    |      0|  0|  32|          32|          32|
    |tmp_7_3_fu_1891_p2   |     -    |      0|  0|  32|          32|          32|
    |tmp_7_6_fu_917_p2    |     -    |      0|  0|  32|          32|          32|
    |tmp_7_7_fu_2196_p2   |     -    |      0|  0|  32|          32|          32|
    |tmp_7_9_fu_2883_p2   |     -    |      0|  0|  32|          32|          32|
    +---------------------+----------+-------+---+----+------------+------------+
    |Total                |          |     60|  0|8407|        6990|        7865|
    +---------------------+----------+-------+---+----+------------+------------+

    * Multiplexer: 
    +-----------+----+-----------+-----+-----------+
    |    Name   | LUT| Input Size| Bits| Total Bits|
    +-----------+----+-----------+-----+-----------+
    |ap_NS_fsm  |  62|         15|    1|         15|
    +-----------+----+-----------+-----+-----------+
    |Total      |  62|         15|    1|         15|
    +-----------+----+-----------+-----+-----------+

    * Register: 
    +-----------------------+----+----+-----+-----------+
    |          Name         | FF | LUT| Bits| Const Bits|
    +-----------------------+----+----+-----+-----------+
    |ap_CS_fsm              |  14|   0|   14|          0|
    |buff                   |  32|   0|   32|          0|
    |buff_0                 |  32|   0|   32|          0|
    |buff_1                 |  32|   0|   32|          0|
    |buff_10                |  32|   0|   32|          0|
    |buff_11                |  32|   0|   32|          0|
    |buff_12                |  32|   0|   32|          0|
    |buff_125               |  32|   0|   32|          0|
    |buff_126               |  32|   0|   32|          0|
    |buff_127               |  32|   0|   32|          0|
    |buff_128               |  32|   0|   32|          0|
    |buff_129               |  32|   0|   32|          0|
    |buff_13                |  32|   0|   32|          0|
    |buff_130               |  32|   0|   32|          0|
    |buff_131               |  32|   0|   32|          0|
    |buff_132               |  32|   0|   32|          0|
    |buff_133               |  32|   0|   32|          0|
    |buff_134               |  32|   0|   32|          0|
    |buff_135               |  32|   0|   32|          0|
    |buff_136               |  32|   0|   32|          0|
    |buff_137               |  32|   0|   32|          0|
    |buff_138               |  32|   0|   32|          0|
    |buff_139               |  32|   0|   32|          0|
    |buff_14                |  32|   0|   32|          0|
    |buff_140               |  32|   0|   32|          0|
    |buff_141               |  32|   0|   32|          0|
    |buff_142               |  32|   0|   32|          0|
    |buff_143               |  32|   0|   32|          0|
    |buff_144               |  32|   0|   32|          0|
    |buff_145               |  32|   0|   32|          0|
    |buff_146               |  32|   0|   32|          0|
    |buff_147               |  32|   0|   32|          0|
    |buff_148               |  32|   0|   32|          0|
    |buff_149               |  32|   0|   32|          0|
    |buff_15                |  32|   0|   32|          0|
    |buff_150               |  32|   0|   32|          0|
    |buff_16                |  32|   0|   32|          0|
    |buff_17                |  32|   0|   32|          0|
    |buff_18                |  32|   0|   32|          0|
    |buff_19                |  32|   0|   32|          0|
    |buff_1_load_reg_4314   |  32|   0|   32|          0|
    |buff_2                 |  32|   0|   32|          0|
    |buff_20                |  32|   0|   32|          0|
    |buff_20_load_reg_4219  |  32|   0|   32|          0|
    |buff_21                |  32|   0|   32|          0|
    |buff_22                |  32|   0|   32|          0|
    |buff_23                |  32|   0|   32|          0|
    |buff_24                |  32|   0|   32|          0|
    |buff_24_load_reg_4214  |  32|   0|   32|          0|
    |buff_25                |  32|   0|   32|          0|
    |buff_26                |  32|   0|   32|          0|
    |buff_27                |  32|   0|   32|          0|
    |buff_28                |  32|   0|   32|          0|
    |buff_29                |  32|   0|   32|          0|
    |buff_3                 |  32|   0|   32|          0|
    |buff_30                |  32|   0|   32|          0|
    |buff_31                |  32|   0|   32|          0|
    |buff_32                |  32|   0|   32|          0|
    |buff_33                |  32|   0|   32|          0|
    |buff_34                |  32|   0|   32|          0|
    |buff_35                |  32|   0|   32|          0|
    |buff_36                |  32|   0|   32|          0|
    |buff_37                |  32|   0|   32|          0|
    |buff_38                |  32|   0|   32|          0|
    |buff_39                |  32|   0|   32|          0|
    |buff_39_load_reg_4144  |  32|   0|   32|          0|
    |buff_4                 |  32|   0|   32|          0|
    |buff_40                |  32|   0|   32|          0|
    |buff_41                |  32|   0|   32|          0|
    |buff_42                |  32|   0|   32|          0|
    |buff_43                |  32|   0|   32|          0|
    |buff_44                |  32|   0|   32|          0|
    |buff_45                |  32|   0|   32|          0|
    |buff_46                |  32|   0|   32|          0|
    |buff_47                |  32|   0|   32|          0|
    |buff_48                |  32|   0|   32|          0|
    |buff_49                |  32|   0|   32|          0|
    |buff_49_load_reg_4139  |  32|   0|   32|          0|
    |buff_5                 |  32|   0|   32|          0|
    |buff_50                |  32|   0|   32|          0|
    |buff_51                |  32|   0|   32|          0|
    |buff_52                |  32|   0|   32|          0|
    |buff_53                |  32|   0|   32|          0|
    |buff_54                |  32|   0|   32|          0|
    |buff_55                |  32|   0|   32|          0|
    |buff_55_load_reg_4079  |  32|   0|   32|          0|
    |buff_56                |  32|   0|   32|          0|
    |buff_57                |  32|   0|   32|          0|
    |buff_58                |  32|   0|   32|          0|
    |buff_59                |  32|   0|   32|          0|
    |buff_6                 |  32|   0|   32|          0|
    |buff_60                |  32|   0|   32|          0|
    |buff_61                |  32|   0|   32|          0|
    |buff_62                |  32|   0|   32|          0|
    |buff_63                |  32|   0|   32|          0|
    |buff_64                |  32|   0|   32|          0|
    |buff_65                |  32|   0|   32|          0|
    |buff_65_load_reg_4074  |  32|   0|   32|          0|
    |buff_66                |  32|   0|   32|          0|
    |buff_67                |  32|   0|   32|          0|
    |buff_68                |  32|   0|   32|          0|
    |buff_69                |  32|   0|   32|          0|
    |buff_7                 |  32|   0|   32|          0|
    |buff_70                |  32|   0|   32|          0|
    |buff_71                |  32|   0|   32|          0|
    |buff_72                |  32|   0|   32|          0|
    |buff_72_load_reg_4024  |  32|   0|   32|          0|
    |buff_73                |  32|   0|   32|          0|
    |buff_74                |  32|   0|   32|          0|
    |buff_75                |  32|   0|   32|          0|
    |buff_76                |  32|   0|   32|          0|
    |buff_77                |  32|   0|   32|          0|
    |buff_78                |  32|   0|   32|          0|
    |buff_79                |  32|   0|   32|          0|
    |buff_79_load_reg_4019  |  32|   0|   32|          0|
    |buff_7_load_reg_4174   |  32|   0|   32|          0|
    |buff_8                 |  32|   0|   32|          0|
    |buff_80                |  32|   0|   32|          0|
    |buff_81                |  32|   0|   32|          0|
    |buff_82                |  32|   0|   32|          0|
    |buff_83                |  32|   0|   32|          0|
    |buff_84                |  32|   0|   32|          0|
    |buff_85                |  32|   0|   32|          0|
    |buff_86                |  32|   0|   32|          0|
    |buff_87                |  32|   0|   32|          0|
    |buff_87_load_reg_3933  |  32|   0|   32|          0|
    |buff_88                |  32|   0|   32|          0|
    |buff_89                |  32|   0|   32|          0|
    |buff_9                 |  32|   0|   32|          0|
    |buff_90                |  32|   0|   32|          0|
    |buff_91                |  32|   0|   32|          0|
    |buff_92                |  32|   0|   32|          0|
    |buff_93                |  32|   0|   32|          0|
    |buff_94                |  32|   0|   32|          0|
    |buff_94_load_reg_3959  |  32|   0|   32|          0|
    |buff_95                |  32|   0|   32|          0|
    |buff_96                |  32|   0|   32|          0|
    |buff_97                |  32|   0|   32|          0|
    |buff_98                |  32|   0|   32|          0|
    |buff_99                |  32|   0|   32|          0|
    |p_neg45_reg_4324       |  30|   0|   32|          2|
    |tmp100_reg_4239        |  31|   0|   32|          1|
    |tmp101_reg_4244        |  31|   0|   32|          1|
    |tmp103_reg_4279        |  32|   0|   32|          0|
    |tmp105_reg_4284        |  31|   0|   32|          1|
    |tmp106_reg_4249        |  31|   0|   32|          1|
    |tmp108_reg_4289        |  31|   0|   32|          1|
    |tmp112_reg_4254        |  31|   0|   32|          1|
    |tmp113_reg_4259        |  31|   0|   32|          1|
    |tmp114_reg_4264        |  31|   0|   32|          1|
    |tmp116_reg_4294        |  31|   0|   32|          1|
    |tmp117_reg_4269        |  31|   0|   32|          1|
    |tmp119_reg_4299        |  31|   0|   32|          1|
    |tmp121_reg_4274        |  32|   0|   32|          0|
    |tmp122_reg_4304        |  32|   0|   32|          0|
    |tmp127_reg_4340        |  32|   0|   32|          0|
    |tmp128_reg_4345        |  32|   0|   32|          0|
    |tmp14_reg_3918         |  32|   0|   32|          0|
    |tmp19_reg_3923         |  32|   0|   32|          0|
    |tmp25_reg_3949         |  32|   0|   32|          0|
    |tmp28_reg_3979         |  31|   0|   32|          1|
    |tmp30_reg_4004         |  32|   0|   32|          0|
    |tmp32_reg_3984         |  31|   0|   32|          1|
    |tmp33_reg_3989         |  31|   0|   32|          1|
    |tmp34_reg_3994         |  32|   0|   32|          0|
    |tmp36_reg_4009         |  32|   0|   32|          0|
    |tmp38_reg_4049         |  32|   0|   32|          0|
    |tmp39_reg_4054         |  32|   0|   32|          0|
    |tmp3_reg_3903          |  32|   0|   32|          0|
    |tmp46_reg_4059         |  31|   0|   32|          1|
    |tmp48_reg_4084         |  32|   0|   32|          0|
    |tmp54_reg_4064         |  31|   0|   32|          1|
    |tmp59_reg_4069         |  32|   0|   32|          0|
    |tmp5_reg_3908          |  32|   0|   32|          0|
    |tmp61_reg_4089         |  32|   0|   32|          0|
    |tmp63_reg_4114         |  32|   0|   32|          0|
    |tmp64_reg_4119         |  31|   0|   32|          1|
    |tmp68_reg_4124         |  31|   0|   32|          1|
    |tmp69_reg_4129         |  31|   0|   32|          1|
    |tmp70_reg_4134         |  32|   0|   32|          0|
    |tmp77_reg_4179         |  32|   0|   32|          0|
    |tmp79_reg_4184         |  32|   0|   32|          0|
    |tmp7_reg_3913          |  32|   0|   32|          0|
    |tmp82_reg_4189         |  31|   0|   32|          1|
    |tmp90_reg_4194         |  31|   0|   32|          1|
    |tmp92_reg_4199         |  32|   0|   32|          0|
    |tmp95_reg_4204         |  32|   0|   32|          0|
    |tmp_6_15_reg_3954      |  32|   0|   32|          0|
    |tmp_6_16_reg_4029      |  32|   0|   32|          0|
    |tmp_6_18_reg_4034      |  32|   0|   32|          0|
    |tmp_6_19_reg_4039      |  32|   0|   32|          0|
    |tmp_6_1_reg_3944       |  32|   0|   32|          0|
    |tmp_6_20_reg_4044      |  32|   0|   32|          0|
    |tmp_6_21_reg_4014      |  32|   0|   32|          0|
    |tmp_6_24_reg_4094      |  32|   0|   32|          0|
    |tmp_6_25_reg_4099      |  32|   0|   32|          0|
    |tmp_6_26_reg_4109      |  31|   0|   32|          1|
    |tmp_6_2_reg_3928       |  32|   0|   32|          0|
    |tmp_6_34_reg_4104      |  32|   0|   32|          0|
    |tmp_6_37_reg_4154      |  32|   0|   32|          0|
    |tmp_6_38_reg_4159      |  32|   0|   32|          0|
    |tmp_6_39_reg_4164      |  32|   0|   32|          0|
    |tmp_6_40_reg_4169      |  32|   0|   32|          0|
    |tmp_6_43_reg_4229      |  32|   0|   32|          0|
    |tmp_6_44_reg_4234      |  32|   0|   32|          0|
    |tmp_6_69_reg_4209      |  32|   0|   32|          0|
    |tmp_6_6_reg_3969       |  32|   0|   32|          0|
    |tmp_6_72_reg_4329      |  32|   0|   32|          0|
    |tmp_6_7_reg_3974       |  32|   0|   32|          0|
    |tmp_6_s_reg_3938       |  32|   0|   32|          0|
    |tmp_7_11_reg_4319      |  32|   0|   32|          0|
    |tmp_7_6_reg_3964       |  32|   0|   32|          0|
    |tmp_7_7_reg_4149       |  32|   0|   32|          0|
    |tmp_7_9_reg_4224       |  32|   0|   32|          0|
    |x_read_reg_4334        |  32|   0|   32|          0|
    +-----------------------+----+----+-----+-----------+
    |Total                  |6838|   0| 6862|         24|
    +-----------------------+----+----+-----+-----------+



================================================================
== Interface
================================================================
* Summary: 
+----------------------+-----+-----+------------+--------------+--------------+
|       RTL Ports      | Dir | Bits|  Protocol  | Source Object|    C Type    |
+----------------------+-----+-----+------------+--------------+--------------+
|s_axi_mul_io_AWVALID  |  in |    1|    s_axi   |    mul_io    |    scalar    |
|s_axi_mul_io_AWREADY  | out |    1|    s_axi   |    mul_io    |    scalar    |
|s_axi_mul_io_AWADDR   |  in |    5|    s_axi   |    mul_io    |    scalar    |
|s_axi_mul_io_WVALID   |  in |    1|    s_axi   |    mul_io    |    scalar    |
|s_axi_mul_io_WREADY   | out |    1|    s_axi   |    mul_io    |    scalar    |
|s_axi_mul_io_WDATA    |  in |   32|    s_axi   |    mul_io    |    scalar    |
|s_axi_mul_io_WSTRB    |  in |    4|    s_axi   |    mul_io    |    scalar    |
|s_axi_mul_io_ARVALID  |  in |    1|    s_axi   |    mul_io    |    scalar    |
|s_axi_mul_io_ARREADY  | out |    1|    s_axi   |    mul_io    |    scalar    |
|s_axi_mul_io_ARADDR   |  in |    5|    s_axi   |    mul_io    |    scalar    |
|s_axi_mul_io_RVALID   | out |    1|    s_axi   |    mul_io    |    scalar    |
|s_axi_mul_io_RREADY   |  in |    1|    s_axi   |    mul_io    |    scalar    |
|s_axi_mul_io_RDATA    | out |   32|    s_axi   |    mul_io    |    scalar    |
|s_axi_mul_io_RRESP    | out |    2|    s_axi   |    mul_io    |    scalar    |
|s_axi_mul_io_BVALID   | out |    1|    s_axi   |    mul_io    |    scalar    |
|s_axi_mul_io_BREADY   |  in |    1|    s_axi   |    mul_io    |    scalar    |
|s_axi_mul_io_BRESP    | out |    2|    s_axi   |    mul_io    |    scalar    |
|ap_clk                |  in |    1| ap_ctrl_hs |      fir     | return value |
|ap_rst_n              |  in |    1| ap_ctrl_hs |      fir     | return value |
|interrupt             | out |    1| ap_ctrl_hs |      fir     | return value |
+----------------------+-----+-----+------------+--------------+--------------+

