

================================================================
== Vivado HLS Report for 'dft2'
================================================================
* Date:           Fri Nov  9 20:05:34 2018

* Version:        2017.1 (Build 1846317 on Thu Jun 22 18:17:09 MDT 2017)
* Project:        hls
* Solution:       solution1
* Product family: zynq
* Target device:  xc7z020clg484-1


================================================================
== Performance Estimates
================================================================
+ Timing (ns): 
    * Summary: 
    +--------+-------+----------+------------+
    |  Clock | Target| Estimated| Uncertainty|
    +--------+-------+----------+------------+
    |ap_clk  |  10.00|      7.42|        1.25|
    +--------+-------+----------+------------+

+ Latency (clock cycles): 
    * Summary: 
    +--------+--------+--------+--------+---------+
    |     Latency     |     Interval    | Pipeline|
    |   min  |   max  |   min  |   max  |   Type  |
    +--------+--------+--------+--------+---------+
    |  557313|  557313|  557313|  557313|   none  |
    +--------+--------+--------+--------+---------+

    + Detail: 
        * Instance: 
        N/A

        * Loop: 
        +-------------+--------+--------+----------+-----------+-----------+------+----------+
        |             |     Latency     | Iteration|  Initiation Interval  | Trip |          |
        |  Loop Name  |   min  |   max  |  Latency |  achieved |   target  | Count| Pipelined|
        +-------------+--------+--------+----------+-----------+-----------+------+----------+
        |- loop_out2  |  557312|  557312|      4354|          -|          -|   128|    no    |
        | + loop_in2  |    4352|    4352|        17|          -|          -|   256|    no    |
        +-------------+--------+--------+----------+-----------+-----------+------+----------+



================================================================
== Utilization Estimates
================================================================
* Summary: 
+-----------------+---------+-------+--------+-------+
|       Name      | BRAM_18K| DSP48E|   FF   |  LUT  |
+-----------------+---------+-------+--------+-------+
|DSP              |        -|      -|       -|      -|
|Expression       |        -|      0|       0|    107|
|FIFO             |        -|      -|       -|      -|
|Instance         |        -|     16|     982|   2064|
|Memory           |        2|      -|       0|      0|
|Multiplexer      |        -|      -|       -|    199|
|Register         |        -|      -|     447|      -|
+-----------------+---------+-------+--------+-------+
|Total            |        2|     16|    1429|   2370|
+-----------------+---------+-------+--------+-------+
|Available        |      280|    220|  106400|  53200|
+-----------------+---------+-------+--------+-------+
|Utilization (%)  |    ~0   |      7|       1|      4|
+-----------------+---------+-------+--------+-------+

+ Detail: 
    * Instance: 
    +----------------------------+----------------------+---------+-------+-----+-----+
    |          Instance          |        Module        | BRAM_18K| DSP48E|  FF | LUT |
    +----------------------------+----------------------+---------+-------+-----+-----+
    |top_fadd_32ns_32neOg_x_U13  |top_fadd_32ns_32neOg  |        0|      2|  205|  390|
    |top_faddfsub_32nsdEe_x_U12  |top_faddfsub_32nsdEe  |        0|      2|  205|  390|
    |top_fmul_32ns_32nfYi_x_U14  |top_fmul_32ns_32nfYi  |        0|      3|  143|  321|
    |top_fmul_32ns_32nfYi_x_U15  |top_fmul_32ns_32nfYi  |        0|      3|  143|  321|
    |top_fmul_32ns_32nfYi_x_U16  |top_fmul_32ns_32nfYi  |        0|      3|  143|  321|
    |top_fmul_32ns_32nfYi_x_U17  |top_fmul_32ns_32nfYi  |        0|      3|  143|  321|
    +----------------------------+----------------------+---------+-------+-----+-----+
    |Total                       |                      |        0|     16|  982| 2064|
    +----------------------------+----------------------+---------+-------+-----+-----+

    * DSP48: 
    N/A

    * Memory: 
    +------------------------+----------------------+---------+---+----+------+-----+------+-------------+
    |         Memory         |        Module        | BRAM_18K| FF| LUT| Words| Bits| Banks| W*Bits*Banks|
    +------------------------+----------------------+---------+---+----+------+-----+------+-------------+
    |cos_coefficients_tab_U  |dft1_cos_coefficibkb  |        1|  0|   0|   256|   32|     1|         8192|
    |sin_coefficients_tab_U  |dft1_sin_coefficicud  |        1|  0|   0|   256|   32|     1|         8192|
    +------------------------+----------------------+---------+---+----+------+-----+------+-------------+
    |Total                   |                      |        2|  0|   0|   512|   64|     2|        16384|
    +------------------------+----------------------+---------+---+----+------+-----+------+-------------+

    * FIFO: 
    N/A

    * Expression: 
    +---------------------+----------+-------+---+----+------------+------------+
    |    Variable Name    | Operation| DSP48E| FF| LUT| Bitwidth P0| Bitwidth P1|
    +---------------------+----------+-------+---+----+------------+------------+
    |ind_fu_205_p2        |     *    |      0|  0|  41|           8|           8|
    |n_1_fu_217_p2        |     +    |      0|  0|  16|           9|           1|
    |w_2_fu_195_p2        |     +    |      0|  0|  16|           1|           9|
    |exitcond1_fu_173_p2  |   icmp   |      0|  0|  13|           9|          10|
    |exitcond_fu_189_p2   |   icmp   |      0|  0|  13|           9|          10|
    |ap_block_state1      |    or    |      0|  0|   8|           1|           1|
    +---------------------+----------+-------+---+----+------------+------------+
    |Total                |          |      0|  0| 107|          37|          39|
    +---------------------+----------+-------+---+----+------------+------------+

    * Multiplexer: 
    +-------------------+----+-----------+-----+-----------+
    |        Name       | LUT| Input Size| Bits| Total Bits|
    +-------------------+----+-----------+-----+-----------+
    |ap_NS_fsm          |  97|         20|    1|         20|
    |ap_done            |   9|          2|    1|          2|
    |grp_fu_131_opcode  |  15|          3|    2|          6|
    |grp_fu_131_p0      |  15|          3|   32|         96|
    |grp_fu_131_p1      |  15|          3|   32|         96|
    |grp_fu_135_p0      |  15|          3|   32|         96|
    |grp_fu_135_p1      |  15|          3|   32|         96|
    |n_reg_108          |   9|          2|    9|         18|
    |w_reg_120          |   9|          2|    9|         18|
    +-------------------+----+-----------+-----+-----------+
    |Total              | 199|         41|  150|        448|
    +-------------------+----+-----------+-----+-----------+

    * Register: 
    +--------------------------------+----+----+-----+-----------+
    |              Name              | FF | LUT| Bits| Const Bits|
    +--------------------------------+----+----+-----+-----------+
    |ap_CS_fsm                       |  19|   0|   19|          0|
    |ap_done_reg                     |   1|   0|    1|          0|
    |cos_coefficients_tab_2_reg_269  |  32|   0|   32|          0|
    |dft_imag_addr_reg_231           |   8|   0|    8|          0|
    |dft_imag_load_reg_318           |  32|   0|   32|          0|
    |dft_real_addr_reg_226           |   8|   0|    8|          0|
    |dft_real_load_reg_313           |  32|   0|   32|          0|
    |imag_sample_load_reg_287        |  32|   0|   32|          0|
    |n_reg_108                       |   9|   0|    9|          0|
    |real_sample_load_reg_275        |  32|   0|   32|          0|
    |reg_155                         |  32|   0|   32|          0|
    |reg_161                         |  32|   0|   32|          0|
    |sin_coefficients_tab_2_reg_281  |  32|   0|   32|          0|
    |tmp_2_reg_293                   |  32|   0|   32|          0|
    |tmp_3_reg_298                   |  32|   0|   32|          0|
    |tmp_6_reg_303                   |  32|   0|   32|          0|
    |tmp_7_reg_308                   |  32|   0|   32|          0|
    |w_2_reg_239                     |   9|   0|    9|          0|
    |w_reg_120                       |   9|   0|    9|          0|
    +--------------------------------+----+----+-----+-----------+
    |Total                           | 447|   0|  447|          0|
    +--------------------------------+----+----+-----+-----------+



================================================================
== Interface
================================================================
* Summary: 
+----------------------+-----+-----+------------+--------------+--------------+
|       RTL Ports      | Dir | Bits|  Protocol  | Source Object|    C Type    |
+----------------------+-----+-----+------------+--------------+--------------+
|ap_clk                |  in |    1| ap_ctrl_hs |     dft2     | return value |
|ap_rst                |  in |    1| ap_ctrl_hs |     dft2     | return value |
|ap_start              |  in |    1| ap_ctrl_hs |     dft2     | return value |
|ap_done               | out |    1| ap_ctrl_hs |     dft2     | return value |
|ap_continue           |  in |    1| ap_ctrl_hs |     dft2     | return value |
|ap_idle               | out |    1| ap_ctrl_hs |     dft2     | return value |
|ap_ready              | out |    1| ap_ctrl_hs |     dft2     | return value |
|real_sample_address0  | out |    8|  ap_memory |  real_sample |     array    |
|real_sample_ce0       | out |    1|  ap_memory |  real_sample |     array    |
|real_sample_q0        |  in |   32|  ap_memory |  real_sample |     array    |
|imag_sample_address0  | out |    8|  ap_memory |  imag_sample |     array    |
|imag_sample_ce0       | out |    1|  ap_memory |  imag_sample |     array    |
|imag_sample_q0        |  in |   32|  ap_memory |  imag_sample |     array    |
|dft_real_address0     | out |    8|  ap_memory |   dft_real   |     array    |
|dft_real_ce0          | out |    1|  ap_memory |   dft_real   |     array    |
|dft_real_we0          | out |    1|  ap_memory |   dft_real   |     array    |
|dft_real_d0           | out |   32|  ap_memory |   dft_real   |     array    |
|dft_real_q0           |  in |   32|  ap_memory |   dft_real   |     array    |
|dft_imag_address0     | out |    8|  ap_memory |   dft_imag   |     array    |
|dft_imag_ce0          | out |    1|  ap_memory |   dft_imag   |     array    |
|dft_imag_we0          | out |    1|  ap_memory |   dft_imag   |     array    |
|dft_imag_d0           | out |   32|  ap_memory |   dft_imag   |     array    |
|dft_imag_q0           |  in |   32|  ap_memory |   dft_imag   |     array    |
+----------------------+-----+-----+------------+--------------+--------------+

============================================================
+ Verbose Summary: Synthesis Manager
============================================================
InlineROM: 1
ExposeGlobal: 0
============================================================
+ Verbose Summary: CDFG Model
============================================================
IsTopModel: 0
ResetActiveHigh: 1
IsCombinational: 2
IsDatapathOnly: 0
HasWiredReturn: 1
HasMFsm: 0
HasVarLatency: 1
IsPipeline: 0
IsRtlPipelined: 0
IsInstanceOverlapped: 0
IsDontTouch: 0
HasImplIP: 0
IsGatedGlobalClock: 0


============================================================
+ Verbose Summary: Schedule
============================================================
* Number of FSM states: 19
* Pipeline: 0
* Dataflow Pipeline: 0

* FSM state transitions: 
1 --> 
	2  / true
2 --> 
	3  / (!exitcond1)
3 --> 
	4  / (!exitcond)
	2  / (exitcond)
4 --> 
	5  / true
5 --> 
	6  / true
6 --> 
	7  / true
7 --> 
	8  / true
8 --> 
	9  / true
9 --> 
	10  / true
10 --> 
	11  / true
11 --> 
	12  / true
12 --> 
	13  / true
13 --> 
	14  / true
14 --> 
	15  / true
15 --> 
	16  / true
16 --> 
	17  / true
17 --> 
	18  / true
18 --> 
	19  / true
19 --> 
	3  / true
* FSM state operations: 

 <State 1>: 1.77ns
ST_1: StgValue_20 (7)  [1/1] 1.77ns  loc: dft.cpp:48
:0  br label %1


 <State 2>: 1.77ns
ST_2: n (9)  [1/1] 0.00ns
:0  %n = phi i9 [ 128, %0 ], [ %n_1, %5 ]

ST_2: n_cast1 (10)  [1/1] 0.00ns  loc: dft.cpp:48
:1  %n_cast1 = zext i9 %n to i32

ST_2: exitcond1 (11)  [1/1] 1.66ns  loc: dft.cpp:48
:2  %exitcond1 = icmp eq i9 %n, -256

ST_2: empty (12)  [1/1] 0.00ns
:3  %empty = call i32 (...)* @_ssdm_op_SpecLoopTripCount(i64 128, i64 128, i64 128)

ST_2: StgValue_25 (13)  [1/1] 0.00ns  loc: dft.cpp:48
:4  br i1 %exitcond1, label %6, label %2

ST_2: StgValue_26 (15)  [1/1] 0.00ns  loc: dft.cpp:49
:0  call void (...)* @_ssdm_op_SpecLoopName([10 x i8]* @p_str4) nounwind

ST_2: tmp_1 (16)  [1/1] 0.00ns  loc: dft.cpp:49
:1  %tmp_1 = call i32 (...)* @_ssdm_op_SpecRegionBegin([10 x i8]* @p_str4)

ST_2: dft_real_addr (17)  [1/1] 0.00ns  loc: dft.cpp:55
:2  %dft_real_addr = getelementptr [256 x float]* %dft_real, i32 0, i32 %n_cast1

ST_2: dft_imag_addr (18)  [1/1] 0.00ns  loc: dft.cpp:56
:3  %dft_imag_addr = getelementptr [256 x float]* %dft_imag, i32 0, i32 %n_cast1

ST_2: StgValue_30 (19)  [1/1] 1.77ns  loc: dft.cpp:50
:4  br label %3

ST_2: StgValue_31 (59)  [1/1] 0.00ns  loc: dft.cpp:60
:0  ret void


 <State 3>: 7.42ns
ST_3: w (21)  [1/1] 0.00ns
:0  %w = phi i9 [ 0, %2 ], [ %w_2, %4 ]

ST_3: w_cast1 (22)  [1/1] 0.00ns  loc: dft.cpp:50
:1  %w_cast1 = zext i9 %w to i32

ST_3: tmp (23)  [1/1] 0.00ns  loc: dft.cpp:53
:2  %tmp = trunc i9 %w to i8

ST_3: exitcond (24)  [1/1] 1.66ns  loc: dft.cpp:50
:3  %exitcond = icmp eq i9 %w, -256

ST_3: empty_3 (25)  [1/1] 0.00ns
:4  %empty_3 = call i32 (...)* @_ssdm_op_SpecLoopTripCount(i64 256, i64 256, i64 256)

ST_3: w_2 (26)  [1/1] 1.94ns  loc: dft.cpp:50
:5  %w_2 = add i9 1, %w

ST_3: StgValue_38 (27)  [1/1] 0.00ns  loc: dft.cpp:50
:6  br i1 %exitcond, label %5, label %4

ST_3: tmp_10 (30)  [1/1] 0.00ns  loc: dft.cpp:53
:1  %tmp_10 = trunc i9 %n to i8

ST_3: ind (31)  [1/1] 4.17ns  loc: dft.cpp:53
:2  %ind = mul i8 %tmp, %tmp_10

ST_3: ind_cast (32)  [1/1] 0.00ns  loc: dft.cpp:53
:3  %ind_cast = zext i8 %ind to i32

ST_3: cos_coefficients_tab (33)  [1/1] 0.00ns  loc: dft.cpp:55
:4  %cos_coefficients_tab = getelementptr inbounds [256 x float]* @cos_coefficients_tab, i32 0, i32 %ind_cast

ST_3: cos_coefficients_tab_2 (34)  [2/2] 3.25ns  loc: dft.cpp:55
:5  %cos_coefficients_tab_2 = load float* %cos_coefficients_tab, align 4

ST_3: real_sample_addr (35)  [1/1] 0.00ns  loc: dft.cpp:55
:6  %real_sample_addr = getelementptr [256 x float]* %real_sample, i32 0, i32 %w_cast1

ST_3: real_sample_load (36)  [2/2] 3.25ns  loc: dft.cpp:55
:7  %real_sample_load = load float* %real_sample_addr, align 4

ST_3: sin_coefficients_tab (38)  [1/1] 0.00ns  loc: dft.cpp:55
:9  %sin_coefficients_tab = getelementptr inbounds [256 x float]* @sin_coefficients_tab, i32 0, i32 %ind_cast

ST_3: sin_coefficients_tab_2 (39)  [2/2] 3.25ns  loc: dft.cpp:55
:10  %sin_coefficients_tab_2 = load float* %sin_coefficients_tab, align 4

ST_3: imag_sample_addr (40)  [1/1] 0.00ns  loc: dft.cpp:55
:11  %imag_sample_addr = getelementptr [256 x float]* %imag_sample, i32 0, i32 %w_cast1

ST_3: imag_sample_load (41)  [2/2] 3.25ns  loc: dft.cpp:55
:12  %imag_sample_load = load float* %imag_sample_addr, align 4

ST_3: empty_4 (55)  [1/1] 0.00ns  loc: dft.cpp:58
:0  %empty_4 = call i32 (...)* @_ssdm_op_SpecRegionEnd([10 x i8]* @p_str4, i32 %tmp_1)

ST_3: n_1 (56)  [1/1] 1.94ns  loc: dft.cpp:48
:1  %n_1 = add i9 %n, 1

ST_3: StgValue_52 (57)  [1/1] 0.00ns  loc: dft.cpp:48
:2  br label %1


 <State 4>: 3.25ns
ST_4: cos_coefficients_tab_2 (34)  [1/2] 3.25ns  loc: dft.cpp:55
:5  %cos_coefficients_tab_2 = load float* %cos_coefficients_tab, align 4

ST_4: real_sample_load (36)  [1/2] 3.25ns  loc: dft.cpp:55
:7  %real_sample_load = load float* %real_sample_addr, align 4

ST_4: sin_coefficients_tab_2 (39)  [1/2] 3.25ns  loc: dft.cpp:55
:10  %sin_coefficients_tab_2 = load float* %sin_coefficients_tab, align 4

ST_4: imag_sample_load (41)  [1/2] 3.25ns  loc: dft.cpp:55
:12  %imag_sample_load = load float* %imag_sample_addr, align 4


 <State 5>: 5.70ns
ST_5: tmp_2 (37)  [4/4] 5.70ns  loc: dft.cpp:55
:8  %tmp_2 = fmul float %cos_coefficients_tab_2, %real_sample_load

ST_5: tmp_3 (42)  [4/4] 5.70ns  loc: dft.cpp:55
:13  %tmp_3 = fmul float %sin_coefficients_tab_2, %imag_sample_load

ST_5: tmp_6 (47)  [4/4] 5.70ns  loc: dft.cpp:56
:18  %tmp_6 = fmul float %sin_coefficients_tab_2, %real_sample_load

ST_5: tmp_7 (48)  [4/4] 5.70ns  loc: dft.cpp:56
:19  %tmp_7 = fmul float %cos_coefficients_tab_2, %imag_sample_load


 <State 6>: 5.70ns
ST_6: tmp_2 (37)  [3/4] 5.70ns  loc: dft.cpp:55
:8  %tmp_2 = fmul float %cos_coefficients_tab_2, %real_sample_load

ST_6: tmp_3 (42)  [3/4] 5.70ns  loc: dft.cpp:55
:13  %tmp_3 = fmul float %sin_coefficients_tab_2, %imag_sample_load

ST_6: tmp_6 (47)  [3/4] 5.70ns  loc: dft.cpp:56
:18  %tmp_6 = fmul float %sin_coefficients_tab_2, %real_sample_load

ST_6: tmp_7 (48)  [3/4] 5.70ns  loc: dft.cpp:56
:19  %tmp_7 = fmul float %cos_coefficients_tab_2, %imag_sample_load


 <State 7>: 5.70ns
ST_7: tmp_2 (37)  [2/4] 5.70ns  loc: dft.cpp:55
:8  %tmp_2 = fmul float %cos_coefficients_tab_2, %real_sample_load

ST_7: tmp_3 (42)  [2/4] 5.70ns  loc: dft.cpp:55
:13  %tmp_3 = fmul float %sin_coefficients_tab_2, %imag_sample_load

ST_7: tmp_6 (47)  [2/4] 5.70ns  loc: dft.cpp:56
:18  %tmp_6 = fmul float %sin_coefficients_tab_2, %real_sample_load

ST_7: tmp_7 (48)  [2/4] 5.70ns  loc: dft.cpp:56
:19  %tmp_7 = fmul float %cos_coefficients_tab_2, %imag_sample_load


 <State 8>: 5.70ns
ST_8: tmp_2 (37)  [1/4] 5.70ns  loc: dft.cpp:55
:8  %tmp_2 = fmul float %cos_coefficients_tab_2, %real_sample_load

ST_8: tmp_3 (42)  [1/4] 5.70ns  loc: dft.cpp:55
:13  %tmp_3 = fmul float %sin_coefficients_tab_2, %imag_sample_load

ST_8: tmp_6 (47)  [1/4] 5.70ns  loc: dft.cpp:56
:18  %tmp_6 = fmul float %sin_coefficients_tab_2, %real_sample_load

ST_8: tmp_7 (48)  [1/4] 5.70ns  loc: dft.cpp:56
:19  %tmp_7 = fmul float %cos_coefficients_tab_2, %imag_sample_load


 <State 9>: 7.26ns
ST_9: tmp_4 (43)  [5/5] 7.26ns  loc: dft.cpp:55
:14  %tmp_4 = fsub float %tmp_2, %tmp_3

ST_9: tmp_8 (49)  [5/5] 7.26ns  loc: dft.cpp:56
:20  %tmp_8 = fadd float %tmp_6, %tmp_7


 <State 10>: 7.26ns
ST_10: tmp_4 (43)  [4/5] 7.26ns  loc: dft.cpp:55
:14  %tmp_4 = fsub float %tmp_2, %tmp_3

ST_10: tmp_8 (49)  [4/5] 7.26ns  loc: dft.cpp:56
:20  %tmp_8 = fadd float %tmp_6, %tmp_7


 <State 11>: 7.26ns
ST_11: tmp_4 (43)  [3/5] 7.26ns  loc: dft.cpp:55
:14  %tmp_4 = fsub float %tmp_2, %tmp_3

ST_11: tmp_8 (49)  [3/5] 7.26ns  loc: dft.cpp:56
:20  %tmp_8 = fadd float %tmp_6, %tmp_7


 <State 12>: 7.26ns
ST_12: tmp_4 (43)  [2/5] 7.26ns  loc: dft.cpp:55
:14  %tmp_4 = fsub float %tmp_2, %tmp_3

ST_12: dft_real_load (44)  [2/2] 3.25ns  loc: dft.cpp:55
:15  %dft_real_load = load float* %dft_real_addr, align 4

ST_12: tmp_8 (49)  [2/5] 7.26ns  loc: dft.cpp:56
:20  %tmp_8 = fadd float %tmp_6, %tmp_7

ST_12: dft_imag_load (50)  [2/2] 3.25ns  loc: dft.cpp:56
:21  %dft_imag_load = load float* %dft_imag_addr, align 4


 <State 13>: 7.26ns
ST_13: tmp_4 (43)  [1/5] 7.26ns  loc: dft.cpp:55
:14  %tmp_4 = fsub float %tmp_2, %tmp_3

ST_13: dft_real_load (44)  [1/2] 3.25ns  loc: dft.cpp:55
:15  %dft_real_load = load float* %dft_real_addr, align 4

ST_13: tmp_8 (49)  [1/5] 7.26ns  loc: dft.cpp:56
:20  %tmp_8 = fadd float %tmp_6, %tmp_7

ST_13: dft_imag_load (50)  [1/2] 3.25ns  loc: dft.cpp:56
:21  %dft_imag_load = load float* %dft_imag_addr, align 4


 <State 14>: 7.26ns
ST_14: tmp_5 (45)  [5/5] 7.26ns  loc: dft.cpp:55
:16  %tmp_5 = fadd float %dft_real_load, %tmp_4

ST_14: tmp_9 (51)  [5/5] 7.26ns  loc: dft.cpp:56
:22  %tmp_9 = fadd float %dft_imag_load, %tmp_8


 <State 15>: 7.26ns
ST_15: tmp_5 (45)  [4/5] 7.26ns  loc: dft.cpp:55
:16  %tmp_5 = fadd float %dft_real_load, %tmp_4

ST_15: tmp_9 (51)  [4/5] 7.26ns  loc: dft.cpp:56
:22  %tmp_9 = fadd float %dft_imag_load, %tmp_8


 <State 16>: 7.26ns
ST_16: tmp_5 (45)  [3/5] 7.26ns  loc: dft.cpp:55
:16  %tmp_5 = fadd float %dft_real_load, %tmp_4

ST_16: tmp_9 (51)  [3/5] 7.26ns  loc: dft.cpp:56
:22  %tmp_9 = fadd float %dft_imag_load, %tmp_8


 <State 17>: 7.26ns
ST_17: tmp_5 (45)  [2/5] 7.26ns  loc: dft.cpp:55
:16  %tmp_5 = fadd float %dft_real_load, %tmp_4

ST_17: tmp_9 (51)  [2/5] 7.26ns  loc: dft.cpp:56
:22  %tmp_9 = fadd float %dft_imag_load, %tmp_8


 <State 18>: 7.26ns
ST_18: tmp_5 (45)  [1/5] 7.26ns  loc: dft.cpp:55
:16  %tmp_5 = fadd float %dft_real_load, %tmp_4

ST_18: tmp_9 (51)  [1/5] 7.26ns  loc: dft.cpp:56
:22  %tmp_9 = fadd float %dft_imag_load, %tmp_8


 <State 19>: 3.25ns
ST_19: StgValue_97 (29)  [1/1] 0.00ns  loc: dft.cpp:51
:0  call void (...)* @_ssdm_op_SpecLoopName([9 x i8]* @p_str5) nounwind

ST_19: StgValue_98 (46)  [1/1] 3.25ns  loc: dft.cpp:55
:17  store float %tmp_5, float* %dft_real_addr, align 4

ST_19: StgValue_99 (52)  [1/1] 3.25ns  loc: dft.cpp:56
:23  store float %tmp_9, float* %dft_imag_addr, align 4

ST_19: StgValue_100 (53)  [1/1] 0.00ns  loc: dft.cpp:50
:24  br label %3



============================================================
+ Verbose Summary: Binding
============================================================
STG Binding: 
---------------- STG Properties BEGIN ----------------
- Is combinational: 0
- Is one-state seq: 0
- Is datapath-only: 0
- Is pipelined: 0
- Is top level: 0
Port [ Return ] is wired: 1; IO mode=ap_ctrl_hs:ce=0
Port [ real_sample]:  wired=1; compound=1; hidden=0; nouse=0; global=0; static=0; extern=0; dir=0; type=1; pingpong=1; private_global=0; MemPort=[13]; IO mode=ap_memory:ce=0
Port [ imag_sample]:  wired=1; compound=1; hidden=0; nouse=0; global=0; static=0; extern=0; dir=0; type=1; pingpong=1; private_global=0; MemPort=[13]; IO mode=ap_memory:ce=0
Port [ dft_real]:  wired=1; compound=1; hidden=0; nouse=0; global=0; static=0; extern=0; dir=2; type=1; pingpong=1; private_global=0; MemPort=[23]; IO mode=ap_memory:ce=0
Port [ dft_imag]:  wired=1; compound=1; hidden=0; nouse=0; global=0; static=0; extern=0; dir=2; type=1; pingpong=1; private_global=0; MemPort=[23]; IO mode=ap_memory:ce=0
Port [ cos_coefficients_tab]:  wired=0; compound=1; hidden=1; nouse=0; global=1; static=1; extern=0; dir=0; type=1; pingpong=0; private_global=1; linkage=7; visibility=0; MemPort=[1]; IO mode=ap_memory:ce=0
Port [ sin_coefficients_tab]:  wired=0; compound=1; hidden=1; nouse=0; global=1; static=1; extern=0; dir=0; type=1; pingpong=0; private_global=1; linkage=7; visibility=0; MemPort=[1]; IO mode=ap_memory:ce=0
---------------- STG Properties END ------------------

---------------- Datapath Model BEGIN ----------------

<LifeTime>
<method=bitvector/>
StgValue_20            (br               ) [ 01111111111111111111]
n                      (phi              ) [ 00111111111111111111]
n_cast1                (zext             ) [ 00000000000000000000]
exitcond1              (icmp             ) [ 00111111111111111111]
empty                  (speclooptripcount) [ 00000000000000000000]
StgValue_25            (br               ) [ 00000000000000000000]
StgValue_26            (specloopname     ) [ 00000000000000000000]
tmp_1                  (specregionbegin  ) [ 00011111111111111111]
dft_real_addr          (getelementptr    ) [ 00011111111111111111]
dft_imag_addr          (getelementptr    ) [ 00011111111111111111]
StgValue_30            (br               ) [ 00111111111111111111]
StgValue_31            (ret              ) [ 00000000000000000000]
w                      (phi              ) [ 00010000000000000000]
w_cast1                (zext             ) [ 00000000000000000000]
tmp                    (trunc            ) [ 00000000000000000000]
exitcond               (icmp             ) [ 00111111111111111111]
empty_3                (speclooptripcount) [ 00000000000000000000]
w_2                    (add              ) [ 00111111111111111111]
StgValue_38            (br               ) [ 00000000000000000000]
tmp_10                 (trunc            ) [ 00000000000000000000]
ind                    (mul              ) [ 00000000000000000000]
ind_cast               (zext             ) [ 00000000000000000000]
cos_coefficients_tab   (getelementptr    ) [ 00001000000000000000]
real_sample_addr       (getelementptr    ) [ 00001000000000000000]
sin_coefficients_tab   (getelementptr    ) [ 00001000000000000000]
imag_sample_addr       (getelementptr    ) [ 00001000000000000000]
empty_4                (specregionend    ) [ 00000000000000000000]
n_1                    (add              ) [ 01111111111111111111]
StgValue_52            (br               ) [ 01111111111111111111]
cos_coefficients_tab_2 (load             ) [ 00000111100000000000]
real_sample_load       (load             ) [ 00000111100000000000]
sin_coefficients_tab_2 (load             ) [ 00000111100000000000]
imag_sample_load       (load             ) [ 00000111100000000000]
tmp_2                  (fmul             ) [ 00000000011111000000]
tmp_3                  (fmul             ) [ 00000000011111000000]
tmp_6                  (fmul             ) [ 00000000011111000000]
tmp_7                  (fmul             ) [ 00000000011111000000]
tmp_4                  (fsub             ) [ 00000000000000111110]
dft_real_load          (load             ) [ 00000000000000111110]
tmp_8                  (fadd             ) [ 00000000000000111110]
dft_imag_load          (load             ) [ 00000000000000111110]
tmp_5                  (fadd             ) [ 00000000000000000001]
tmp_9                  (fadd             ) [ 00000000000000000001]
StgValue_97            (specloopname     ) [ 00000000000000000000]
StgValue_98            (store            ) [ 00000000000000000000]
StgValue_99            (store            ) [ 00000000000000000000]
StgValue_100           (br               ) [ 00111111111111111111]
</LifeTime>

<model>

<comp_list>
<comp id="0" class="1000" name="real_sample">
<pin_list>
<pin id="1" dir="1" index="0" bw="1" slack="0"/>
</pin_list>
<bind>
<StgValue><ssdm name="real_sample"/><MemPortTyVec>1 3 </MemPortTyVec>
</StgValue>
</bind>
</comp>

<comp id="2" class="1000" name="imag_sample">
<pin_list>
<pin id="3" dir="1" index="0" bw="1" slack="0"/>
</pin_list>
<bind>
<StgValue><ssdm name="imag_sample"/><MemPortTyVec>1 3 </MemPortTyVec>
</StgValue>
</bind>
</comp>

<comp id="4" class="1000" name="dft_real">
<pin_list>
<pin id="5" dir="1" index="0" bw="1" slack="0"/>
</pin_list>
<bind>
<StgValue><ssdm name="dft_real"/><MemPortTyVec>2 3 </MemPortTyVec>
</StgValue>
</bind>
</comp>

<comp id="6" class="1000" name="dft_imag">
<pin_list>
<pin id="7" dir="1" index="0" bw="1" slack="0"/>
</pin_list>
<bind>
<StgValue><ssdm name="dft_imag"/><MemPortTyVec>2 3 </MemPortTyVec>
</StgValue>
</bind>
</comp>

<comp id="8" class="1000" name="cos_coefficients_tab">
<pin_list>
<pin id="9" dir="1" index="0" bw="1" slack="0"/>
</pin_list>
<bind>
<StgValue><ssdm name="cos_coefficients_tab"/><MemPortTyVec>1 </MemPortTyVec>
</StgValue>
</bind>
</comp>

<comp id="10" class="1000" name="sin_coefficients_tab">
<pin_list>
<pin id="11" dir="1" index="0" bw="1" slack="0"/>
</pin_list>
<bind>
<StgValue><ssdm name="sin_coefficients_tab"/><MemPortTyVec>1 </MemPortTyVec>
</StgValue>
</bind>
</comp>

<comp id="12" class="1001" name="const_12">
<pin_list>
<pin id="13" dir="1" index="0" bw="1" slack="1"/>
</pin_list>
<bind>
<StgValue><ssdm name=""/></StgValue>
</bind>
</comp>

<comp id="14" class="1001" name="const_14">
<pin_list>
<pin id="15" dir="1" index="0" bw="1" slack="0"/>
</pin_list>
<bind>
<StgValue><ssdm name=""/></StgValue>
</bind>
</comp>

<comp id="16" class="1001" name="const_16">
<pin_list>
<pin id="17" dir="1" index="0" bw="1" slack="2147483647"/>
</pin_list>
<bind>
<StgValue><ssdm name="_ssdm_op_SpecLoopTripCount"/></StgValue>
</bind>
</comp>

<comp id="18" class="1001" name="const_18">
<pin_list>
<pin id="19" dir="1" index="0" bw="1" slack="2147483647"/>
</pin_list>
<bind>
<StgValue><ssdm name=""/></StgValue>
</bind>
</comp>

<comp id="20" class="1001" name="const_20">
<pin_list>
<pin id="21" dir="1" index="0" bw="1" slack="2147483647"/>
</pin_list>
<bind>
<StgValue><ssdm name="_ssdm_op_SpecLoopName"/></StgValue>
</bind>
</comp>

<comp id="22" class="1001" name="const_22">
<pin_list>
<pin id="23" dir="1" index="0" bw="1" slack="2147483647"/>
</pin_list>
<bind>
<StgValue><ssdm name="p_str4"/></StgValue>
</bind>
</comp>

<comp id="24" class="1001" name="const_24">
<pin_list>
<pin id="25" dir="1" index="0" bw="1" slack="2147483647"/>
</pin_list>
<bind>
<StgValue><ssdm name="_ssdm_op_SpecRegionBegin"/></StgValue>
</bind>
</comp>

<comp id="26" class="1001" name="const_26">
<pin_list>
<pin id="27" dir="1" index="0" bw="1" slack="0"/>
</pin_list>
<bind>
<StgValue><ssdm name=""/></StgValue>
</bind>
</comp>

<comp id="28" class="1001" name="const_28">
<pin_list>
<pin id="29" dir="1" index="0" bw="1" slack="1"/>
</pin_list>
<bind>
<StgValue><ssdm name=""/></StgValue>
</bind>
</comp>

<comp id="30" class="1001" name="const_30">
<pin_list>
<pin id="31" dir="1" index="0" bw="1" slack="2147483647"/>
</pin_list>
<bind>
<StgValue><ssdm name=""/></StgValue>
</bind>
</comp>

<comp id="32" class="1001" name="const_32">
<pin_list>
<pin id="33" dir="1" index="0" bw="1" slack="0"/>
</pin_list>
<bind>
<StgValue><ssdm name=""/></StgValue>
</bind>
</comp>

<comp id="34" class="1001" name="const_34">
<pin_list>
<pin id="35" dir="1" index="0" bw="1" slack="2147483647"/>
</pin_list>
<bind>
<StgValue><ssdm name="_ssdm_op_SpecRegionEnd"/></StgValue>
</bind>
</comp>

<comp id="36" class="1001" name="const_36">
<pin_list>
<pin id="37" dir="1" index="0" bw="1" slack="2147483647"/>
</pin_list>
<bind>
<StgValue><ssdm name="p_str5"/></StgValue>
</bind>
</comp>

<comp id="38" class="1004" name="dft_real_addr_gep_fu_38">
<pin_list>
<pin id="39" dir="0" index="0" bw="32" slack="0"/>
<pin id="40" dir="0" index="1" bw="1" slack="0"/>
<pin id="41" dir="0" index="2" bw="9" slack="0"/>
<pin id="42" dir="1" index="3" bw="8" slack="10"/>
</pin_list>
<bind>
<opcode="getelementptr(29) " fcode="getelementptr"/>
<opset="dft_real_addr/2 "/>
</bind>
</comp>

<comp id="45" class="1004" name="dft_imag_addr_gep_fu_45">
<pin_list>
<pin id="46" dir="0" index="0" bw="32" slack="0"/>
<pin id="47" dir="0" index="1" bw="1" slack="0"/>
<pin id="48" dir="0" index="2" bw="9" slack="0"/>
<pin id="49" dir="1" index="3" bw="8" slack="10"/>
</pin_list>
<bind>
<opcode="getelementptr(29) " fcode="getelementptr"/>
<opset="dft_imag_addr/2 "/>
</bind>
</comp>

<comp id="52" class="1004" name="cos_coefficients_tab_gep_fu_52">
<pin_list>
<pin id="53" dir="0" index="0" bw="32" slack="0"/>
<pin id="54" dir="0" index="1" bw="1" slack="0"/>
<pin id="55" dir="0" index="2" bw="8" slack="0"/>
<pin id="56" dir="1" index="3" bw="8" slack="0"/>
</pin_list>
<bind>
<opcode="getelementptr(29) " fcode="getelementptr"/>
<opset="cos_coefficients_tab/3 "/>
</bind>
</comp>

<comp id="59" class="1004" name="grp_access_fu_59">
<pin_list>
<pin id="60" dir="0" index="0" bw="8" slack="0"/>
<pin id="61" dir="0" index="1" bw="32" slack="2147483647"/>
<pin id="62" dir="1" index="2" bw="32" slack="1"/>
</pin_list>
<bind>
<opcode="load(27) " fcode="load"/>
<opset="cos_coefficients_tab_2/3 "/>
</bind>
</comp>

<comp id="64" class="1004" name="real_sample_addr_gep_fu_64">
<pin_list>
<pin id="65" dir="0" index="0" bw="32" slack="0"/>
<pin id="66" dir="0" index="1" bw="1" slack="0"/>
<pin id="67" dir="0" index="2" bw="9" slack="0"/>
<pin id="68" dir="1" index="3" bw="8" slack="0"/>
</pin_list>
<bind>
<opcode="getelementptr(29) " fcode="getelementptr"/>
<opset="real_sample_addr/3 "/>
</bind>
</comp>

<comp id="71" class="1004" name="grp_access_fu_71">
<pin_list>
<pin id="72" dir="0" index="0" bw="8" slack="0"/>
<pin id="73" dir="0" index="1" bw="32" slack="2147483647"/>
<pin id="74" dir="1" index="2" bw="32" slack="1"/>
</pin_list>
<bind>
<opcode="load(27) " fcode="load"/>
<opset="real_sample_load/3 "/>
</bind>
</comp>

<comp id="76" class="1004" name="sin_coefficients_tab_gep_fu_76">
<pin_list>
<pin id="77" dir="0" index="0" bw="32" slack="0"/>
<pin id="78" dir="0" index="1" bw="1" slack="0"/>
<pin id="79" dir="0" index="2" bw="8" slack="0"/>
<pin id="80" dir="1" index="3" bw="8" slack="0"/>
</pin_list>
<bind>
<opcode="getelementptr(29) " fcode="getelementptr"/>
<opset="sin_coefficients_tab/3 "/>
</bind>
</comp>

<comp id="83" class="1004" name="grp_access_fu_83">
<pin_list>
<pin id="84" dir="0" index="0" bw="8" slack="0"/>
<pin id="85" dir="0" index="1" bw="32" slack="2147483647"/>
<pin id="86" dir="1" index="2" bw="32" slack="1"/>
</pin_list>
<bind>
<opcode="load(27) " fcode="load"/>
<opset="sin_coefficients_tab_2/3 "/>
</bind>
</comp>

<comp id="88" class="1004" name="imag_sample_addr_gep_fu_88">
<pin_list>
<pin id="89" dir="0" index="0" bw="32" slack="0"/>
<pin id="90" dir="0" index="1" bw="1" slack="0"/>
<pin id="91" dir="0" index="2" bw="9" slack="0"/>
<pin id="92" dir="1" index="3" bw="8" slack="0"/>
</pin_list>
<bind>
<opcode="getelementptr(29) " fcode="getelementptr"/>
<opset="imag_sample_addr/3 "/>
</bind>
</comp>

<comp id="95" class="1004" name="grp_access_fu_95">
<pin_list>
<pin id="96" dir="0" index="0" bw="8" slack="0"/>
<pin id="97" dir="0" index="1" bw="32" slack="2147483647"/>
<pin id="98" dir="1" index="2" bw="32" slack="1"/>
</pin_list>
<bind>
<opcode="load(27) " fcode="load"/>
<opset="imag_sample_load/3 "/>
</bind>
</comp>

<comp id="100" class="1004" name="grp_access_fu_100">
<pin_list>
<pin id="101" dir="0" index="0" bw="8" slack="10"/>
<pin id="102" dir="0" index="1" bw="32" slack="1"/>
<pin id="103" dir="1" index="2" bw="32" slack="1"/>
</pin_list>
<bind>
<opcode="load(27) store(28) " fcode="store"/>
<opset="dft_real_load/12 StgValue_98/19 "/>
</bind>
</comp>

<comp id="104" class="1004" name="grp_access_fu_104">
<pin_list>
<pin id="105" dir="0" index="0" bw="8" slack="10"/>
<pin id="106" dir="0" index="1" bw="32" slack="1"/>
<pin id="107" dir="1" index="2" bw="32" slack="1"/>
</pin_list>
<bind>
<opcode="load(27) store(28) " fcode="store"/>
<opset="dft_imag_load/12 StgValue_99/19 "/>
</bind>
</comp>

<comp id="108" class="1005" name="n_reg_108">
<pin_list>
<pin id="109" dir="0" index="0" bw="9" slack="1"/>
<pin id="110" dir="1" index="1" bw="9" slack="1"/>
</pin_list>
<bind>
<opset="n (phireg) "/>
</bind>
</comp>

<comp id="112" class="1004" name="n_phi_fu_112">
<pin_list>
<pin id="113" dir="0" index="0" bw="9" slack="1"/>
<pin id="114" dir="0" index="1" bw="0" slack="2147483647"/>
<pin id="115" dir="0" index="2" bw="9" slack="1"/>
<pin id="116" dir="0" index="3" bw="0" slack="2147483647"/>
<pin id="117" dir="1" index="4" bw="9" slack="0"/>
</pin_list>
<bind>
<opcode="phi(47) " fcode="phi"/>
<opset="n/2 "/>
</bind>
</comp>

<comp id="120" class="1005" name="w_reg_120">
<pin_list>
<pin id="121" dir="0" index="0" bw="9" slack="1"/>
<pin id="122" dir="1" index="1" bw="9" slack="1"/>
</pin_list>
<bind>
<opset="w (phireg) "/>
</bind>
</comp>

<comp id="124" class="1004" name="w_phi_fu_124">
<pin_list>
<pin id="125" dir="0" index="0" bw="1" slack="1"/>
<pin id="126" dir="0" index="1" bw="0" slack="2147483647"/>
<pin id="127" dir="0" index="2" bw="9" slack="0"/>
<pin id="128" dir="0" index="3" bw="0" slack="2147483647"/>
<pin id="129" dir="1" index="4" bw="9" slack="0"/>
</pin_list>
<bind>
<opcode="phi(47) " fcode="phi"/>
<opset="w/3 "/>
</bind>
</comp>

<comp id="131" class="1004" name="grp_fu_131">
<pin_list>
<pin id="132" dir="0" index="0" bw="32" slack="1"/>
<pin id="133" dir="0" index="1" bw="32" slack="1"/>
<pin id="134" dir="1" index="2" bw="32" slack="1"/>
</pin_list>
<bind>
<opcode="fadd(9) fsub(11) " fcode="fadd"/>
<opset="tmp_4/9 tmp_5/14 "/>
</bind>
</comp>

<comp id="135" class="1004" name="grp_fu_135">
<pin_list>
<pin id="136" dir="0" index="0" bw="32" slack="1"/>
<pin id="137" dir="0" index="1" bw="32" slack="1"/>
<pin id="138" dir="1" index="2" bw="32" slack="1"/>
</pin_list>
<bind>
<opcode="fadd(9) " fcode="fadd"/>
<opset="tmp_8/9 tmp_9/14 "/>
</bind>
</comp>

<comp id="139" class="1004" name="grp_fu_139">
<pin_list>
<pin id="140" dir="0" index="0" bw="32" slack="1"/>
<pin id="141" dir="0" index="1" bw="32" slack="1"/>
<pin id="142" dir="1" index="2" bw="32" slack="1"/>
</pin_list>
<bind>
<opcode="fmul(13) " fcode="fmul"/>
<opset="tmp_2/5 "/>
</bind>
</comp>

<comp id="143" class="1004" name="grp_fu_143">
<pin_list>
<pin id="144" dir="0" index="0" bw="32" slack="1"/>
<pin id="145" dir="0" index="1" bw="32" slack="1"/>
<pin id="146" dir="1" index="2" bw="32" slack="1"/>
</pin_list>
<bind>
<opcode="fmul(13) " fcode="fmul"/>
<opset="tmp_3/5 "/>
</bind>
</comp>

<comp id="147" class="1004" name="grp_fu_147">
<pin_list>
<pin id="148" dir="0" index="0" bw="32" slack="1"/>
<pin id="149" dir="0" index="1" bw="32" slack="1"/>
<pin id="150" dir="1" index="2" bw="32" slack="1"/>
</pin_list>
<bind>
<opcode="fmul(13) " fcode="fmul"/>
<opset="tmp_6/5 "/>
</bind>
</comp>

<comp id="151" class="1004" name="grp_fu_151">
<pin_list>
<pin id="152" dir="0" index="0" bw="32" slack="1"/>
<pin id="153" dir="0" index="1" bw="32" slack="1"/>
<pin id="154" dir="1" index="2" bw="32" slack="1"/>
</pin_list>
<bind>
<opcode="fmul(13) " fcode="fmul"/>
<opset="tmp_7/5 "/>
</bind>
</comp>

<comp id="155" class="1005" name="reg_155">
<pin_list>
<pin id="156" dir="0" index="0" bw="32" slack="1"/>
<pin id="157" dir="1" index="1" bw="32" slack="1"/>
</pin_list>
<bind>
<opset="tmp_4 tmp_5 "/>
</bind>
</comp>

<comp id="161" class="1005" name="reg_161">
<pin_list>
<pin id="162" dir="0" index="0" bw="32" slack="1"/>
<pin id="163" dir="1" index="1" bw="32" slack="1"/>
</pin_list>
<bind>
<opset="tmp_8 tmp_9 "/>
</bind>
</comp>

<comp id="167" class="1004" name="n_cast1_fu_167">
<pin_list>
<pin id="168" dir="0" index="0" bw="9" slack="0"/>
<pin id="169" dir="1" index="1" bw="32" slack="0"/>
</pin_list>
<bind>
<opcode="zext(34) " fcode="zext"/>
<opset="n_cast1/2 "/>
</bind>
</comp>

<comp id="173" class="1004" name="exitcond1_fu_173">
<pin_list>
<pin id="174" dir="0" index="0" bw="9" slack="0"/>
<pin id="175" dir="0" index="1" bw="9" slack="0"/>
<pin id="176" dir="1" index="2" bw="1" slack="2147483647"/>
</pin_list>
<bind>
<opcode="icmp(45) " fcode="icmp"/>
<opset="exitcond1/2 "/>
</bind>
</comp>

<comp id="179" class="1004" name="w_cast1_fu_179">
<pin_list>
<pin id="180" dir="0" index="0" bw="9" slack="0"/>
<pin id="181" dir="1" index="1" bw="32" slack="0"/>
</pin_list>
<bind>
<opcode="zext(34) " fcode="zext"/>
<opset="w_cast1/3 "/>
</bind>
</comp>

<comp id="185" class="1004" name="tmp_fu_185">
<pin_list>
<pin id="186" dir="0" index="0" bw="9" slack="0"/>
<pin id="187" dir="1" index="1" bw="8" slack="0"/>
</pin_list>
<bind>
<opcode="trunc(33) " fcode="trunc"/>
<opset="tmp/3 "/>
</bind>
</comp>

<comp id="189" class="1004" name="exitcond_fu_189">
<pin_list>
<pin id="190" dir="0" index="0" bw="9" slack="0"/>
<pin id="191" dir="0" index="1" bw="9" slack="0"/>
<pin id="192" dir="1" index="2" bw="1" slack="2147483647"/>
</pin_list>
<bind>
<opcode="icmp(45) " fcode="icmp"/>
<opset="exitcond/3 "/>
</bind>
</comp>

<comp id="195" class="1004" name="w_2_fu_195">
<pin_list>
<pin id="196" dir="0" index="0" bw="1" slack="0"/>
<pin id="197" dir="0" index="1" bw="9" slack="0"/>
<pin id="198" dir="1" index="2" bw="9" slack="0"/>
</pin_list>
<bind>
<opcode="add(8) " fcode="add"/>
<opset="w_2/3 "/>
</bind>
</comp>

<comp id="201" class="1004" name="tmp_10_fu_201">
<pin_list>
<pin id="202" dir="0" index="0" bw="9" slack="1"/>
<pin id="203" dir="1" index="1" bw="8" slack="0"/>
</pin_list>
<bind>
<opcode="trunc(33) " fcode="trunc"/>
<opset="tmp_10/3 "/>
</bind>
</comp>

<comp id="205" class="1004" name="ind_fu_205">
<pin_list>
<pin id="206" dir="0" index="0" bw="8" slack="0"/>
<pin id="207" dir="0" index="1" bw="8" slack="0"/>
<pin id="208" dir="1" index="2" bw="8" slack="0"/>
</pin_list>
<bind>
<opcode="mul(12) " fcode="mul"/>
<opset="ind/3 "/>
</bind>
</comp>

<comp id="211" class="1004" name="ind_cast_fu_211">
<pin_list>
<pin id="212" dir="0" index="0" bw="8" slack="0"/>
<pin id="213" dir="1" index="1" bw="32" slack="0"/>
</pin_list>
<bind>
<opcode="zext(34) " fcode="zext"/>
<opset="ind_cast/3 "/>
</bind>
</comp>

<comp id="217" class="1004" name="n_1_fu_217">
<pin_list>
<pin id="218" dir="0" index="0" bw="9" slack="1"/>
<pin id="219" dir="0" index="1" bw="1" slack="0"/>
<pin id="220" dir="1" index="2" bw="9" slack="1"/>
</pin_list>
<bind>
<opcode="add(8) " fcode="add"/>
<opset="n_1/3 "/>
</bind>
</comp>

<comp id="226" class="1005" name="dft_real_addr_reg_226">
<pin_list>
<pin id="227" dir="0" index="0" bw="8" slack="10"/>
<pin id="228" dir="1" index="1" bw="8" slack="10"/>
</pin_list>
<bind>
<opset="dft_real_addr "/>
</bind>
</comp>

<comp id="231" class="1005" name="dft_imag_addr_reg_231">
<pin_list>
<pin id="232" dir="0" index="0" bw="8" slack="10"/>
<pin id="233" dir="1" index="1" bw="8" slack="10"/>
</pin_list>
<bind>
<opset="dft_imag_addr "/>
</bind>
</comp>

<comp id="239" class="1005" name="w_2_reg_239">
<pin_list>
<pin id="240" dir="0" index="0" bw="9" slack="0"/>
<pin id="241" dir="1" index="1" bw="9" slack="0"/>
</pin_list>
<bind>
<opset="w_2 "/>
</bind>
</comp>

<comp id="244" class="1005" name="cos_coefficients_tab_reg_244">
<pin_list>
<pin id="245" dir="0" index="0" bw="8" slack="1"/>
<pin id="246" dir="1" index="1" bw="8" slack="1"/>
</pin_list>
<bind>
<opset="cos_coefficients_tab "/>
</bind>
</comp>

<comp id="249" class="1005" name="real_sample_addr_reg_249">
<pin_list>
<pin id="250" dir="0" index="0" bw="8" slack="1"/>
<pin id="251" dir="1" index="1" bw="8" slack="1"/>
</pin_list>
<bind>
<opset="real_sample_addr "/>
</bind>
</comp>

<comp id="254" class="1005" name="sin_coefficients_tab_reg_254">
<pin_list>
<pin id="255" dir="0" index="0" bw="8" slack="1"/>
<pin id="256" dir="1" index="1" bw="8" slack="1"/>
</pin_list>
<bind>
<opset="sin_coefficients_tab "/>
</bind>
</comp>

<comp id="259" class="1005" name="imag_sample_addr_reg_259">
<pin_list>
<pin id="260" dir="0" index="0" bw="8" slack="1"/>
<pin id="261" dir="1" index="1" bw="8" slack="1"/>
</pin_list>
<bind>
<opset="imag_sample_addr "/>
</bind>
</comp>

<comp id="264" class="1005" name="n_1_reg_264">
<pin_list>
<pin id="265" dir="0" index="0" bw="9" slack="1"/>
<pin id="266" dir="1" index="1" bw="9" slack="1"/>
</pin_list>
<bind>
<opset="n_1 "/>
</bind>
</comp>

<comp id="269" class="1005" name="cos_coefficients_tab_2_reg_269">
<pin_list>
<pin id="270" dir="0" index="0" bw="32" slack="1"/>
<pin id="271" dir="1" index="1" bw="32" slack="1"/>
</pin_list>
<bind>
<opset="cos_coefficients_tab_2 "/>
</bind>
</comp>

<comp id="275" class="1005" name="real_sample_load_reg_275">
<pin_list>
<pin id="276" dir="0" index="0" bw="32" slack="1"/>
<pin id="277" dir="1" index="1" bw="32" slack="1"/>
</pin_list>
<bind>
<opset="real_sample_load "/>
</bind>
</comp>

<comp id="281" class="1005" name="sin_coefficients_tab_2_reg_281">
<pin_list>
<pin id="282" dir="0" index="0" bw="32" slack="1"/>
<pin id="283" dir="1" index="1" bw="32" slack="1"/>
</pin_list>
<bind>
<opset="sin_coefficients_tab_2 "/>
</bind>
</comp>

<comp id="287" class="1005" name="imag_sample_load_reg_287">
<pin_list>
<pin id="288" dir="0" index="0" bw="32" slack="1"/>
<pin id="289" dir="1" index="1" bw="32" slack="1"/>
</pin_list>
<bind>
<opset="imag_sample_load "/>
</bind>
</comp>

<comp id="293" class="1005" name="tmp_2_reg_293">
<pin_list>
<pin id="294" dir="0" index="0" bw="32" slack="1"/>
<pin id="295" dir="1" index="1" bw="32" slack="1"/>
</pin_list>
<bind>
<opset="tmp_2 "/>
</bind>
</comp>

<comp id="298" class="1005" name="tmp_3_reg_298">
<pin_list>
<pin id="299" dir="0" index="0" bw="32" slack="1"/>
<pin id="300" dir="1" index="1" bw="32" slack="1"/>
</pin_list>
<bind>
<opset="tmp_3 "/>
</bind>
</comp>

<comp id="303" class="1005" name="tmp_6_reg_303">
<pin_list>
<pin id="304" dir="0" index="0" bw="32" slack="1"/>
<pin id="305" dir="1" index="1" bw="32" slack="1"/>
</pin_list>
<bind>
<opset="tmp_6 "/>
</bind>
</comp>

<comp id="308" class="1005" name="tmp_7_reg_308">
<pin_list>
<pin id="309" dir="0" index="0" bw="32" slack="1"/>
<pin id="310" dir="1" index="1" bw="32" slack="1"/>
</pin_list>
<bind>
<opset="tmp_7 "/>
</bind>
</comp>

<comp id="313" class="1005" name="dft_real_load_reg_313">
<pin_list>
<pin id="314" dir="0" index="0" bw="32" slack="1"/>
<pin id="315" dir="1" index="1" bw="32" slack="1"/>
</pin_list>
<bind>
<opset="dft_real_load "/>
</bind>
</comp>

<comp id="318" class="1005" name="dft_imag_load_reg_318">
<pin_list>
<pin id="319" dir="0" index="0" bw="32" slack="1"/>
<pin id="320" dir="1" index="1" bw="32" slack="1"/>
</pin_list>
<bind>
<opset="dft_imag_load "/>
</bind>
</comp>

</comp_list>

<net_list>
<net id="43"><net_src comp="4" pin="0"/><net_sink comp="38" pin=0"/></net>

<net id="44"><net_src comp="26" pin="0"/><net_sink comp="38" pin=1"/></net>

<net id="50"><net_src comp="6" pin="0"/><net_sink comp="45" pin=0"/></net>

<net id="51"><net_src comp="26" pin="0"/><net_sink comp="45" pin=1"/></net>

<net id="57"><net_src comp="8" pin="0"/><net_sink comp="52" pin=0"/></net>

<net id="58"><net_src comp="26" pin="0"/><net_sink comp="52" pin=1"/></net>

<net id="63"><net_src comp="52" pin="3"/><net_sink comp="59" pin=0"/></net>

<net id="69"><net_src comp="0" pin="0"/><net_sink comp="64" pin=0"/></net>

<net id="70"><net_src comp="26" pin="0"/><net_sink comp="64" pin=1"/></net>

<net id="75"><net_src comp="64" pin="3"/><net_sink comp="71" pin=0"/></net>

<net id="81"><net_src comp="10" pin="0"/><net_sink comp="76" pin=0"/></net>

<net id="82"><net_src comp="26" pin="0"/><net_sink comp="76" pin=1"/></net>

<net id="87"><net_src comp="76" pin="3"/><net_sink comp="83" pin=0"/></net>

<net id="93"><net_src comp="2" pin="0"/><net_sink comp="88" pin=0"/></net>

<net id="94"><net_src comp="26" pin="0"/><net_sink comp="88" pin=1"/></net>

<net id="99"><net_src comp="88" pin="3"/><net_sink comp="95" pin=0"/></net>

<net id="111"><net_src comp="12" pin="0"/><net_sink comp="108" pin=0"/></net>

<net id="118"><net_src comp="108" pin="1"/><net_sink comp="112" pin=0"/></net>

<net id="119"><net_src comp="112" pin="4"/><net_sink comp="108" pin=0"/></net>

<net id="123"><net_src comp="28" pin="0"/><net_sink comp="120" pin=0"/></net>

<net id="130"><net_src comp="120" pin="1"/><net_sink comp="124" pin=0"/></net>

<net id="158"><net_src comp="131" pin="2"/><net_sink comp="155" pin=0"/></net>

<net id="159"><net_src comp="155" pin="1"/><net_sink comp="131" pin=1"/></net>

<net id="160"><net_src comp="155" pin="1"/><net_sink comp="100" pin=1"/></net>

<net id="164"><net_src comp="135" pin="2"/><net_sink comp="161" pin=0"/></net>

<net id="165"><net_src comp="161" pin="1"/><net_sink comp="135" pin=1"/></net>

<net id="166"><net_src comp="161" pin="1"/><net_sink comp="104" pin=1"/></net>

<net id="170"><net_src comp="112" pin="4"/><net_sink comp="167" pin=0"/></net>

<net id="171"><net_src comp="167" pin="1"/><net_sink comp="38" pin=2"/></net>

<net id="172"><net_src comp="167" pin="1"/><net_sink comp="45" pin=2"/></net>

<net id="177"><net_src comp="112" pin="4"/><net_sink comp="173" pin=0"/></net>

<net id="178"><net_src comp="14" pin="0"/><net_sink comp="173" pin=1"/></net>

<net id="182"><net_src comp="124" pin="4"/><net_sink comp="179" pin=0"/></net>

<net id="183"><net_src comp="179" pin="1"/><net_sink comp="64" pin=2"/></net>

<net id="184"><net_src comp="179" pin="1"/><net_sink comp="88" pin=2"/></net>

<net id="188"><net_src comp="124" pin="4"/><net_sink comp="185" pin=0"/></net>

<net id="193"><net_src comp="124" pin="4"/><net_sink comp="189" pin=0"/></net>

<net id="194"><net_src comp="14" pin="0"/><net_sink comp="189" pin=1"/></net>

<net id="199"><net_src comp="32" pin="0"/><net_sink comp="195" pin=0"/></net>

<net id="200"><net_src comp="124" pin="4"/><net_sink comp="195" pin=1"/></net>

<net id="204"><net_src comp="108" pin="1"/><net_sink comp="201" pin=0"/></net>

<net id="209"><net_src comp="185" pin="1"/><net_sink comp="205" pin=0"/></net>

<net id="210"><net_src comp="201" pin="1"/><net_sink comp="205" pin=1"/></net>

<net id="214"><net_src comp="205" pin="2"/><net_sink comp="211" pin=0"/></net>

<net id="215"><net_src comp="211" pin="1"/><net_sink comp="52" pin=2"/></net>

<net id="216"><net_src comp="211" pin="1"/><net_sink comp="76" pin=2"/></net>

<net id="221"><net_src comp="108" pin="1"/><net_sink comp="217" pin=0"/></net>

<net id="222"><net_src comp="32" pin="0"/><net_sink comp="217" pin=1"/></net>

<net id="229"><net_src comp="38" pin="3"/><net_sink comp="226" pin=0"/></net>

<net id="230"><net_src comp="226" pin="1"/><net_sink comp="100" pin=0"/></net>

<net id="234"><net_src comp="45" pin="3"/><net_sink comp="231" pin=0"/></net>

<net id="235"><net_src comp="231" pin="1"/><net_sink comp="104" pin=0"/></net>

<net id="242"><net_src comp="195" pin="2"/><net_sink comp="239" pin=0"/></net>

<net id="243"><net_src comp="239" pin="1"/><net_sink comp="124" pin=2"/></net>

<net id="247"><net_src comp="52" pin="3"/><net_sink comp="244" pin=0"/></net>

<net id="248"><net_src comp="244" pin="1"/><net_sink comp="59" pin=0"/></net>

<net id="252"><net_src comp="64" pin="3"/><net_sink comp="249" pin=0"/></net>

<net id="253"><net_src comp="249" pin="1"/><net_sink comp="71" pin=0"/></net>

<net id="257"><net_src comp="76" pin="3"/><net_sink comp="254" pin=0"/></net>

<net id="258"><net_src comp="254" pin="1"/><net_sink comp="83" pin=0"/></net>

<net id="262"><net_src comp="88" pin="3"/><net_sink comp="259" pin=0"/></net>

<net id="263"><net_src comp="259" pin="1"/><net_sink comp="95" pin=0"/></net>

<net id="267"><net_src comp="217" pin="2"/><net_sink comp="264" pin=0"/></net>

<net id="268"><net_src comp="264" pin="1"/><net_sink comp="112" pin=2"/></net>

<net id="272"><net_src comp="59" pin="2"/><net_sink comp="269" pin=0"/></net>

<net id="273"><net_src comp="269" pin="1"/><net_sink comp="139" pin=0"/></net>

<net id="274"><net_src comp="269" pin="1"/><net_sink comp="151" pin=0"/></net>

<net id="278"><net_src comp="71" pin="2"/><net_sink comp="275" pin=0"/></net>

<net id="279"><net_src comp="275" pin="1"/><net_sink comp="139" pin=1"/></net>

<net id="280"><net_src comp="275" pin="1"/><net_sink comp="147" pin=1"/></net>

<net id="284"><net_src comp="83" pin="2"/><net_sink comp="281" pin=0"/></net>

<net id="285"><net_src comp="281" pin="1"/><net_sink comp="143" pin=0"/></net>

<net id="286"><net_src comp="281" pin="1"/><net_sink comp="147" pin=0"/></net>

<net id="290"><net_src comp="95" pin="2"/><net_sink comp="287" pin=0"/></net>

<net id="291"><net_src comp="287" pin="1"/><net_sink comp="143" pin=1"/></net>

<net id="292"><net_src comp="287" pin="1"/><net_sink comp="151" pin=1"/></net>

<net id="296"><net_src comp="139" pin="2"/><net_sink comp="293" pin=0"/></net>

<net id="297"><net_src comp="293" pin="1"/><net_sink comp="131" pin=0"/></net>

<net id="301"><net_src comp="143" pin="2"/><net_sink comp="298" pin=0"/></net>

<net id="302"><net_src comp="298" pin="1"/><net_sink comp="131" pin=1"/></net>

<net id="306"><net_src comp="147" pin="2"/><net_sink comp="303" pin=0"/></net>

<net id="307"><net_src comp="303" pin="1"/><net_sink comp="135" pin=0"/></net>

<net id="311"><net_src comp="151" pin="2"/><net_sink comp="308" pin=0"/></net>

<net id="312"><net_src comp="308" pin="1"/><net_sink comp="135" pin=1"/></net>

<net id="316"><net_src comp="100" pin="2"/><net_sink comp="313" pin=0"/></net>

<net id="317"><net_src comp="313" pin="1"/><net_sink comp="131" pin=0"/></net>

<net id="321"><net_src comp="104" pin="2"/><net_sink comp="318" pin=0"/></net>

<net id="322"><net_src comp="318" pin="1"/><net_sink comp="135" pin=0"/></net>

</net_list>

</model> 
---------------- Datapath Model END ------------------

* FSMD analyzer results:
  - Output states:
	Port: dft_real | {19 }
	Port: dft_imag | {19 }
	Port: cos_coefficients_tab | {}
	Port: sin_coefficients_tab | {}
 - Input state : 
	Port: dft2 : real_sample | {3 4 }
	Port: dft2 : imag_sample | {3 4 }
	Port: dft2 : dft_real | {12 13 }
	Port: dft2 : dft_imag | {12 13 }
	Port: dft2 : cos_coefficients_tab | {3 4 }
	Port: dft2 : sin_coefficients_tab | {3 4 }
  - Chain level:
	State 1
	State 2
		n_cast1 : 1
		exitcond1 : 1
		StgValue_25 : 2
		dft_real_addr : 2
		dft_imag_addr : 2
	State 3
		w_cast1 : 1
		tmp : 1
		exitcond : 1
		w_2 : 1
		StgValue_38 : 2
		ind : 2
		ind_cast : 3
		cos_coefficients_tab : 4
		cos_coefficients_tab_2 : 5
		real_sample_addr : 2
		real_sample_load : 3
		sin_coefficients_tab : 4
		sin_coefficients_tab_2 : 5
		imag_sample_addr : 2
		imag_sample_load : 3
	State 4
	State 5
	State 6
	State 7
	State 8
	State 9
	State 10
	State 11
	State 12
	State 13
	State 14
	State 15
	State 16
	State 17
	State 18
	State 19


============================================================
+ Verbose Summary: Datapath Resource usage 
============================================================

* Functional unit list:
|----------|------------------|---------|---------|---------|
| Operation|  Functional Unit |  DSP48E |    FF   |   LUT   |
|----------|------------------|---------|---------|---------|
|          |    grp_fu_139    |    3    |   143   |   321   |
|   fmul   |    grp_fu_143    |    3    |   143   |   321   |
|          |    grp_fu_147    |    3    |   143   |   321   |
|          |    grp_fu_151    |    3    |   143   |   321   |
|----------|------------------|---------|---------|---------|
|   fadd   |    grp_fu_131    |    2    |   205   |   390   |
|          |    grp_fu_135    |    2    |   205   |   390   |
|----------|------------------|---------|---------|---------|
|    mul   |    ind_fu_205    |    0    |    0    |    41   |
|----------|------------------|---------|---------|---------|
|    add   |    w_2_fu_195    |    0    |    0    |    16   |
|          |    n_1_fu_217    |    0    |    0    |    16   |
|----------|------------------|---------|---------|---------|
|   icmp   | exitcond1_fu_173 |    0    |    0    |    13   |
|          |  exitcond_fu_189 |    0    |    0    |    13   |
|----------|------------------|---------|---------|---------|
|          |  n_cast1_fu_167  |    0    |    0    |    0    |
|   zext   |  w_cast1_fu_179  |    0    |    0    |    0    |
|          |  ind_cast_fu_211 |    0    |    0    |    0    |
|----------|------------------|---------|---------|---------|
|   trunc  |    tmp_fu_185    |    0    |    0    |    0    |
|          |   tmp_10_fu_201  |    0    |    0    |    0    |
|----------|------------------|---------|---------|---------|
|   Total  |                  |    16   |   982   |   2163  |
|----------|------------------|---------|---------|---------|

Memories:
N/A

* Register list:
+------------------------------+--------+
|                              |   FF   |
+------------------------------+--------+
|cos_coefficients_tab_2_reg_269|   32   |
| cos_coefficients_tab_reg_244 |    8   |
|     dft_imag_addr_reg_231    |    8   |
|     dft_imag_load_reg_318    |   32   |
|     dft_real_addr_reg_226    |    8   |
|     dft_real_load_reg_313    |   32   |
|   imag_sample_addr_reg_259   |    8   |
|   imag_sample_load_reg_287   |   32   |
|          n_1_reg_264         |    9   |
|           n_reg_108          |    9   |
|   real_sample_addr_reg_249   |    8   |
|   real_sample_load_reg_275   |   32   |
|            reg_155           |   32   |
|            reg_161           |   32   |
|sin_coefficients_tab_2_reg_281|   32   |
| sin_coefficients_tab_reg_254 |    8   |
|         tmp_2_reg_293        |   32   |
|         tmp_3_reg_298        |   32   |
|         tmp_6_reg_303        |   32   |
|         tmp_7_reg_308        |   32   |
|          w_2_reg_239         |    9   |
|           w_reg_120          |    9   |
+------------------------------+--------+
|             Total            |   468  |
+------------------------------+--------+

* Multiplexer (MUX) list: 
|------------------|------|------|------|--------||---------||---------|
|       Comp       |  Pin | Size |  BW  | S x BW ||  Delay  ||   LUT   |
|------------------|------|------|------|--------||---------||---------|
| grp_access_fu_59 |  p0  |   2  |   8  |   16   ||    9    |
| grp_access_fu_71 |  p0  |   2  |   8  |   16   ||    9    |
| grp_access_fu_83 |  p0  |   2  |   8  |   16   ||    9    |
| grp_access_fu_95 |  p0  |   2  |   8  |   16   ||    9    |
|     n_reg_108    |  p0  |   2  |   9  |   18   ||    9    |
|    grp_fu_131    |  p0  |   2  |  32  |   64   ||    9    |
|    grp_fu_131    |  p1  |   2  |  32  |   64   ||    9    |
|    grp_fu_135    |  p0  |   2  |  32  |   64   ||    9    |
|    grp_fu_135    |  p1  |   2  |  32  |   64   ||    9    |
|------------------|------|------|------|--------||---------||---------|
|       Total      |      |      |      |   338  ||  15.921 ||    81   |
|------------------|------|------|------|--------||---------||---------|



* Summary:
+-----------+--------+--------+--------+--------+
|           | DSP48E |  Delay |   FF   |   LUT  |
+-----------+--------+--------+--------+--------+
|  Function |   16   |    -   |   982  |  2163  |
|   Memory  |    -   |    -   |    -   |    -   |
|Multiplexer|    -   |   15   |    -   |   81   |
|  Register |    -   |    -   |   468  |    -   |
+-----------+--------+--------+--------+--------+
|   Total   |   16   |   15   |  1450  |  2244  |
+-----------+--------+--------+--------+--------+
